INFO     planner time limit: 60s
INFO     planner memory limit: 3584 MB

INFO     Running translator.
INFO     translator stdin: None
INFO     translator time limit: 59s
INFO     translator memory limit: 3584 MB
INFO     translator command line string: /home/valdrin/downward/downward/experiments/hw-vs-nw/.venv/bin/python3 /home/valdrin/downward/downward/experiments/hw-vs-nw/data/hwvsnw/code-f1fe84fbb6ea45aba7ff1dfbb1d43a6b08ee9367_e5e41175/builds/release/bin/translate/translate.py domain.pddl problem.pddl --sas-file output.sas
Parsing...
Parsing: [0.010s CPU, 0.007s wall-clock]
Normalizing task... [0.000s CPU, 0.000s wall-clock]
Instantiating...
Generating Datalog program... [0.000s CPU, 0.000s wall-clock]
Normalizing Datalog program...
Normalizing Datalog program: [0.000s CPU, 0.013s wall-clock]
Preparing model... [0.000s CPU, 0.000s wall-clock]
Generated 21 rules.
Computing model... [0.000s CPU, 0.001s wall-clock]
78 relevant atoms
52 auxiliary atoms
130 final queue length
206 total queue pushes
Completing instantiation... [0.000s CPU, 0.001s wall-clock]
Instantiating: [0.000s CPU, 0.016s wall-clock]
Computing fact groups...
Finding invariants...
10 initial candidates
Finding invariants: [0.010s CPU, 0.004s wall-clock]
Checking invariant weight... [0.000s CPU, 0.000s wall-clock]
Instantiating groups... [0.000s CPU, 0.000s wall-clock]
Collecting mutex groups... [0.000s CPU, 0.000s wall-clock]
Choosing groups...
5 uncovered facts
Choosing groups: [0.000s CPU, 0.000s wall-clock]
Building translation key... [0.000s CPU, 0.000s wall-clock]
Computing fact groups: [0.010s CPU, 0.008s wall-clock]
Building STRIPS to SAS dictionary... [0.000s CPU, 0.001s wall-clock]
Building dictionary for full mutex groups... [0.000s CPU, 0.000s wall-clock]
Building mutex information...
Building mutex information: [0.000s CPU, 0.000s wall-clock]
Translating task...
Processing axioms...
Simplifying axioms... [0.000s CPU, 0.000s wall-clock]
Translator axioms removed by simplifying: 0
Processing axioms: [0.000s CPU, 0.000s wall-clock]
Translating task: [0.010s CPU, 0.004s wall-clock]
44 effect conditions simplified
0 implied preconditions added
Detecting unreachable propositions...
0 operators removed
0 axioms removed
8 propositions removed
Detecting unreachable propositions: [0.000s CPU, 0.001s wall-clock]
Reordering and filtering variables...
9 of 9 variables necessary.
5 of 9 mutex groups necessary.
32 of 32 operators necessary.
0 of 0 axiom rules necessary.
Reordering and filtering variables: [0.000s CPU, 0.001s wall-clock]
Translator variables: 9
Translator derived variables: 0
Translator facts: 30
Translator goal facts: 3
Translator mutex groups: 5
Translator total mutex groups size: 25
Translator operators: 32
Translator axioms: 0
Translator task size: 295
Translator peak memory: 34916 KB
Writing output... [0.000s CPU, 0.000s wall-clock]
Done! [0.030s CPU, 0.039s wall-clock]
translate exit code: 0

INFO     Running search (release).
INFO     search stdin: output.sas
INFO     search time limit: 59s
INFO     search memory limit: 3584 MB
INFO     search command line string: /home/valdrin/downward/downward/experiments/hw-vs-nw/data/hwvsnw/code-f1fe84fbb6ea45aba7ff1dfbb1d43a6b08ee9367_e5e41175/builds/release/bin/downward --search 'framework(open=single(eval=blind()), Widthtype=3, width_k=1)' --internal-plan-file sas_plan < output.sas
[t=0.001901s, 9812 KB] reading input...
[t=0.002389s, 9812 KB] done reading input!
[t=0.006573s, 10068 KB] Initializing blind search heuristic...
[t=0.006758s, 10068 KB] Building successor generator...done!
[t=0.006758s, 10068 KB] peak memory difference for successor generator creation: 0 KB
[t=0.006758s, 10068 KB] time for successor generation creation: 0.000000s
[t=0.006758s, 10068 KB] Variables: 9
[t=0.006758s, 10068 KB] FactPairs: 30
[t=0.006758s, 10068 KB] Bytes per state: 4
[t=0.006758s, 10068 KB] Conducting width-based search without reopening closed nodes, (real) bound = 2147483647
[t=0.006758s, 10068 KB] Initial heuristic value for blind: 1
[t=0.006758s, 10068 KB] [GEN] 010001444 (parent: 400000444)
[t=0.006758s, 10068 KB] [GEN] 401001044 (parent: 400000444)
[t=0.006758s, 10068 KB] [GEN] 400101404 (parent: 400000444)
[t=0.006758s, 10068 KB] [GEN] 400011440 (parent: 400000444)
[t=0.006758s, 10068 KB] [GEN] 400000444 (parent: 010001444)
[t=0.006758s, 10068 KB] [GEN] 101000444 (parent: 010001444)
[t=0.006758s, 10068 KB] [GEN] 200100444 (parent: 010001444)
[t=0.006758s, 10068 KB] [GEN] 300010444 (parent: 010001444)
[t=0.006758s, 10068 KB] [GEN] 410000144 (parent: 401001044)
[t=0.006758s, 10068 KB] [GEN] 400100244 (parent: 401001044)
[t=0.006758s, 10068 KB] [GEN] 400010344 (parent: 401001044)
[t=0.006758s, 10068 KB] [GEN] 400000444 (parent: 401001044)
[t=0.006758s, 10068 KB] [GEN] 410000414 (parent: 400101404)
[t=0.007034s, 10068 KB] [GEN] 401000424 (parent: 400101404)
[t=0.007034s, 10068 KB] [GEN] 400010434 (parent: 400101404)
[t=0.007034s, 10068 KB] [GEN] 400000444 (parent: 400101404)
[t=0.007034s, 10068 KB] [GEN] 410000441 (parent: 400011440)
[t=0.007034s, 10068 KB] [GEN] 401000442 (parent: 400011440)
[t=0.007034s, 10068 KB] [GEN] 400100443 (parent: 400011440)
[t=0.007034s, 10068 KB] [GEN] 400000444 (parent: 400011440)
[t=0.007034s, 10068 KB] [GEN] 010001444 (parent: 400000444)
[t=0.007034s, 10068 KB] [GEN] 401001044 (parent: 400000444)
[t=0.007114s, 10068 KB] [GEN] 400101404 (parent: 400000444)
[t=0.007114s, 10068 KB] [GEN] 400011440 (parent: 400000444)
[t=0.007114s, 10068 KB] [GEN] 010001444 (parent: 101000444)
[t=0.007114s, 10068 KB] [GEN] 101101404 (parent: 101000444)
[t=0.007114s, 10068 KB] [GEN] 101011440 (parent: 101000444)
[t=0.007114s, 10068 KB] [GEN] 010001444 (parent: 200100444)
[t=0.007114s, 10068 KB] [GEN] 201101044 (parent: 200100444)
[t=0.007114s, 10068 KB] [GEN] 200111440 (parent: 200100444)
[t=0.007114s, 10068 KB] [GEN] 010001444 (parent: 300010444)
[t=0.007237s, 10068 KB] [GEN] 301011044 (parent: 300010444)
[t=0.007237s, 10068 KB] [GEN] 300111404 (parent: 300010444)
[t=0.007237s, 10068 KB] [GEN] 401001044 (parent: 410000144)
[t=0.007237s, 10068 KB] [GEN] 410101104 (parent: 410000144)
[t=0.007237s, 10068 KB] [GEN] 410011140 (parent: 410000144)
[t=0.007237s, 10068 KB] [GEN] 401001044 (parent: 410000144)
[t=0.007237s, 10068 KB] [GEN] 410101104 (parent: 410000144)
[t=0.007237s, 10068 KB] [GEN] 410011140 (parent: 410000144)
[t=0.007237s, 10068 KB] [GEN] 010101244 (parent: 400100244)
[t=0.007237s, 10068 KB] [GEN] 401001044 (parent: 400100244)
[t=0.007237s, 10068 KB] [GEN] 400111240 (parent: 400100244)
[t=0.007237s, 10068 KB] [GEN] 010011344 (parent: 400010344)
[t=0.007237s, 10068 KB] [GEN] 401001044 (parent: 400010344)
[t=0.007237s, 10068 KB] [GEN] 400111304 (parent: 400010344)
[t=0.007237s, 10068 KB] [GEN] 010001444 (parent: 400000444)
[t=0.007237s, 10068 KB] [GEN] 401001044 (parent: 400000444)
[t=0.007237s, 10068 KB] [GEN] 400101404 (parent: 400000444)
[t=0.007237s, 10068 KB] [GEN] 400011440 (parent: 400000444)
[t=0.007420s, 10068 KB] [GEN] 411001014 (parent: 410000414)
[t=0.007420s, 10068 KB] [GEN] 400101404 (parent: 410000414)
[t=0.007420s, 10068 KB] [GEN] 410011410 (parent: 410000414)
[t=0.007420s, 10068 KB] [GEN] 011001424 (parent: 401000424)
[t=0.007420s, 10068 KB] [GEN] 400101404 (parent: 401000424)
[t=0.007420s, 10068 KB] [GEN] 401011420 (parent: 401000424)
[t=0.007420s, 10068 KB] [GEN] 010011434 (parent: 400010434)
[t=0.007420s, 10068 KB] [GEN] 401011034 (parent: 400010434)
[t=0.007420s, 10068 KB] [GEN] 400101404 (parent: 400010434)
[t=0.007420s, 10068 KB] [GEN] 010001444 (parent: 400000444)
[t=0.007420s, 10068 KB] [GEN] 401001044 (parent: 400000444)
[t=0.007420s, 10068 KB] [GEN] 400101404 (parent: 400000444)
[t=0.007420s, 10068 KB] [GEN] 400011440 (parent: 400000444)
[t=0.007420s, 10068 KB] [GEN] 411001041 (parent: 410000441)
[t=0.007420s, 10068 KB] [GEN] 410101401 (parent: 410000441)
[t=0.007420s, 10068 KB] [GEN] 400011440 (parent: 410000441)
[t=0.007420s, 10068 KB] [GEN] 011001442 (parent: 401000442)
[t=0.007420s, 10068 KB] [GEN] 401101402 (parent: 401000442)
[t=0.007609s, 10068 KB] [GEN] 400011440 (parent: 401000442)
[t=0.007617s, 10068 KB] [GEN] 010101443 (parent: 400100443)
[t=0.007628s, 10068 KB] [GEN] 401101043 (parent: 400100443)
[t=0.007628s, 10068 KB] [GEN] 400011440 (parent: 400100443)
[t=0.007628s, 10068 KB] [GEN] 010001444 (parent: 400000444)
[t=0.007628s, 10068 KB] [GEN] 401001044 (parent: 400000444)
[t=0.007628s, 10068 KB] [GEN] 400101404 (parent: 400000444)
[t=0.007628s, 10068 KB] [GEN] 400011440 (parent: 400000444)
[t=0.007628s, 10068 KB] [GEN] 400000444 (parent: 010001444)
[t=0.007628s, 10068 KB] [GEN] 101000444 (parent: 010001444)
[t=0.007628s, 10068 KB] [GEN] 200100444 (parent: 010001444)
[t=0.007628s, 10068 KB] [GEN] 300010444 (parent: 010001444)
[t=0.007628s, 10068 KB] [GEN] 410000144 (parent: 401001044)
[t=0.007628s, 10068 KB] [GEN] 400100244 (parent: 401001044)
[t=0.007628s, 10068 KB] [GEN] 400010344 (parent: 401001044)
[t=0.007843s, 10068 KB] [GEN] 400000444 (parent: 401001044)
[t=0.007843s, 10068 KB] [GEN] 410000414 (parent: 400101404)
[t=0.007843s, 10068 KB] [GEN] 401000424 (parent: 400101404)
[t=0.007843s, 10068 KB] [GEN] 400010434 (parent: 400101404)
[t=0.007843s, 10068 KB] [GEN] 400000444 (parent: 400101404)
[t=0.007843s, 10068 KB] [GEN] 410000441 (parent: 400011440)
[t=0.007843s, 10068 KB] [GEN] 401000442 (parent: 400011440)
[t=0.007843s, 10068 KB] [GEN] 400100443 (parent: 400011440)
[t=0.007843s, 10068 KB] [GEN] 400000444 (parent: 400011440)
[t=0.007843s, 10068 KB] [GEN] 400000444 (parent: 010001444)
[t=0.007843s, 10068 KB] [GEN] 101000444 (parent: 010001444)
[t=0.007843s, 10068 KB] [GEN] 200100444 (parent: 010001444)
[t=0.007843s, 10068 KB] [GEN] 300010444 (parent: 010001444)
[t=0.008115s, 10068 KB] [GEN] 111000414 (parent: 101101404)
[t=0.008115s, 10068 KB] [GEN] 101010434 (parent: 101101404)
[t=0.008115s, 10068 KB] [GEN] 101000444 (parent: 101101404)
[t=0.008115s, 10068 KB] [GEN] 111000441 (parent: 101011440)
[t=0.008115s, 10068 KB] [GEN] 101100443 (parent: 101011440)
[t=0.008115s, 10068 KB] [GEN] 101000444 (parent: 101011440)
[t=0.008115s, 10068 KB] [GEN] 400000444 (parent: 010001444)
[t=0.008115s, 10068 KB] [GEN] 101000444 (parent: 010001444)
[t=0.008115s, 10068 KB] [GEN] 200100444 (parent: 010001444)
[t=0.008115s, 10068 KB] [GEN] 300010444 (parent: 010001444)
[t=0.008115s, 10068 KB] [GEN] 210100144 (parent: 201101044)
[t=0.008115s, 10068 KB] [GEN] 200110344 (parent: 201101044)
[t=0.008115s, 10068 KB] [GEN] 200100444 (parent: 201101044)
[t=0.008115s, 10068 KB] [GEN] 210100441 (parent: 200111440)
[t=0.008115s, 10068 KB] [GEN] 201100442 (parent: 200111440)
[t=0.008115s, 10068 KB] [GEN] 200100444 (parent: 200111440)
[t=0.008115s, 10068 KB] [GEN] 400000444 (parent: 010001444)
[t=0.008115s, 10068 KB] [GEN] 101000444 (parent: 010001444)
[t=0.008115s, 10068 KB] [GEN] 200100444 (parent: 010001444)
[t=0.008115s, 10068 KB] [GEN] 300010444 (parent: 010001444)
[t=0.008115s, 10068 KB] [GEN] 310010144 (parent: 301011044)
[t=0.008115s, 10068 KB] [GEN] 300110244 (parent: 301011044)
[t=0.008115s, 10068 KB] [GEN] 300010444 (parent: 301011044)
[t=0.008115s, 10068 KB] [GEN] 310010414 (parent: 300111404)
[t=0.008115s, 10068 KB] [GEN] 301010424 (parent: 300111404)
[t=0.008115s, 10068 KB] [GEN] 300010444 (parent: 300111404)
[t=0.008115s, 10068 KB] [GEN] 410000144 (parent: 401001044)
[t=0.008115s, 10068 KB] [GEN] 400100244 (parent: 401001044)
[t=0.008115s, 10068 KB] [GEN] 400010344 (parent: 401001044)
[t=0.008115s, 10068 KB] [GEN] 400000444 (parent: 401001044)
[t=0.008115s, 10068 KB] [GEN] 411000124 (parent: 410101104)
[t=0.008115s, 10068 KB] [GEN] 410010134 (parent: 410101104)
[t=0.008115s, 10068 KB] [GEN] 410000144 (parent: 410101104)
[t=0.008115s, 10068 KB] [GEN] 411000142 (parent: 410011140)
[t=0.008115s, 10068 KB] [GEN] 410100143 (parent: 410011140)
[t=0.008115s, 10068 KB] [GEN] 410000144 (parent: 410011140)
[t=0.008115s, 10068 KB] [GEN] 410000144 (parent: 401001044)
[t=0.008115s, 10068 KB] [GEN] 400100244 (parent: 401001044)
[t=0.008115s, 10068 KB] [GEN] 400010344 (parent: 401001044)
[t=0.008115s, 10068 KB] [GEN] 400000444 (parent: 401001044)
[t=0.008115s, 10068 KB] [GEN] 411000124 (parent: 410101104)
[t=0.008115s, 10068 KB] [GEN] 410010134 (parent: 410101104)
[t=0.008115s, 10068 KB] [GEN] 410000144 (parent: 410101104)
[t=0.008115s, 10068 KB] [GEN] 411000142 (parent: 410011140)
[t=0.008115s, 10068 KB] [GEN] 410100143 (parent: 410011140)
[t=0.008115s, 10068 KB] [GEN] 410000144 (parent: 410011140)
[t=0.008115s, 10068 KB] [GEN] 400100244 (parent: 010101244)
[t=0.008115s, 10068 KB] [GEN] 101100244 (parent: 010101244)
[t=0.008115s, 10068 KB] [GEN] 300110244 (parent: 010101244)
[t=0.008115s, 10068 KB] [GEN] 410000144 (parent: 401001044)
[t=0.008115s, 10068 KB] [GEN] 400100244 (parent: 401001044)
[t=0.008115s, 10068 KB] [GEN] 400010344 (parent: 401001044)
[t=0.008115s, 10068 KB] [GEN] 400000444 (parent: 401001044)
[t=0.008115s, 10068 KB] [GEN] 410100241 (parent: 400111240)
[t=0.008115s, 10068 KB] [GEN] 401100242 (parent: 400111240)
[t=0.008115s, 10068 KB] [GEN] 400100244 (parent: 400111240)
[t=0.008115s, 10068 KB] [GEN] 400010344 (parent: 010011344)
[t=0.008115s, 10068 KB] [GEN] 101010344 (parent: 010011344)
[t=0.008812s, 10068 KB] [GEN] 200110344 (parent: 010011344)
[t=0.008812s, 10068 KB] [GEN] 410000144 (parent: 401001044)
[t=0.008812s, 10068 KB] [GEN] 400100244 (parent: 401001044)
[t=0.008812s, 10068 KB] [GEN] 400010344 (parent: 401001044)
[t=0.008812s, 10068 KB] [GEN] 400000444 (parent: 401001044)
[t=0.008812s, 10068 KB] [GEN] 410010314 (parent: 400111304)
[t=0.008812s, 10068 KB] [GEN] 401010324 (parent: 400111304)
[t=0.008812s, 10068 KB] [GEN] 400010344 (parent: 400111304)
[t=0.008812s, 10068 KB] [GEN] 400000444 (parent: 010001444)
[t=0.008812s, 10068 KB] [GEN] 101000444 (parent: 010001444)
[t=0.008812s, 10068 KB] [GEN] 200100444 (parent: 010001444)
[t=0.008812s, 10068 KB] [GEN] 300010444 (parent: 010001444)
[t=0.009044s, 10068 KB] [GEN] 410000144 (parent: 401001044)
[t=0.009044s, 10068 KB] [GEN] 400100244 (parent: 401001044)
[t=0.009044s, 10068 KB] [GEN] 400010344 (parent: 401001044)
[t=0.009044s, 10068 KB] [GEN] 400000444 (parent: 401001044)
[t=0.009044s, 10068 KB] [GEN] 410000414 (parent: 400101404)
[t=0.009044s, 10068 KB] [GEN] 401000424 (parent: 400101404)
[t=0.009044s, 10068 KB] [GEN] 400010434 (parent: 400101404)
[t=0.009044s, 10068 KB] [GEN] 400000444 (parent: 400101404)
[t=0.009044s, 10068 KB] [GEN] 410000441 (parent: 400011440)
[t=0.009044s, 10068 KB] [GEN] 401000442 (parent: 400011440)
[t=0.009044s, 10068 KB] [GEN] 400100443 (parent: 400011440)
[t=0.009044s, 10068 KB] [GEN] 400000444 (parent: 400011440)
[t=0.009044s, 10068 KB] [GEN] 410100214 (parent: 411001014)
[t=0.009044s, 10068 KB] [GEN] 410010314 (parent: 411001014)
[t=0.009044s, 10068 KB] [GEN] 410000414 (parent: 411001014)
[t=0.009044s, 10068 KB] [GEN] 410000414 (parent: 400101404)
[t=0.009044s, 10068 KB] [GEN] 401000424 (parent: 400101404)
[t=0.009044s, 10068 KB] [GEN] 400010434 (parent: 400101404)
[t=0.009044s, 10068 KB] [GEN] 400000444 (parent: 400101404)
[t=0.009044s, 10068 KB] [GEN] 411000412 (parent: 410011410)
[t=0.009044s, 10068 KB] [GEN] 410100413 (parent: 410011410)
[t=0.009044s, 10068 KB] [GEN] 410000414 (parent: 410011410)
[t=0.009044s, 10068 KB] [GEN] 401000424 (parent: 011001424)
[t=0.009044s, 10068 KB] [GEN] 201100424 (parent: 011001424)
[t=0.009719s, 10068 KB] [GEN] 301010424 (parent: 011001424)
[t=0.009719s, 10068 KB] [GEN] 410000414 (parent: 400101404)
[t=0.009829s, 10068 KB] [GEN] 401000424 (parent: 400101404)
[t=0.009829s, 10068 KB] [GEN] 400010434 (parent: 400101404)
[t=0.009829s, 10068 KB] [GEN] 400000444 (parent: 400101404)
[t=0.009829s, 10068 KB] [GEN] 411000421 (parent: 401011420)
[t=0.009829s, 10068 KB] [GEN] 401100423 (parent: 401011420)
[t=0.009829s, 10068 KB] [GEN] 401000424 (parent: 401011420)
[t=0.009829s, 10068 KB] [GEN] 400010434 (parent: 010011434)
[t=0.009829s, 10068 KB] [GEN] 101010434 (parent: 010011434)
[t=0.009829s, 10068 KB] [GEN] 200110434 (parent: 010011434)
[t=0.009829s, 10068 KB] [GEN] 410010134 (parent: 401011034)
[t=0.009829s, 10068 KB] [GEN] 400110234 (parent: 401011034)
[t=0.009829s, 10068 KB] [GEN] 400010434 (parent: 401011034)
[t=0.009829s, 10068 KB] [GEN] 410000414 (parent: 400101404)
[t=0.009829s, 10068 KB] [GEN] 401000424 (parent: 400101404)
[t=0.009829s, 10068 KB] [GEN] 400010434 (parent: 400101404)
[t=0.010161s, 10068 KB] [GEN] 400000444 (parent: 400101404)
[t=0.010161s, 10068 KB] [GEN] 400000444 (parent: 010001444)
[t=0.010161s, 10068 KB] [GEN] 101000444 (parent: 010001444)
[t=0.010161s, 10068 KB] [GEN] 200100444 (parent: 010001444)
[t=0.010161s, 10068 KB] [GEN] 300010444 (parent: 010001444)
[t=0.010161s, 10068 KB] [GEN] 410000144 (parent: 401001044)
[t=0.010161s, 10068 KB] [GEN] 400100244 (parent: 401001044)
[t=0.010161s, 10068 KB] [GEN] 400010344 (parent: 401001044)
[t=0.010161s, 10068 KB] [GEN] 400000444 (parent: 401001044)
[t=0.010161s, 10068 KB] [GEN] 410000414 (parent: 400101404)
[t=0.010161s, 10068 KB] [GEN] 401000424 (parent: 400101404)
[t=0.010161s, 10068 KB] [GEN] 400010434 (parent: 400101404)
[t=0.010161s, 10068 KB] [GEN] 400000444 (parent: 400101404)
[t=0.010161s, 10068 KB] [GEN] 410000441 (parent: 400011440)
[t=0.010161s, 10068 KB] [GEN] 401000442 (parent: 400011440)
[t=0.010273s, 10068 KB] [GEN] 400100443 (parent: 400011440)
[t=0.010273s, 10068 KB] [GEN] 400000444 (parent: 400011440)
[t=0.010273s, 10068 KB] [GEN] 410100241 (parent: 411001041)
[t=0.010273s, 10068 KB] [GEN] 410010341 (parent: 411001041)
[t=0.010273s, 10068 KB] [GEN] 410000441 (parent: 411001041)
[t=0.010273s, 10068 KB] [GEN] 411000421 (parent: 410101401)
[t=0.010273s, 10068 KB] [GEN] 410010431 (parent: 410101401)
[t=0.010273s, 10068 KB] [GEN] 410000441 (parent: 410101401)
[t=0.010273s, 10068 KB] [GEN] 410000441 (parent: 400011440)
[t=0.010273s, 10068 KB] [GEN] 401000442 (parent: 400011440)
[t=0.010273s, 10068 KB] [GEN] 400100443 (parent: 400011440)
[t=0.010273s, 10068 KB] [GEN] 400000444 (parent: 400011440)
[t=0.010273s, 10068 KB] [GEN] 401000442 (parent: 011001442)
[t=0.010273s, 10068 KB] [GEN] 201100442 (parent: 011001442)
[t=0.010273s, 10068 KB] [GEN] 301010442 (parent: 011001442)
[t=0.010273s, 10068 KB] [GEN] 411000412 (parent: 401101402)
[t=0.010273s, 10068 KB] [GEN] 401010432 (parent: 401101402)
[t=0.010273s, 10068 KB] [GEN] 401000442 (parent: 401101402)
[t=0.010273s, 10068 KB] [GEN] 410000441 (parent: 400011440)
[t=0.010273s, 10068 KB] [GEN] 401000442 (parent: 400011440)
[t=0.010273s, 10068 KB] [GEN] 400100443 (parent: 400011440)
[t=0.010273s, 10068 KB] [GEN] 400000444 (parent: 400011440)
[t=0.010273s, 10068 KB] [GEN] 400100443 (parent: 010101443)
[t=0.010273s, 10068 KB] [GEN] 101100443 (parent: 010101443)
[t=0.010273s, 10068 KB] [GEN] 300110443 (parent: 010101443)
[t=0.010273s, 10068 KB] [GEN] 410100143 (parent: 401101043)
[t=0.010273s, 10068 KB] [GEN] 400110343 (parent: 401101043)
[t=0.010273s, 10068 KB] [GEN] 400100443 (parent: 401101043)
[t=0.010273s, 10068 KB] [GEN] 410000441 (parent: 400011440)
[t=0.010273s, 10068 KB] [GEN] 401000442 (parent: 400011440)
[t=0.011131s, 10068 KB] [GEN] 400100443 (parent: 400011440)
[t=0.011131s, 10068 KB] [GEN] 400000444 (parent: 400011440)
[t=0.012116s, 10068 KB] [GEN] 400000444 (parent: 010001444)
[t=0.012310s, 10068 KB] [GEN] 101000444 (parent: 010001444)
[t=0.012310s, 10068 KB] [GEN] 200100444 (parent: 010001444)
[t=0.012310s, 10068 KB] [GEN] 300010444 (parent: 010001444)
[t=0.012310s, 10068 KB] [GEN] 410000144 (parent: 401001044)
[t=0.012310s, 10068 KB] [GEN] 400100244 (parent: 401001044)
[t=0.012578s, 10068 KB] [GEN] 400010344 (parent: 401001044)
[t=0.012578s, 10068 KB] [GEN] 400000444 (parent: 401001044)
[t=0.012578s, 10068 KB] [GEN] 410000414 (parent: 400101404)
[t=0.012578s, 10068 KB] [GEN] 401000424 (parent: 400101404)
[t=0.012578s, 10068 KB] [GEN] 400010434 (parent: 400101404)
[t=0.012578s, 10068 KB] [GEN] 400000444 (parent: 400101404)
[t=0.012578s, 10068 KB] [GEN] 410000441 (parent: 400011440)
[t=0.016767s, 10068 KB] [GEN] 401000442 (parent: 400011440)
[t=0.016767s, 10068 KB] [GEN] 400100443 (parent: 400011440)
[t=0.016767s, 10068 KB] [GEN] 400000444 (parent: 400011440)
[t=0.016767s, 10068 KB] [GEN] 010001444 (parent: 400000444)
[t=0.016767s, 10068 KB] [GEN] 401001044 (parent: 400000444)
[t=0.016767s, 10068 KB] [GEN] 400101404 (parent: 400000444)
[t=0.016767s, 10068 KB] [GEN] 400011440 (parent: 400000444)
[t=0.016767s, 10068 KB] [GEN] 010001444 (parent: 101000444)
[t=0.016767s, 10068 KB] [GEN] 101101404 (parent: 101000444)
[t=0.016767s, 10068 KB] [GEN] 101011440 (parent: 101000444)
[t=0.016767s, 10068 KB] [GEN] 010001444 (parent: 200100444)
[t=0.016767s, 10068 KB] [GEN] 201101044 (parent: 200100444)
[t=0.016767s, 10068 KB] [GEN] 200111440 (parent: 200100444)
[t=0.016767s, 10068 KB] [GEN] 010001444 (parent: 300010444)
[t=0.016767s, 10068 KB] [GEN] 301011044 (parent: 300010444)
[t=0.016767s, 10068 KB] [GEN] 300111404 (parent: 300010444)
[t=0.016767s, 10068 KB] [GEN] 401001044 (parent: 410000144)
[t=0.016767s, 10068 KB] [GEN] 410101104 (parent: 410000144)
[t=0.016767s, 10068 KB] [GEN] 410011140 (parent: 410000144)
[t=0.016767s, 10068 KB] [GEN] 010101244 (parent: 400100244)
[t=0.016767s, 10068 KB] [GEN] 401001044 (parent: 400100244)
[t=0.016767s, 10068 KB] [GEN] 400111240 (parent: 400100244)
[t=0.016767s, 10068 KB] [GEN] 010011344 (parent: 400010344)
[t=0.016767s, 10068 KB] [GEN] 401001044 (parent: 400010344)
[t=0.016767s, 10068 KB] [GEN] 400111304 (parent: 400010344)
[t=0.016767s, 10068 KB] [GEN] 010001444 (parent: 400000444)
[t=0.016767s, 10068 KB] [GEN] 401001044 (parent: 400000444)
[t=0.016767s, 10068 KB] [GEN] 400101404 (parent: 400000444)
[t=0.016767s, 10068 KB] [GEN] 400011440 (parent: 400000444)
[t=0.016767s, 10068 KB] [GEN] 411001014 (parent: 410000414)
[t=0.016767s, 10068 KB] [GEN] 400101404 (parent: 410000414)
[t=0.016767s, 10068 KB] [GEN] 410011410 (parent: 410000414)
[t=0.016767s, 10068 KB] [GEN] 011001424 (parent: 401000424)
[t=0.016767s, 10068 KB] [GEN] 400101404 (parent: 401000424)
[t=0.016767s, 10068 KB] [GEN] 401011420 (parent: 401000424)
[t=0.016767s, 10068 KB] [GEN] 010011434 (parent: 400010434)
[t=0.016767s, 10068 KB] [GEN] 401011034 (parent: 400010434)
[t=0.016767s, 10068 KB] [GEN] 400101404 (parent: 400010434)
[t=0.016767s, 10068 KB] [GEN] 010001444 (parent: 400000444)
[t=0.016767s, 10068 KB] [GEN] 401001044 (parent: 400000444)
[t=0.016767s, 10068 KB] [GEN] 400101404 (parent: 400000444)
[t=0.016767s, 10068 KB] [GEN] 400011440 (parent: 400000444)
[t=0.016767s, 10068 KB] [GEN] 411001041 (parent: 410000441)
[t=0.016767s, 10068 KB] [GEN] 410101401 (parent: 410000441)
[t=0.016767s, 10068 KB] [GEN] 400011440 (parent: 410000441)
[t=0.016767s, 10068 KB] [GEN] 011001442 (parent: 401000442)
[t=0.016767s, 10068 KB] [GEN] 401101402 (parent: 401000442)
[t=0.016767s, 10068 KB] [GEN] 400011440 (parent: 401000442)
[t=0.016767s, 10068 KB] [GEN] 010101443 (parent: 400100443)
[t=0.016767s, 10068 KB] [GEN] 401101043 (parent: 400100443)
[t=0.016767s, 10068 KB] [GEN] 400011440 (parent: 400100443)
[t=0.016767s, 10068 KB] [GEN] 010001444 (parent: 400000444)
[t=0.016767s, 10068 KB] [GEN] 401001044 (parent: 400000444)
[t=0.016767s, 10068 KB] [GEN] 400101404 (parent: 400000444)
[t=0.016767s, 10068 KB] [GEN] 400011440 (parent: 400000444)
[t=0.016767s, 10068 KB] [GEN] 010001444 (parent: 400000444)
[t=0.016767s, 10068 KB] [GEN] 401001044 (parent: 400000444)
[t=0.016767s, 10068 KB] [GEN] 400101404 (parent: 400000444)
[t=0.016767s, 10068 KB] [GEN] 400011440 (parent: 400000444)
[t=0.016767s, 10068 KB] [GEN] 010001444 (parent: 101000444)
[t=0.016767s, 10068 KB] [GEN] 101101404 (parent: 101000444)
[t=0.016767s, 10068 KB] [GEN] 101011440 (parent: 101000444)
[t=0.016767s, 10068 KB] [GEN] 010001444 (parent: 200100444)
[t=0.016767s, 10068 KB] [GEN] 201101044 (parent: 200100444)
[t=0.016767s, 10068 KB] [GEN] 200111440 (parent: 200100444)
[t=0.016767s, 10068 KB] [GEN] 010001444 (parent: 300010444)
[t=0.016767s, 10068 KB] [GEN] 301011044 (parent: 300010444)
[t=0.016767s, 10068 KB] [GEN] 300111404 (parent: 300010444)
[t=0.016767s, 10068 KB] [GEN] 101101404 (parent: 111000414)
[t=0.016767s, 10068 KB] [GEN] 111011410 (parent: 111000414)
[t=0.016767s, 10068 KB] [GEN] 010011434 (parent: 101010434)
[t=0.016767s, 10068 KB] [GEN] 101101404 (parent: 101010434)
[t=0.016767s, 10068 KB] [GEN] 010001444 (parent: 101000444)
[t=0.016767s, 10068 KB] [GEN] 101101404 (parent: 101000444)
[t=0.016767s, 10068 KB] [GEN] 101011440 (parent: 101000444)
[t=0.016767s, 10068 KB] [GEN] 111101401 (parent: 111000441)
[t=0.017990s, 10068 KB] [GEN] 101011440 (parent: 111000441)
[t=0.017990s, 10068 KB] [GEN] 010101443 (parent: 101100443)
[t=0.017990s, 10068 KB] [GEN] 101011440 (parent: 101100443)
[t=0.017990s, 10068 KB] [GEN] 010001444 (parent: 101000444)
[t=0.017990s, 10068 KB] [GEN] 101101404 (parent: 101000444)
[t=0.017990s, 10068 KB] [GEN] 101011440 (parent: 101000444)
[t=0.017990s, 10068 KB] [GEN] 010001444 (parent: 400000444)
[t=0.017990s, 10068 KB] [GEN] 401001044 (parent: 400000444)
[t=0.017990s, 10068 KB] [GEN] 400101404 (parent: 400000444)
[t=0.017990s, 10068 KB] [GEN] 400011440 (parent: 400000444)
[t=0.017990s, 10068 KB] [GEN] 010001444 (parent: 101000444)
[t=0.017990s, 10068 KB] [GEN] 101101404 (parent: 101000444)
[t=0.017990s, 10068 KB] [GEN] 101011440 (parent: 101000444)
[t=0.017990s, 10068 KB] [GEN] 010001444 (parent: 200100444)
[t=0.017990s, 10068 KB] [GEN] 201101044 (parent: 200100444)
[t=0.017990s, 10068 KB] [GEN] 200111440 (parent: 200100444)
[t=0.017990s, 10068 KB] [GEN] 010001444 (parent: 300010444)
[t=0.017990s, 10068 KB] [GEN] 301011044 (parent: 300010444)
[t=0.017990s, 10068 KB] [GEN] 300111404 (parent: 300010444)
[t=0.017990s, 10068 KB] [GEN] 201101044 (parent: 210100144)
[t=0.017990s, 10068 KB] [GEN] 210111140 (parent: 210100144)
[t=0.017990s, 10068 KB] [GEN] 010011344 (parent: 200110344)
[t=0.017990s, 10068 KB] [GEN] 201101044 (parent: 200110344)
[t=0.017990s, 10068 KB] [GEN] 010001444 (parent: 200100444)
[t=0.017990s, 10068 KB] [GEN] 201101044 (parent: 200100444)
[t=0.017990s, 10068 KB] [GEN] 200111440 (parent: 200100444)
[t=0.017990s, 10068 KB] [GEN] 211101041 (parent: 210100441)
[t=0.017990s, 10068 KB] [GEN] 200111440 (parent: 210100441)
[t=0.017990s, 10068 KB] [GEN] 011001442 (parent: 201100442)
[t=0.017990s, 10068 KB] [GEN] 200111440 (parent: 201100442)
[t=0.017990s, 10068 KB] [GEN] 010001444 (parent: 200100444)
[t=0.017990s, 10068 KB] [GEN] 201101044 (parent: 200100444)
[t=0.017990s, 10068 KB] [GEN] 200111440 (parent: 200100444)
[t=0.017990s, 10068 KB] [GEN] 010001444 (parent: 400000444)
[t=0.017990s, 10068 KB] [GEN] 401001044 (parent: 400000444)
[t=0.017990s, 10068 KB] [GEN] 400101404 (parent: 400000444)
[t=0.017990s, 10068 KB] [GEN] 400011440 (parent: 400000444)
[t=0.018585s, 10068 KB] [GEN] 010001444 (parent: 101000444)
[t=0.018585s, 10068 KB] [GEN] 101101404 (parent: 101000444)
[t=0.018585s, 10068 KB] [GEN] 101011440 (parent: 101000444)
[t=0.018585s, 10068 KB] [GEN] 010001444 (parent: 200100444)
[t=0.018585s, 10068 KB] [GEN] 201101044 (parent: 200100444)
[t=0.018585s, 10068 KB] [GEN] 200111440 (parent: 200100444)
[t=0.018585s, 10068 KB] [GEN] 010001444 (parent: 300010444)
[t=0.018585s, 10068 KB] [GEN] 301011044 (parent: 300010444)
[t=0.018585s, 10068 KB] [GEN] 300111404 (parent: 300010444)
[t=0.018585s, 10068 KB] [GEN] 301011044 (parent: 310010144)
[t=0.018585s, 10068 KB] [GEN] 310111104 (parent: 310010144)
[t=0.018585s, 10068 KB] [GEN] 010101244 (parent: 300110244)
[t=0.018585s, 10068 KB] [GEN] 301011044 (parent: 300110244)
[t=0.018585s, 10068 KB] [GEN] 010001444 (parent: 300010444)
[t=0.018585s, 10068 KB] [GEN] 301011044 (parent: 300010444)
[t=0.018585s, 10068 KB] [GEN] 300111404 (parent: 300010444)
[t=0.018794s, 10068 KB] [GEN] 311011014 (parent: 310010414)
[t=0.018794s, 10068 KB] [GEN] 300111404 (parent: 310010414)
[t=0.018794s, 10068 KB] [GEN] 011001424 (parent: 301010424)
[t=0.018794s, 10068 KB] [GEN] 300111404 (parent: 301010424)
[t=0.018794s, 10068 KB] [GEN] 010001444 (parent: 300010444)
[t=0.018794s, 10068 KB] [GEN] 301011044 (parent: 300010444)
[t=0.018794s, 10068 KB] [GEN] 300111404 (parent: 300010444)
[t=0.018794s, 10068 KB] [GEN] 401001044 (parent: 410000144)
[t=0.018794s, 10068 KB] [GEN] 410101104 (parent: 410000144)
[t=0.018794s, 10068 KB] [GEN] 410011140 (parent: 410000144)
[t=0.018794s, 10068 KB] [GEN] 010101244 (parent: 400100244)
[t=0.018794s, 10068 KB] [GEN] 401001044 (parent: 400100244)
[t=0.018794s, 10068 KB] [GEN] 400111240 (parent: 400100244)
[t=0.018794s, 10068 KB] [GEN] 010011344 (parent: 400010344)
[t=0.018794s, 10068 KB] [GEN] 401001044 (parent: 400010344)
[t=0.018794s, 10068 KB] [GEN] 400111304 (parent: 400010344)
[t=0.018794s, 10068 KB] [GEN] 010001444 (parent: 400000444)
[t=0.018794s, 10068 KB] [GEN] 401001044 (parent: 400000444)
[t=0.018794s, 10068 KB] [GEN] 400101404 (parent: 400000444)
[t=0.018794s, 10068 KB] [GEN] 400011440 (parent: 400000444)
[t=0.018794s, 10068 KB] [GEN] 410101104 (parent: 411000124)
[t=0.018794s, 10068 KB] [GEN] 411011120 (parent: 411000124)
[t=0.018794s, 10068 KB] [GEN] 410101104 (parent: 411000124)
[t=0.018794s, 10068 KB] [GEN] 411011120 (parent: 411000124)
[t=0.018794s, 10068 KB] [GEN] 401011034 (parent: 410010134)
[t=0.018794s, 10068 KB] [GEN] 410101104 (parent: 410010134)
[t=0.018794s, 10068 KB] [GEN] 401001044 (parent: 410000144)
[t=0.018794s, 10068 KB] [GEN] 410101104 (parent: 410000144)
[t=0.018794s, 10068 KB] [GEN] 410011140 (parent: 410000144)
[t=0.018794s, 10068 KB] [GEN] 411101102 (parent: 411000142)
[t=0.018794s, 10068 KB] [GEN] 410011140 (parent: 411000142)
[t=0.018794s, 10068 KB] [GEN] 401101043 (parent: 410100143)
[t=0.018794s, 10068 KB] [GEN] 410011140 (parent: 410100143)
[t=0.018794s, 10068 KB] [GEN] 401001044 (parent: 410000144)
[t=0.018794s, 10068 KB] [GEN] 410101104 (parent: 410000144)
[t=0.018794s, 10068 KB] [GEN] 410011140 (parent: 410000144)
[t=0.018794s, 10068 KB] [GEN] 401001044 (parent: 410000144)
[t=0.018794s, 10068 KB] [GEN] 410101104 (parent: 410000144)
[t=0.018794s, 10068 KB] [GEN] 410011140 (parent: 410000144)
[t=0.018794s, 10068 KB] [GEN] 010101244 (parent: 400100244)
[t=0.018794s, 10068 KB] [GEN] 401001044 (parent: 400100244)
[t=0.018794s, 10068 KB] [GEN] 400111240 (parent: 400100244)
[t=0.018794s, 10068 KB] [GEN] 010011344 (parent: 400010344)
[t=0.018794s, 10068 KB] [GEN] 401001044 (parent: 400010344)
[t=0.018794s, 10068 KB] [GEN] 400111304 (parent: 400010344)
[t=0.018794s, 10068 KB] [GEN] 010001444 (parent: 400000444)
[t=0.018794s, 10068 KB] [GEN] 401001044 (parent: 400000444)
[t=0.018794s, 10068 KB] [GEN] 400101404 (parent: 400000444)
[t=0.018794s, 10068 KB] [GEN] 400011440 (parent: 400000444)
[t=0.018794s, 10068 KB] [GEN] 410101104 (parent: 411000124)
[t=0.018794s, 10068 KB] [GEN] 411011120 (parent: 411000124)
[t=0.018794s, 10068 KB] [GEN] 401011034 (parent: 410010134)
[t=0.018794s, 10068 KB] [GEN] 410101104 (parent: 410010134)
[t=0.018794s, 10068 KB] [GEN] 401001044 (parent: 410000144)
[t=0.018794s, 10068 KB] [GEN] 410101104 (parent: 410000144)
[t=0.018794s, 10068 KB] [GEN] 410011140 (parent: 410000144)
[t=0.018794s, 10068 KB] [GEN] 411101102 (parent: 411000142)
[t=0.018794s, 10068 KB] [GEN] 410011140 (parent: 411000142)
[t=0.018794s, 10068 KB] [GEN] 401101043 (parent: 410100143)
[t=0.018794s, 10068 KB] [GEN] 410011140 (parent: 410100143)
[t=0.018794s, 10068 KB] [GEN] 401001044 (parent: 410000144)
[t=0.018794s, 10068 KB] [GEN] 410101104 (parent: 410000144)
[t=0.018794s, 10068 KB] [GEN] 410011140 (parent: 410000144)
[t=0.019892s, 10068 KB] [GEN] 010101244 (parent: 400100244)
[t=0.019915s, 10068 KB] [GEN] 401001044 (parent: 400100244)
[t=0.019934s, 10068 KB] [GEN] 400111240 (parent: 400100244)
[t=0.019934s, 10068 KB] [GEN] 010101244 (parent: 101100244)
[t=0.019934s, 10068 KB] [GEN] 101111240 (parent: 101100244)
[t=0.019934s, 10068 KB] [GEN] 010101244 (parent: 300110244)
[t=0.019934s, 10068 KB] [GEN] 301011044 (parent: 300110244)
[t=0.019934s, 10068 KB] [GEN] 401001044 (parent: 410000144)
[t=0.019934s, 10068 KB] [GEN] 410101104 (parent: 410000144)
[t=0.019934s, 10068 KB] [GEN] 410011140 (parent: 410000144)
[t=0.019934s, 10068 KB] [GEN] 010101244 (parent: 400100244)
[t=0.019934s, 10068 KB] [GEN] 401001044 (parent: 400100244)
[t=0.019934s, 10068 KB] [GEN] 400111240 (parent: 400100244)
[t=0.019934s, 10068 KB] [GEN] 010011344 (parent: 400010344)
[t=0.019934s, 10068 KB] [GEN] 401001044 (parent: 400010344)
[t=0.019934s, 10068 KB] [GEN] 400111304 (parent: 400010344)
[t=0.019934s, 10068 KB] [GEN] 010001444 (parent: 400000444)
[t=0.019934s, 10068 KB] [GEN] 401001044 (parent: 400000444)
[t=0.019934s, 10068 KB] [GEN] 400101404 (parent: 400000444)
[t=0.019934s, 10068 KB] [GEN] 400011440 (parent: 400000444)
[t=0.019934s, 10068 KB] [GEN] 411001041 (parent: 410100241)
[t=0.019934s, 10068 KB] [GEN] 400111240 (parent: 410100241)
[t=0.019934s, 10068 KB] [GEN] 011101242 (parent: 401100242)
[t=0.019934s, 10068 KB] [GEN] 400111240 (parent: 401100242)
[t=0.019934s, 10068 KB] [GEN] 010101244 (parent: 400100244)
[t=0.019934s, 10068 KB] [GEN] 401001044 (parent: 400100244)
[t=0.019934s, 10068 KB] [GEN] 400111240 (parent: 400100244)
[t=0.019934s, 10068 KB] [GEN] 010011344 (parent: 400010344)
[t=0.019934s, 10068 KB] [GEN] 401001044 (parent: 400010344)
[t=0.019934s, 10068 KB] [GEN] 400111304 (parent: 400010344)
[t=0.019934s, 10068 KB] [GEN] 010011344 (parent: 101010344)
[t=0.019934s, 10068 KB] [GEN] 101111304 (parent: 101010344)
[t=0.019934s, 10068 KB] [GEN] 010011344 (parent: 200110344)
[t=0.019934s, 10068 KB] [GEN] 201101044 (parent: 200110344)
[t=0.019934s, 10068 KB] [GEN] 401001044 (parent: 410000144)
[t=0.019934s, 10068 KB] [GEN] 410101104 (parent: 410000144)
[t=0.019934s, 10068 KB] [GEN] 410011140 (parent: 410000144)
[t=0.019934s, 10068 KB] [GEN] 010101244 (parent: 400100244)
[t=0.019934s, 10068 KB] [GEN] 401001044 (parent: 400100244)
[t=0.019934s, 10068 KB] [GEN] 400111240 (parent: 400100244)
[t=0.019934s, 10068 KB] [GEN] 010011344 (parent: 400010344)
[t=0.019934s, 10068 KB] [GEN] 401001044 (parent: 400010344)
[t=0.020765s, 10068 KB] [GEN] 400111304 (parent: 400010344)
[t=0.020765s, 10068 KB] [GEN] 010001444 (parent: 400000444)
[t=0.020765s, 10068 KB] [GEN] 401001044 (parent: 400000444)
[t=0.020765s, 10068 KB] [GEN] 400101404 (parent: 400000444)
[t=0.020765s, 10068 KB] [GEN] 400011440 (parent: 400000444)
[t=0.020765s, 10068 KB] [GEN] 411001014 (parent: 410010314)
[t=0.020765s, 10068 KB] [GEN] 400111304 (parent: 410010314)
[t=0.020765s, 10068 KB] [GEN] 011011324 (parent: 401010324)
[t=0.020765s, 10068 KB] [GEN] 400111304 (parent: 401010324)
[t=0.020765s, 10068 KB] [GEN] 010011344 (parent: 400010344)
[t=0.020765s, 10068 KB] [GEN] 401001044 (parent: 400010344)
[t=0.020765s, 10068 KB] [GEN] 400111304 (parent: 400010344)
[t=0.020765s, 10068 KB] [GEN] 010001444 (parent: 400000444)
[t=0.020765s, 10068 KB] [GEN] 401001044 (parent: 400000444)
[t=0.020765s, 10068 KB] [GEN] 400101404 (parent: 400000444)
[t=0.020765s, 10068 KB] [GEN] 400011440 (parent: 400000444)
[t=0.020765s, 10068 KB] [GEN] 010001444 (parent: 101000444)
[t=0.020765s, 10068 KB] [GEN] 101101404 (parent: 101000444)
[t=0.020765s, 10068 KB] [GEN] 101011440 (parent: 101000444)
[t=0.020765s, 10068 KB] [GEN] 010001444 (parent: 200100444)
[t=0.020765s, 10068 KB] [GEN] 201101044 (parent: 200100444)
[t=0.020765s, 10068 KB] [GEN] 200111440 (parent: 200100444)
[t=0.020765s, 10068 KB] [GEN] 010001444 (parent: 300010444)
[t=0.020765s, 10068 KB] [GEN] 301011044 (parent: 300010444)
[t=0.020765s, 10068 KB] [GEN] 300111404 (parent: 300010444)
[t=0.020765s, 10068 KB] [GEN] 401001044 (parent: 410000144)
[t=0.020765s, 10068 KB] [GEN] 410101104 (parent: 410000144)
[t=0.020765s, 10068 KB] [GEN] 410011140 (parent: 410000144)
[t=0.020765s, 10068 KB] [GEN] 010101244 (parent: 400100244)
[t=0.020765s, 10068 KB] [GEN] 401001044 (parent: 400100244)
[t=0.020765s, 10068 KB] [GEN] 400111240 (parent: 400100244)
[t=0.020765s, 10068 KB] [GEN] 010011344 (parent: 400010344)
[t=0.020765s, 10068 KB] [GEN] 401001044 (parent: 400010344)
[t=0.020765s, 10068 KB] [GEN] 400111304 (parent: 400010344)
[t=0.020765s, 10068 KB] [GEN] 010001444 (parent: 400000444)
[t=0.020765s, 10068 KB] [GEN] 401001044 (parent: 400000444)
[t=0.020765s, 10068 KB] [GEN] 400101404 (parent: 400000444)
[t=0.020765s, 10068 KB] [GEN] 400011440 (parent: 400000444)
[t=0.020765s, 10068 KB] [GEN] 411001014 (parent: 410000414)
[t=0.020765s, 10068 KB] [GEN] 400101404 (parent: 410000414)
[t=0.020765s, 10068 KB] [GEN] 410011410 (parent: 410000414)
[t=0.020765s, 10068 KB] [GEN] 011001424 (parent: 401000424)
[t=0.020765s, 10068 KB] [GEN] 400101404 (parent: 401000424)
[t=0.020765s, 10068 KB] [GEN] 401011420 (parent: 401000424)
[t=0.020765s, 10068 KB] [GEN] 010011434 (parent: 400010434)
[t=0.020765s, 10068 KB] [GEN] 401011034 (parent: 400010434)
[t=0.020765s, 10068 KB] [GEN] 400101404 (parent: 400010434)
[t=0.020765s, 10068 KB] [GEN] 010001444 (parent: 400000444)
[t=0.020765s, 10068 KB] [GEN] 401001044 (parent: 400000444)
[t=0.021681s, 10068 KB] [GEN] 400101404 (parent: 400000444)
[t=0.021681s, 10068 KB] [GEN] 400011440 (parent: 400000444)
[t=0.021681s, 10068 KB] [GEN] 411001041 (parent: 410000441)
[t=0.021681s, 10068 KB] [GEN] 410101401 (parent: 410000441)
[t=0.021681s, 10068 KB] [GEN] 400011440 (parent: 410000441)
[t=0.021681s, 10068 KB] [GEN] 011001442 (parent: 401000442)
[t=0.021681s, 10068 KB] [GEN] 401101402 (parent: 401000442)
[t=0.021681s, 10068 KB] [GEN] 400011440 (parent: 401000442)
[t=0.021681s, 10068 KB] [GEN] 010101443 (parent: 400100443)
[t=0.021681s, 10068 KB] [GEN] 401101043 (parent: 400100443)
[t=0.021681s, 10068 KB] [GEN] 400011440 (parent: 400100443)
[t=0.021681s, 10068 KB] [GEN] 010001444 (parent: 400000444)
[t=0.021681s, 10068 KB] [GEN] 401001044 (parent: 400000444)
[t=0.021681s, 10068 KB] [GEN] 400101404 (parent: 400000444)
[t=0.021681s, 10068 KB] [GEN] 400011440 (parent: 400000444)
[t=0.021681s, 10068 KB] [GEN] 411001014 (parent: 410100214)
[t=0.021681s, 10068 KB] [GEN] 410111210 (parent: 410100214)
[t=0.021681s, 10068 KB] [GEN] 411001014 (parent: 410010314)
[t=0.021681s, 10068 KB] [GEN] 400111304 (parent: 410010314)
[t=0.021681s, 10068 KB] [GEN] 411001014 (parent: 410000414)
[t=0.021681s, 10068 KB] [GEN] 400101404 (parent: 410000414)
[t=0.021681s, 10068 KB] [GEN] 410011410 (parent: 410000414)
[t=0.021681s, 10068 KB] [GEN] 411001014 (parent: 410000414)
[t=0.021681s, 10068 KB] [GEN] 400101404 (parent: 410000414)
[t=0.021681s, 10068 KB] [GEN] 410011410 (parent: 410000414)
[t=0.021681s, 10068 KB] [GEN] 011001424 (parent: 401000424)
[t=0.021681s, 10068 KB] [GEN] 400101404 (parent: 401000424)
[t=0.021681s, 10068 KB] [GEN] 401011420 (parent: 401000424)
[t=0.021681s, 10068 KB] [GEN] 010011434 (parent: 400010434)
[t=0.021681s, 10068 KB] [GEN] 401011034 (parent: 400010434)
[t=0.021681s, 10068 KB] [GEN] 400101404 (parent: 400010434)
[t=0.021681s, 10068 KB] [GEN] 010001444 (parent: 400000444)
[t=0.022694s, 10068 KB] [GEN] 401001044 (parent: 400000444)
[t=0.022694s, 10068 KB] [GEN] 400101404 (parent: 400000444)
[t=0.022694s, 10068 KB] [GEN] 400011440 (parent: 400000444)
[t=0.022694s, 10068 KB] [GEN] 401101402 (parent: 411000412)
[t=0.022694s, 10068 KB] [GEN] 410011410 (parent: 411000412)
[t=0.022694s, 10068 KB] [GEN] 411101013 (parent: 410100413)
[t=0.022694s, 10068 KB] [GEN] 410011410 (parent: 410100413)
[t=0.022694s, 10068 KB] [GEN] 411001014 (parent: 410000414)
[t=0.022694s, 10068 KB] [GEN] 400101404 (parent: 410000414)
[t=0.022694s, 10068 KB] [GEN] 410011410 (parent: 410000414)
[t=0.022694s, 10068 KB] [GEN] 011001424 (parent: 401000424)
[t=0.022694s, 10068 KB] [GEN] 400101404 (parent: 401000424)
[t=0.022694s, 10068 KB] [GEN] 401011420 (parent: 401000424)
[t=0.022694s, 10068 KB] [GEN] 011001424 (parent: 201100424)
[t=0.022694s, 10068 KB] [GEN] 201111420 (parent: 201100424)
[t=0.022694s, 10068 KB] [GEN] 011001424 (parent: 301010424)
[t=0.022694s, 10068 KB] [GEN] 300111404 (parent: 301010424)
[t=0.022694s, 10068 KB] [GEN] 411001014 (parent: 410000414)
[t=0.022694s, 10068 KB] [GEN] 400101404 (parent: 410000414)
[t=0.022694s, 10068 KB] [GEN] 410011410 (parent: 410000414)
[t=0.022694s, 10068 KB] [GEN] 011001424 (parent: 401000424)
[t=0.022694s, 10068 KB] [GEN] 400101404 (parent: 401000424)
[t=0.022694s, 10068 KB] [GEN] 401011420 (parent: 401000424)
[t=0.022694s, 10068 KB] [GEN] 010011434 (parent: 400010434)
[t=0.022694s, 10068 KB] [GEN] 401011034 (parent: 400010434)
[t=0.022694s, 10068 KB] [GEN] 400101404 (parent: 400010434)
[t=0.022694s, 10068 KB] [GEN] 010001444 (parent: 400000444)
[t=0.022694s, 10068 KB] [GEN] 401001044 (parent: 400000444)
[t=0.022694s, 10068 KB] [GEN] 400101404 (parent: 400000444)
[t=0.022694s, 10068 KB] [GEN] 400011440 (parent: 400000444)
[t=0.022694s, 10068 KB] [GEN] 410101401 (parent: 411000421)
[t=0.022694s, 10068 KB] [GEN] 401011420 (parent: 411000421)
[t=0.022694s, 10068 KB] [GEN] 011101423 (parent: 401100423)
[t=0.022694s, 10068 KB] [GEN] 401011420 (parent: 401100423)
[t=0.022694s, 10068 KB] [GEN] 011001424 (parent: 401000424)
[t=0.022694s, 10068 KB] [GEN] 400101404 (parent: 401000424)
[t=0.022694s, 10068 KB] [GEN] 401011420 (parent: 401000424)
[t=0.022694s, 10068 KB] [GEN] 010011434 (parent: 400010434)
[t=0.022694s, 10068 KB] [GEN] 401011034 (parent: 400010434)
[t=0.022694s, 10068 KB] [GEN] 400101404 (parent: 400010434)
[t=0.022694s, 10068 KB] [GEN] 010011434 (parent: 101010434)
[t=0.022694s, 10068 KB] [GEN] 101101404 (parent: 101010434)
[t=0.022694s, 10068 KB] [GEN] 010011434 (parent: 200110434)
[t=0.022694s, 10068 KB] [GEN] 201111034 (parent: 200110434)
[t=0.022694s, 10068 KB] [GEN] 401011034 (parent: 410010134)
[t=0.022694s, 10068 KB] [GEN] 410101104 (parent: 410010134)
[t=0.022694s, 10068 KB] [GEN] 010111234 (parent: 400110234)
[t=0.022694s, 10068 KB] [GEN] 401011034 (parent: 400110234)
[t=0.023557s, 10068 KB] [GEN] 010011434 (parent: 400010434)
[t=0.023557s, 10068 KB] [GEN] 401011034 (parent: 400010434)
[t=0.023557s, 10068 KB] [GEN] 400101404 (parent: 400010434)
[t=0.023557s, 10068 KB] [GEN] 411001014 (parent: 410000414)
[t=0.023557s, 10068 KB] [GEN] 400101404 (parent: 410000414)
[t=0.023557s, 10068 KB] [GEN] 410011410 (parent: 410000414)
[t=0.023599s, 10068 KB] [GEN] 011001424 (parent: 401000424)
[t=0.023599s, 10068 KB] [GEN] 400101404 (parent: 401000424)
[t=0.023676s, 10068 KB] [GEN] 401011420 (parent: 401000424)
[t=0.023676s, 10068 KB] [GEN] 010011434 (parent: 400010434)
[t=0.023676s, 10068 KB] [GEN] 401011034 (parent: 400010434)
[t=0.023676s, 10068 KB] [GEN] 400101404 (parent: 400010434)
[t=0.023676s, 10068 KB] [GEN] 010001444 (parent: 400000444)
[t=0.023676s, 10068 KB] [GEN] 401001044 (parent: 400000444)
[t=0.023676s, 10068 KB] [GEN] 400101404 (parent: 400000444)
[t=0.023676s, 10068 KB] [GEN] 400011440 (parent: 400000444)
[t=0.023676s, 10068 KB] [GEN] 010001444 (parent: 400000444)
[t=0.023676s, 10068 KB] [GEN] 401001044 (parent: 400000444)
[t=0.023676s, 10068 KB] [GEN] 400101404 (parent: 400000444)
[t=0.023676s, 10068 KB] [GEN] 400011440 (parent: 400000444)
[t=0.023676s, 10068 KB] [GEN] 010001444 (parent: 101000444)
[t=0.023676s, 10068 KB] [GEN] 101101404 (parent: 101000444)
[t=0.023676s, 10068 KB] [GEN] 101011440 (parent: 101000444)
[t=0.023676s, 10068 KB] [GEN] 010001444 (parent: 200100444)
[t=0.023676s, 10068 KB] [GEN] 201101044 (parent: 200100444)
[t=0.023676s, 10068 KB] [GEN] 200111440 (parent: 200100444)
[t=0.023676s, 10068 KB] [GEN] 010001444 (parent: 300010444)
[t=0.023676s, 10068 KB] [GEN] 301011044 (parent: 300010444)
[t=0.023676s, 10068 KB] [GEN] 300111404 (parent: 300010444)
[t=0.023676s, 10068 KB] [GEN] 401001044 (parent: 410000144)
[t=0.023676s, 10068 KB] [GEN] 410101104 (parent: 410000144)
[t=0.023676s, 10068 KB] [GEN] 410011140 (parent: 410000144)
[t=0.023676s, 10068 KB] [GEN] 010101244 (parent: 400100244)
[t=0.023676s, 10068 KB] [GEN] 401001044 (parent: 400100244)
[t=0.023676s, 10068 KB] [GEN] 400111240 (parent: 400100244)
[t=0.023676s, 10068 KB] [GEN] 010011344 (parent: 400010344)
[t=0.023676s, 10068 KB] [GEN] 401001044 (parent: 400010344)
[t=0.023676s, 10068 KB] [GEN] 400111304 (parent: 400010344)
[t=0.023676s, 10068 KB] [GEN] 010001444 (parent: 400000444)
[t=0.023676s, 10068 KB] [GEN] 401001044 (parent: 400000444)
[t=0.023676s, 10068 KB] [GEN] 400101404 (parent: 400000444)
[t=0.023676s, 10068 KB] [GEN] 400011440 (parent: 400000444)
[t=0.023676s, 10068 KB] [GEN] 411001014 (parent: 410000414)
[t=0.023676s, 10068 KB] [GEN] 400101404 (parent: 410000414)
[t=0.023676s, 10068 KB] [GEN] 410011410 (parent: 410000414)
[t=0.023676s, 10068 KB] [GEN] 011001424 (parent: 401000424)
[t=0.023676s, 10068 KB] [GEN] 400101404 (parent: 401000424)
[t=0.023676s, 10068 KB] [GEN] 401011420 (parent: 401000424)
[t=0.023676s, 10068 KB] [GEN] 010011434 (parent: 400010434)
[t=0.023676s, 10068 KB] [GEN] 401011034 (parent: 400010434)
[t=0.023676s, 10068 KB] [GEN] 400101404 (parent: 400010434)
[t=0.023676s, 10068 KB] [GEN] 010001444 (parent: 400000444)
[t=0.023676s, 10068 KB] [GEN] 401001044 (parent: 400000444)
[t=0.023676s, 10068 KB] [GEN] 400101404 (parent: 400000444)
[t=0.023676s, 10068 KB] [GEN] 400011440 (parent: 400000444)
[t=0.023676s, 10068 KB] [GEN] 411001041 (parent: 410000441)
[t=0.023676s, 10068 KB] [GEN] 410101401 (parent: 410000441)
[t=0.023676s, 10068 KB] [GEN] 400011440 (parent: 410000441)
[t=0.023676s, 10068 KB] [GEN] 011001442 (parent: 401000442)
[t=0.023676s, 10068 KB] [GEN] 401101402 (parent: 401000442)
[t=0.023676s, 10068 KB] [GEN] 400011440 (parent: 401000442)
[t=0.023676s, 10068 KB] [GEN] 010101443 (parent: 400100443)
[t=0.023676s, 10068 KB] [GEN] 401101043 (parent: 400100443)
[t=0.023676s, 10068 KB] [GEN] 400011440 (parent: 400100443)
[t=0.024835s, 10068 KB] [GEN] 010001444 (parent: 400000444)
[t=0.024835s, 10068 KB] [GEN] 401001044 (parent: 400000444)
[t=0.024835s, 10068 KB] [GEN] 400101404 (parent: 400000444)
[t=0.024835s, 10068 KB] [GEN] 400011440 (parent: 400000444)
[t=0.024835s, 10068 KB] [GEN] 411001041 (parent: 410100241)
[t=0.024835s, 10068 KB] [GEN] 400111240 (parent: 410100241)
[t=0.024835s, 10068 KB] [GEN] 411001041 (parent: 410010341)
[t=0.024835s, 10068 KB] [GEN] 410111301 (parent: 410010341)
[t=0.024835s, 10068 KB] [GEN] 411001041 (parent: 410000441)
[t=0.024835s, 10068 KB] [GEN] 410101401 (parent: 410000441)
[t=0.024835s, 10068 KB] [GEN] 400011440 (parent: 410000441)
[t=0.024835s, 10068 KB] [GEN] 410101401 (parent: 411000421)
[t=0.024835s, 10068 KB] [GEN] 401011420 (parent: 411000421)
[t=0.024835s, 10068 KB] [GEN] 411011031 (parent: 410010431)
[t=0.024835s, 10068 KB] [GEN] 410101401 (parent: 410010431)
[t=0.024835s, 10068 KB] [GEN] 411001041 (parent: 410000441)
[t=0.024835s, 10068 KB] [GEN] 410101401 (parent: 410000441)
[t=0.024835s, 10068 KB] [GEN] 400011440 (parent: 410000441)
[t=0.024835s, 10068 KB] [GEN] 411001041 (parent: 410000441)
[t=0.024835s, 10068 KB] [GEN] 410101401 (parent: 410000441)
[t=0.024835s, 10068 KB] [GEN] 400011440 (parent: 410000441)
[t=0.024835s, 10068 KB] [GEN] 011001442 (parent: 401000442)
[t=0.024835s, 10068 KB] [GEN] 401101402 (parent: 401000442)
[t=0.024835s, 10068 KB] [GEN] 400011440 (parent: 401000442)
[t=0.024835s, 10068 KB] [GEN] 010101443 (parent: 400100443)
[t=0.024835s, 10068 KB] [GEN] 401101043 (parent: 400100443)
[t=0.024835s, 10068 KB] [GEN] 400011440 (parent: 400100443)
[t=0.024835s, 10068 KB] [GEN] 010001444 (parent: 400000444)
[t=0.024835s, 10068 KB] [GEN] 401001044 (parent: 400000444)
[t=0.024835s, 10068 KB] [GEN] 400101404 (parent: 400000444)
[t=0.024835s, 10068 KB] [GEN] 400011440 (parent: 400000444)
[t=0.024835s, 10068 KB] [GEN] 011001442 (parent: 401000442)
[t=0.024835s, 10068 KB] [GEN] 401101402 (parent: 401000442)
[t=0.024835s, 10068 KB] [GEN] 400011440 (parent: 401000442)
[t=0.024835s, 10068 KB] [GEN] 011001442 (parent: 201100442)
[t=0.024835s, 10068 KB] [GEN] 200111440 (parent: 201100442)
[t=0.024835s, 10068 KB] [GEN] 011001442 (parent: 301010442)
[t=0.024835s, 10068 KB] [GEN] 301111402 (parent: 301010442)
[t=0.024835s, 10068 KB] [GEN] 401101402 (parent: 411000412)
[t=0.024835s, 10068 KB] [GEN] 410011410 (parent: 411000412)
[t=0.024835s, 10068 KB] [GEN] 011011432 (parent: 401010432)
[t=0.024835s, 10068 KB] [GEN] 401101402 (parent: 401010432)
[t=0.024835s, 10068 KB] [GEN] 011001442 (parent: 401000442)
[t=0.024835s, 10068 KB] [GEN] 401101402 (parent: 401000442)
[t=0.024835s, 10068 KB] [GEN] 400011440 (parent: 401000442)
[t=0.024835s, 10068 KB] [GEN] 411001041 (parent: 410000441)
[t=0.024835s, 10068 KB] [GEN] 410101401 (parent: 410000441)
[t=0.024835s, 10068 KB] [GEN] 400011440 (parent: 410000441)
[t=0.025722s, 10068 KB] [GEN] 011001442 (parent: 401000442)
[t=0.025722s, 10068 KB] [GEN] 401101402 (parent: 401000442)
[t=0.025722s, 10068 KB] [GEN] 400011440 (parent: 401000442)
[t=0.025722s, 10068 KB] [GEN] 010101443 (parent: 400100443)
[t=0.025722s, 10068 KB] [GEN] 401101043 (parent: 400100443)
[t=0.025722s, 10068 KB] [GEN] 400011440 (parent: 400100443)
[t=0.025722s, 10068 KB] [GEN] 010001444 (parent: 400000444)
[t=0.025722s, 10068 KB] [GEN] 401001044 (parent: 400000444)
[t=0.025722s, 10068 KB] [GEN] 400101404 (parent: 400000444)
[t=0.025722s, 10068 KB] [GEN] 400011440 (parent: 400000444)
[t=0.025722s, 10068 KB] [GEN] 010101443 (parent: 400100443)
[t=0.025722s, 10068 KB] [GEN] 401101043 (parent: 400100443)
[t=0.025722s, 10068 KB] [GEN] 400011440 (parent: 400100443)
[t=0.025722s, 10068 KB] [GEN] 010101443 (parent: 101100443)
[t=0.025722s, 10068 KB] [GEN] 101011440 (parent: 101100443)
[t=0.025722s, 10068 KB] [GEN] 010101443 (parent: 300110443)
[t=0.025722s, 10068 KB] [GEN] 301111043 (parent: 300110443)
[t=0.025722s, 10068 KB] [GEN] 401101043 (parent: 410100143)
[t=0.025722s, 10068 KB] [GEN] 410011140 (parent: 410100143)
[t=0.025722s, 10068 KB] [GEN] 010111343 (parent: 400110343)
[t=0.025722s, 10068 KB] [GEN] 401101043 (parent: 400110343)
[t=0.025722s, 10068 KB] [GEN] 010101443 (parent: 400100443)
[t=0.025722s, 10068 KB] [GEN] 401101043 (parent: 400100443)
[t=0.025722s, 10068 KB] [GEN] 400011440 (parent: 400100443)
[t=0.025722s, 10068 KB] [GEN] 411001041 (parent: 410000441)
[t=0.025722s, 10068 KB] [GEN] 410101401 (parent: 410000441)
[t=0.025722s, 10068 KB] [GEN] 400011440 (parent: 410000441)
[t=0.025722s, 10068 KB] [GEN] 011001442 (parent: 401000442)
[t=0.025722s, 10068 KB] [GEN] 401101402 (parent: 401000442)
[t=0.025722s, 10068 KB] [GEN] 400011440 (parent: 401000442)
[t=0.025722s, 10068 KB] [GEN] 010101443 (parent: 400100443)
[t=0.025722s, 10068 KB] [GEN] 401101043 (parent: 400100443)
[t=0.025722s, 10068 KB] [GEN] 400011440 (parent: 400100443)
[t=0.025722s, 10068 KB] [GEN] 010001444 (parent: 400000444)
[t=0.025722s, 10068 KB] [GEN] 401001044 (parent: 400000444)
[t=0.025722s, 10068 KB] [GEN] 400101404 (parent: 400000444)
[t=0.025722s, 10068 KB] [GEN] 400011440 (parent: 400000444)
[t=0.025722s, 10068 KB] [GEN] 010001444 (parent: 400000444)
[t=0.025722s, 10068 KB] [GEN] 401001044 (parent: 400000444)
[t=0.025722s, 10068 KB] [GEN] 400101404 (parent: 400000444)
[t=0.025722s, 10068 KB] [GEN] 400011440 (parent: 400000444)
[t=0.026472s, 10068 KB] [GEN] 010001444 (parent: 101000444)
[t=0.026488s, 10068 KB] [GEN] 101101404 (parent: 101000444)
[t=0.026501s, 10068 KB] [GEN] 101011440 (parent: 101000444)
[t=0.026511s, 10068 KB] [GEN] 010001444 (parent: 200100444)
[t=0.026522s, 10068 KB] [GEN] 201101044 (parent: 200100444)
[t=0.026532s, 10068 KB] [GEN] 200111440 (parent: 200100444)
[t=0.026543s, 10068 KB] [GEN] 010001444 (parent: 300010444)
[t=0.026715s, 10068 KB] [GEN] 301011044 (parent: 300010444)
[t=0.026726s, 10068 KB] [GEN] 300111404 (parent: 300010444)
[t=0.026737s, 10068 KB] [GEN] 401001044 (parent: 410000144)
[t=0.026747s, 10068 KB] [GEN] 410101104 (parent: 410000144)
[t=0.026758s, 10068 KB] [GEN] 410011140 (parent: 410000144)
[t=0.026768s, 10068 KB] [GEN] 010101244 (parent: 400100244)
[t=0.026784s, 10068 KB] [GEN] 401001044 (parent: 400100244)
[t=0.026800s, 10068 KB] [GEN] 400111240 (parent: 400100244)
[t=0.026810s, 10068 KB] [GEN] 010011344 (parent: 400010344)
[t=0.026821s, 10068 KB] [GEN] 401001044 (parent: 400010344)
[t=0.026831s, 10068 KB] [GEN] 400111304 (parent: 400010344)
[t=0.026841s, 10068 KB] [GEN] 010001444 (parent: 400000444)
[t=0.026841s, 10068 KB] [GEN] 401001044 (parent: 400000444)
[t=0.026841s, 10068 KB] [GEN] 400101404 (parent: 400000444)
[t=0.026841s, 10068 KB] [GEN] 400011440 (parent: 400000444)
[t=0.026841s, 10068 KB] [GEN] 411001014 (parent: 410000414)
[t=0.026841s, 10068 KB] [GEN] 400101404 (parent: 410000414)
[t=0.026841s, 10068 KB] [GEN] 410011410 (parent: 410000414)
[t=0.026841s, 10068 KB] [GEN] 011001424 (parent: 401000424)
[t=0.026841s, 10068 KB] [GEN] 400101404 (parent: 401000424)
[t=0.026841s, 10068 KB] [GEN] 401011420 (parent: 401000424)
[t=0.026841s, 10068 KB] [GEN] 010011434 (parent: 400010434)
[t=0.027160s, 10068 KB] [GEN] 401011034 (parent: 400010434)
[t=0.027160s, 10068 KB] [GEN] 400101404 (parent: 400010434)
[t=0.027160s, 10068 KB] [GEN] 010001444 (parent: 400000444)
[t=0.027160s, 10068 KB] [GEN] 401001044 (parent: 400000444)
[t=0.027160s, 10068 KB] [GEN] 400101404 (parent: 400000444)
[t=0.027244s, 10068 KB] [GEN] 400011440 (parent: 400000444)
[t=0.027244s, 10068 KB] [GEN] 411001041 (parent: 410000441)
[t=0.027244s, 10068 KB] [GEN] 410101401 (parent: 410000441)
[t=0.027702s, 10068 KB] [GEN] 400011440 (parent: 410000441)
[t=0.027758s, 10068 KB] [GEN] 011001442 (parent: 401000442)
[t=0.027758s, 10068 KB] [GEN] 401101402 (parent: 401000442)
[t=0.027758s, 10068 KB] [GEN] 400011440 (parent: 401000442)
[t=0.027758s, 10068 KB] [GEN] 010101443 (parent: 400100443)
[t=0.027758s, 10068 KB] [GEN] 401101043 (parent: 400100443)
[t=0.027758s, 10068 KB] [GEN] 400011440 (parent: 400100443)
[t=0.027758s, 10068 KB] [GEN] 010001444 (parent: 400000444)
[t=0.027758s, 10068 KB] [GEN] 401001044 (parent: 400000444)
[t=0.027758s, 10068 KB] [GEN] 400101404 (parent: 400000444)
[t=0.027758s, 10068 KB] [GEN] 400011440 (parent: 400000444)
[t=0.027758s, 10068 KB] [GEN] 400000444 (parent: 010001444)
[t=0.027758s, 10068 KB] [GEN] 101000444 (parent: 010001444)
[t=0.027758s, 10068 KB] [GEN] 200100444 (parent: 010001444)
[t=0.027758s, 10068 KB] [GEN] 300010444 (parent: 010001444)
[t=0.027758s, 10068 KB] [GEN] 410000144 (parent: 401001044)
[t=0.027758s, 10068 KB] [GEN] 400100244 (parent: 401001044)
[t=0.027758s, 10068 KB] [GEN] 400010344 (parent: 401001044)
[t=0.027758s, 10068 KB] [GEN] 400000444 (parent: 401001044)
[t=0.027758s, 10068 KB] [GEN] 410000414 (parent: 400101404)
[t=0.027758s, 10068 KB] [GEN] 401000424 (parent: 400101404)
[t=0.027758s, 10068 KB] [GEN] 400010434 (parent: 400101404)
[t=0.027758s, 10068 KB] [GEN] 400000444 (parent: 400101404)
[t=0.027758s, 10068 KB] [GEN] 410000441 (parent: 400011440)
[t=0.027758s, 10068 KB] [GEN] 401000442 (parent: 400011440)
[t=0.027758s, 10068 KB] [GEN] 400100443 (parent: 400011440)
[t=0.027758s, 10068 KB] [GEN] 400000444 (parent: 400011440)
[t=0.027758s, 10068 KB] [GEN] 400000444 (parent: 010001444)
[t=0.027758s, 10068 KB] [GEN] 101000444 (parent: 010001444)
[t=0.027758s, 10068 KB] [GEN] 200100444 (parent: 010001444)
[t=0.027758s, 10068 KB] [GEN] 300010444 (parent: 010001444)
[t=0.027758s, 10068 KB] [GEN] 111000414 (parent: 101101404)
[t=0.027758s, 10068 KB] [GEN] 101010434 (parent: 101101404)
[t=0.027758s, 10068 KB] [GEN] 101000444 (parent: 101101404)
[t=0.027758s, 10068 KB] [GEN] 111000441 (parent: 101011440)
[t=0.027758s, 10068 KB] [GEN] 101100443 (parent: 101011440)
[t=0.028641s, 10068 KB] [GEN] 101000444 (parent: 101011440)
[t=0.028641s, 10068 KB] [GEN] 400000444 (parent: 010001444)
[t=0.028641s, 10068 KB] [GEN] 101000444 (parent: 010001444)
[t=0.028641s, 10068 KB] [GEN] 200100444 (parent: 010001444)
[t=0.028641s, 10068 KB] [GEN] 300010444 (parent: 010001444)
[t=0.028641s, 10068 KB] [GEN] 210100144 (parent: 201101044)
[t=0.028641s, 10068 KB] [GEN] 200110344 (parent: 201101044)
[t=0.028641s, 10068 KB] [GEN] 200100444 (parent: 201101044)
[t=0.028641s, 10068 KB] [GEN] 210100441 (parent: 200111440)
[t=0.028641s, 10068 KB] [GEN] 201100442 (parent: 200111440)
[t=0.028641s, 10068 KB] [GEN] 200100444 (parent: 200111440)
[t=0.028641s, 10068 KB] [GEN] 400000444 (parent: 010001444)
[t=0.028641s, 10068 KB] [GEN] 101000444 (parent: 010001444)
[t=0.028641s, 10068 KB] [GEN] 200100444 (parent: 010001444)
[t=0.029040s, 10068 KB] [GEN] 300010444 (parent: 010001444)
[t=0.029040s, 10068 KB] [GEN] 310010144 (parent: 301011044)
[t=0.029040s, 10068 KB] [GEN] 300110244 (parent: 301011044)
[t=0.029130s, 10068 KB] [GEN] 300010444 (parent: 301011044)
[t=0.029130s, 10068 KB] [GEN] 310010414 (parent: 300111404)
[t=0.029130s, 10068 KB] [GEN] 301010424 (parent: 300111404)
[t=0.029130s, 10068 KB] [GEN] 300010444 (parent: 300111404)
[t=0.029130s, 10068 KB] [GEN] 410000144 (parent: 401001044)
[t=0.029130s, 10068 KB] [GEN] 400100244 (parent: 401001044)
[t=0.029130s, 10068 KB] [GEN] 400010344 (parent: 401001044)
[t=0.029130s, 10068 KB] [GEN] 400000444 (parent: 401001044)
[t=0.029130s, 10068 KB] [GEN] 411000124 (parent: 410101104)
[t=0.029130s, 10068 KB] [GEN] 410010134 (parent: 410101104)
[t=0.029130s, 10068 KB] [GEN] 410000144 (parent: 410101104)
[t=0.029130s, 10068 KB] [GEN] 411000142 (parent: 410011140)
[t=0.029130s, 10068 KB] [GEN] 410100143 (parent: 410011140)
[t=0.029130s, 10068 KB] [GEN] 410000144 (parent: 410011140)
[t=0.029130s, 10068 KB] [GEN] 400100244 (parent: 010101244)
[t=0.029130s, 10068 KB] [GEN] 101100244 (parent: 010101244)
[t=0.029579s, 10068 KB] [GEN] 300110244 (parent: 010101244)
[t=0.029579s, 10068 KB] [GEN] 410000144 (parent: 401001044)
[t=0.029579s, 10068 KB] [GEN] 400100244 (parent: 401001044)
[t=0.029579s, 10068 KB] [GEN] 400010344 (parent: 401001044)
[t=0.029579s, 10068 KB] [GEN] 400000444 (parent: 401001044)
[t=0.029579s, 10068 KB] [GEN] 410100241 (parent: 400111240)
[t=0.029579s, 10068 KB] [GEN] 401100242 (parent: 400111240)
[t=0.029579s, 10068 KB] [GEN] 400100244 (parent: 400111240)
[t=0.029579s, 10068 KB] [GEN] 400010344 (parent: 010011344)
[t=0.029579s, 10068 KB] [GEN] 101010344 (parent: 010011344)
[t=0.029579s, 10068 KB] [GEN] 200110344 (parent: 010011344)
[t=0.029579s, 10068 KB] [GEN] 410000144 (parent: 401001044)
[t=0.029579s, 10068 KB] [GEN] 400100244 (parent: 401001044)
[t=0.029579s, 10068 KB] [GEN] 400010344 (parent: 401001044)
[t=0.029579s, 10068 KB] [GEN] 400000444 (parent: 401001044)
[t=0.029579s, 10068 KB] [GEN] 410010314 (parent: 400111304)
[t=0.029579s, 10068 KB] [GEN] 401010324 (parent: 400111304)
[t=0.029579s, 10068 KB] [GEN] 400010344 (parent: 400111304)
[t=0.029579s, 10068 KB] [GEN] 400000444 (parent: 010001444)
[t=0.029579s, 10068 KB] [GEN] 101000444 (parent: 010001444)
[t=0.029579s, 10068 KB] [GEN] 200100444 (parent: 010001444)
[t=0.029579s, 10068 KB] [GEN] 300010444 (parent: 010001444)
[t=0.029579s, 10068 KB] [GEN] 410000144 (parent: 401001044)
[t=0.029579s, 10068 KB] [GEN] 400100244 (parent: 401001044)
[t=0.029579s, 10068 KB] [GEN] 400010344 (parent: 401001044)
[t=0.029579s, 10068 KB] [GEN] 400000444 (parent: 401001044)
[t=0.029579s, 10068 KB] [GEN] 410000414 (parent: 400101404)
[t=0.029579s, 10068 KB] [GEN] 401000424 (parent: 400101404)
[t=0.029579s, 10068 KB] [GEN] 400010434 (parent: 400101404)
[t=0.029579s, 10068 KB] [GEN] 400000444 (parent: 400101404)
[t=0.029579s, 10068 KB] [GEN] 410000441 (parent: 400011440)
[t=0.029579s, 10068 KB] [GEN] 401000442 (parent: 400011440)
[t=0.029579s, 10068 KB] [GEN] 400100443 (parent: 400011440)
[t=0.029579s, 10068 KB] [GEN] 400000444 (parent: 400011440)
[t=0.029579s, 10068 KB] [GEN] 410100214 (parent: 411001014)
[t=0.029579s, 10068 KB] [GEN] 410010314 (parent: 411001014)
[t=0.029579s, 10068 KB] [GEN] 410000414 (parent: 411001014)
[t=0.029579s, 10068 KB] [GEN] 410000414 (parent: 400101404)
[t=0.029579s, 10068 KB] [GEN] 401000424 (parent: 400101404)
[t=0.029579s, 10068 KB] [GEN] 400010434 (parent: 400101404)
[t=0.029579s, 10068 KB] [GEN] 400000444 (parent: 400101404)
[t=0.029579s, 10068 KB] [GEN] 411000412 (parent: 410011410)
[t=0.029579s, 10068 KB] [GEN] 410100413 (parent: 410011410)
[t=0.029579s, 10068 KB] [GEN] 410000414 (parent: 410011410)
[t=0.029579s, 10068 KB] [GEN] 401000424 (parent: 011001424)
[t=0.029579s, 10068 KB] [GEN] 201100424 (parent: 011001424)
[t=0.029579s, 10068 KB] [GEN] 301010424 (parent: 011001424)
[t=0.029579s, 10068 KB] [GEN] 410000414 (parent: 400101404)
[t=0.030621s, 10068 KB] [GEN] 401000424 (parent: 400101404)
[t=0.030621s, 10068 KB] [GEN] 400010434 (parent: 400101404)
[t=0.030621s, 10068 KB] [GEN] 400000444 (parent: 400101404)
[t=0.030621s, 10068 KB] [GEN] 411000421 (parent: 401011420)
[t=0.030621s, 10068 KB] [GEN] 401100423 (parent: 401011420)
[t=0.030621s, 10068 KB] [GEN] 401000424 (parent: 401011420)
[t=0.030621s, 10068 KB] [GEN] 400010434 (parent: 010011434)
[t=0.030621s, 10068 KB] [GEN] 101010434 (parent: 010011434)
[t=0.030621s, 10068 KB] [GEN] 200110434 (parent: 010011434)
[t=0.030621s, 10068 KB] [GEN] 410010134 (parent: 401011034)
[t=0.030621s, 10068 KB] [GEN] 400110234 (parent: 401011034)
[t=0.030621s, 10068 KB] [GEN] 400010434 (parent: 401011034)
[t=0.030621s, 10068 KB] [GEN] 410000414 (parent: 400101404)
[t=0.030621s, 10068 KB] [GEN] 401000424 (parent: 400101404)
[t=0.030621s, 10068 KB] [GEN] 400010434 (parent: 400101404)
[t=0.030621s, 10068 KB] [GEN] 400000444 (parent: 400101404)
[t=0.030621s, 10068 KB] [GEN] 400000444 (parent: 010001444)
[t=0.030621s, 10068 KB] [GEN] 101000444 (parent: 010001444)
[t=0.030621s, 10068 KB] [GEN] 200100444 (parent: 010001444)
[t=0.030621s, 10068 KB] [GEN] 300010444 (parent: 010001444)
[t=0.030621s, 10068 KB] [GEN] 410000144 (parent: 401001044)
[t=0.030621s, 10068 KB] [GEN] 400100244 (parent: 401001044)
[t=0.030621s, 10068 KB] [GEN] 400010344 (parent: 401001044)
[t=0.030621s, 10068 KB] [GEN] 400000444 (parent: 401001044)
[t=0.030621s, 10068 KB] [GEN] 410000414 (parent: 400101404)
[t=0.030621s, 10068 KB] [GEN] 401000424 (parent: 400101404)
[t=0.030621s, 10068 KB] [GEN] 400010434 (parent: 400101404)
[t=0.030621s, 10068 KB] [GEN] 400000444 (parent: 400101404)
[t=0.030621s, 10068 KB] [GEN] 410000441 (parent: 400011440)
[t=0.030621s, 10068 KB] [GEN] 401000442 (parent: 400011440)
[t=0.030621s, 10068 KB] [GEN] 400100443 (parent: 400011440)
[t=0.031653s, 10068 KB] [GEN] 400000444 (parent: 400011440)
[t=0.031677s, 10068 KB] [GEN] 410100241 (parent: 411001041)
[t=0.031693s, 10068 KB] [GEN] 410010341 (parent: 411001041)
[t=0.031713s, 10068 KB] [GEN] 410000441 (parent: 411001041)
[t=0.031741s, 10068 KB] [GEN] 411000421 (parent: 410101401)
[t=0.031764s, 10068 KB] [GEN] 410010431 (parent: 410101401)
[t=0.031785s, 10068 KB] [GEN] 410000441 (parent: 410101401)
[t=0.031803s, 10068 KB] [GEN] 410000441 (parent: 400011440)
[t=0.031829s, 10068 KB] [GEN] 401000442 (parent: 400011440)
[t=0.031857s, 10068 KB] [GEN] 400100443 (parent: 400011440)
[t=0.031881s, 10068 KB] [GEN] 400000444 (parent: 400011440)
[t=0.032097s, 10068 KB] [GEN] 401000442 (parent: 011001442)
[t=0.032121s, 10068 KB] [GEN] 201100442 (parent: 011001442)
[t=0.032139s, 10068 KB] [GEN] 301010442 (parent: 011001442)
[t=0.032139s, 10068 KB] [GEN] 411000412 (parent: 401101402)
[t=0.032139s, 10068 KB] [GEN] 401010432 (parent: 401101402)
[t=0.032139s, 10068 KB] [GEN] 401000442 (parent: 401101402)
[t=0.032139s, 10068 KB] [GEN] 410000441 (parent: 400011440)
[t=0.032614s, 10068 KB] [GEN] 401000442 (parent: 400011440)
[t=0.032632s, 10068 KB] [GEN] 400100443 (parent: 400011440)
[t=0.032632s, 10068 KB] [GEN] 400000444 (parent: 400011440)
[t=0.032632s, 10068 KB] [GEN] 400100443 (parent: 010101443)
[t=0.032632s, 10068 KB] [GEN] 101100443 (parent: 010101443)
[t=0.032632s, 10068 KB] [GEN] 300110443 (parent: 010101443)
[t=0.032632s, 10068 KB] [GEN] 410100143 (parent: 401101043)
[t=0.032632s, 10068 KB] [GEN] 400110343 (parent: 401101043)
[t=0.032632s, 10068 KB] [GEN] 400100443 (parent: 401101043)
[t=0.033419s, 10068 KB] [GEN] 410000441 (parent: 400011440)
[t=0.033419s, 10068 KB] [GEN] 401000442 (parent: 400011440)
[t=0.033419s, 10068 KB] [GEN] 400100443 (parent: 400011440)
[t=0.033419s, 10068 KB] [GEN] 400000444 (parent: 400011440)
[t=0.033419s, 10068 KB] [GEN] 400000444 (parent: 010001444)
[t=0.033419s, 10068 KB] [GEN] 101000444 (parent: 010001444)
[t=0.033419s, 10068 KB] [GEN] 200100444 (parent: 010001444)
[t=0.033419s, 10068 KB] [GEN] 300010444 (parent: 010001444)
[t=0.033419s, 10068 KB] [GEN] 410000144 (parent: 401001044)
[t=0.033419s, 10068 KB] [GEN] 400100244 (parent: 401001044)
[t=0.033419s, 10068 KB] [GEN] 400010344 (parent: 401001044)
[t=0.033419s, 10068 KB] [GEN] 400000444 (parent: 401001044)
[t=0.033419s, 10068 KB] [GEN] 410000414 (parent: 400101404)
[t=0.033419s, 10068 KB] [GEN] 401000424 (parent: 400101404)
[t=0.033419s, 10068 KB] [GEN] 400010434 (parent: 400101404)
[t=0.033419s, 10068 KB] [GEN] 400000444 (parent: 400101404)
[t=0.033419s, 10068 KB] [GEN] 410000441 (parent: 400011440)
[t=0.033985s, 10068 KB] [GEN] 401000442 (parent: 400011440)
[t=0.033985s, 10068 KB] [GEN] 400100443 (parent: 400011440)
[t=0.033985s, 10068 KB] [GEN] 400000444 (parent: 400011440)
[t=0.033985s, 10068 KB] [GEN] 400000444 (parent: 010001444)
[t=0.033985s, 10068 KB] [GEN] 101000444 (parent: 010001444)
[t=0.033985s, 10068 KB] [GEN] 200100444 (parent: 010001444)
[t=0.033985s, 10068 KB] [GEN] 300010444 (parent: 010001444)
[t=0.033985s, 10068 KB] [GEN] 410000144 (parent: 401001044)
[t=0.033985s, 10068 KB] [GEN] 400100244 (parent: 401001044)
[t=0.033985s, 10068 KB] [GEN] 400010344 (parent: 401001044)
[t=0.033985s, 10068 KB] [GEN] 400000444 (parent: 401001044)
[t=0.033985s, 10068 KB] [GEN] 410000414 (parent: 400101404)
[t=0.033985s, 10068 KB] [GEN] 401000424 (parent: 400101404)
[t=0.033985s, 10068 KB] [GEN] 400010434 (parent: 400101404)
[t=0.033985s, 10068 KB] [GEN] 400000444 (parent: 400101404)
[t=0.033985s, 10068 KB] [GEN] 410000441 (parent: 400011440)
[t=0.033985s, 10068 KB] [GEN] 401000442 (parent: 400011440)
[t=0.033985s, 10068 KB] [GEN] 400100443 (parent: 400011440)
[t=0.033985s, 10068 KB] [GEN] 400000444 (parent: 400011440)
[t=0.033985s, 10068 KB] [GEN] 400000444 (parent: 010001444)
[t=0.033985s, 10068 KB] [GEN] 101000444 (parent: 010001444)
[t=0.033985s, 10068 KB] [GEN] 200100444 (parent: 010001444)
[t=0.034428s, 10068 KB] [GEN] 300010444 (parent: 010001444)
[t=0.034428s, 10068 KB] [GEN] 111000414 (parent: 101101404)
[t=0.034428s, 10068 KB] [GEN] 101010434 (parent: 101101404)
[t=0.034428s, 10068 KB] [GEN] 101000444 (parent: 101101404)
[t=0.034428s, 10068 KB] [GEN] 111000441 (parent: 101011440)
[t=0.034428s, 10068 KB] [GEN] 101100443 (parent: 101011440)
[t=0.034428s, 10068 KB] [GEN] 101000444 (parent: 101011440)
[t=0.034428s, 10068 KB] [GEN] 400000444 (parent: 010001444)
[t=0.034428s, 10068 KB] [GEN] 101000444 (parent: 010001444)
[t=0.034428s, 10068 KB] [GEN] 200100444 (parent: 010001444)
[t=0.034428s, 10068 KB] [GEN] 300010444 (parent: 010001444)
[t=0.034428s, 10068 KB] [GEN] 210100144 (parent: 201101044)
[t=0.034428s, 10068 KB] [GEN] 200110344 (parent: 201101044)
[t=0.034428s, 10068 KB] [GEN] 200100444 (parent: 201101044)
[t=0.034428s, 10068 KB] [GEN] 210100441 (parent: 200111440)
[t=0.034428s, 10068 KB] [GEN] 201100442 (parent: 200111440)
[t=0.034428s, 10068 KB] [GEN] 200100444 (parent: 200111440)
[t=0.034428s, 10068 KB] [GEN] 400000444 (parent: 010001444)
[t=0.034428s, 10068 KB] [GEN] 101000444 (parent: 010001444)
[t=0.034428s, 10068 KB] [GEN] 200100444 (parent: 010001444)
[t=0.034428s, 10068 KB] [GEN] 300010444 (parent: 010001444)
[t=0.034428s, 10068 KB] [GEN] 310010144 (parent: 301011044)
[t=0.034428s, 10068 KB] [GEN] 300110244 (parent: 301011044)
[t=0.034428s, 10068 KB] [GEN] 300010444 (parent: 301011044)
[t=0.034428s, 10068 KB] [GEN] 310010414 (parent: 300111404)
[t=0.034428s, 10068 KB] [GEN] 301010424 (parent: 300111404)
[t=0.034428s, 10068 KB] [GEN] 300010444 (parent: 300111404)
[t=0.034428s, 10068 KB] [GEN] 111000414 (parent: 101101404)
[t=0.034428s, 10068 KB] [GEN] 101010434 (parent: 101101404)
[t=0.034428s, 10068 KB] [GEN] 101000444 (parent: 101101404)
[t=0.034428s, 10068 KB] [GEN] 111100413 (parent: 111011410)
[t=0.034428s, 10068 KB] [GEN] 111000414 (parent: 111011410)
[t=0.034428s, 10068 KB] [GEN] 400010434 (parent: 010011434)
[t=0.034428s, 10068 KB] [GEN] 101010434 (parent: 010011434)
[t=0.034428s, 10068 KB] [GEN] 200110434 (parent: 010011434)
[t=0.034428s, 10068 KB] [GEN] 111000414 (parent: 101101404)
[t=0.034428s, 10068 KB] [GEN] 101010434 (parent: 101101404)
[t=0.034428s, 10068 KB] [GEN] 101000444 (parent: 101101404)
[t=0.034428s, 10068 KB] [GEN] 400000444 (parent: 010001444)
[t=0.034428s, 10068 KB] [GEN] 101000444 (parent: 010001444)
[t=0.035455s, 10068 KB] [GEN] 200100444 (parent: 010001444)
[t=0.035455s, 10068 KB] [GEN] 300010444 (parent: 010001444)
[t=0.035455s, 10068 KB] [GEN] 111000414 (parent: 101101404)
[t=0.035455s, 10068 KB] [GEN] 101010434 (parent: 101101404)
[t=0.035455s, 10068 KB] [GEN] 101000444 (parent: 101101404)
[t=0.035455s, 10068 KB] [GEN] 111000441 (parent: 101011440)
[t=0.035455s, 10068 KB] [GEN] 101100443 (parent: 101011440)
[t=0.035455s, 10068 KB] [GEN] 101000444 (parent: 101011440)
[t=0.035455s, 10068 KB] [GEN] 111010431 (parent: 111101401)
[t=0.035455s, 10068 KB] [GEN] 111000441 (parent: 111101401)
[t=0.035455s, 10068 KB] [GEN] 111000441 (parent: 101011440)
[t=0.035455s, 10068 KB] [GEN] 101100443 (parent: 101011440)
[t=0.035455s, 10068 KB] [GEN] 101000444 (parent: 101011440)
[t=0.035455s, 10068 KB] [GEN] 400100443 (parent: 010101443)
[t=0.035455s, 10068 KB] [GEN] 101100443 (parent: 010101443)
[t=0.035455s, 10068 KB] [GEN] 300110443 (parent: 010101443)
[t=0.035455s, 10068 KB] [GEN] 111000441 (parent: 101011440)
[t=0.035455s, 10068 KB] [GEN] 101100443 (parent: 101011440)
[t=0.035455s, 10068 KB] [GEN] 101000444 (parent: 101011440)
[t=0.035455s, 10068 KB] [GEN] 400000444 (parent: 010001444)
[t=0.035702s, 10068 KB] [GEN] 101000444 (parent: 010001444)
[t=0.035702s, 10068 KB] [GEN] 200100444 (parent: 010001444)
[t=0.035702s, 10068 KB] [GEN] 300010444 (parent: 010001444)
[t=0.035702s, 10068 KB] [GEN] 111000414 (parent: 101101404)
[t=0.035702s, 10068 KB] [GEN] 101010434 (parent: 101101404)
[t=0.035702s, 10068 KB] [GEN] 101000444 (parent: 101101404)
[t=0.035702s, 10068 KB] [GEN] 111000441 (parent: 101011440)
[t=0.035702s, 10068 KB] [GEN] 101100443 (parent: 101011440)
[t=0.035702s, 10068 KB] [GEN] 101000444 (parent: 101011440)
[t=0.035702s, 10068 KB] [GEN] 400000444 (parent: 010001444)
[t=0.035702s, 10068 KB] [GEN] 101000444 (parent: 010001444)
[t=0.035702s, 10068 KB] [GEN] 200100444 (parent: 010001444)
[t=0.035702s, 10068 KB] [GEN] 300010444 (parent: 010001444)
[t=0.035702s, 10068 KB] [GEN] 410000144 (parent: 401001044)
[t=0.035702s, 10068 KB] [GEN] 400100244 (parent: 401001044)
[t=0.035702s, 10068 KB] [GEN] 400010344 (parent: 401001044)
[t=0.035702s, 10068 KB] [GEN] 400000444 (parent: 401001044)
[t=0.035702s, 10068 KB] [GEN] 410000414 (parent: 400101404)
[t=0.035702s, 10068 KB] [GEN] 401000424 (parent: 400101404)
[t=0.035702s, 10068 KB] [GEN] 400010434 (parent: 400101404)
[t=0.035702s, 10068 KB] [GEN] 400000444 (parent: 400101404)
[t=0.035702s, 10068 KB] [GEN] 410000441 (parent: 400011440)
[t=0.035702s, 10068 KB] [GEN] 401000442 (parent: 400011440)
[t=0.035702s, 10068 KB] [GEN] 400100443 (parent: 400011440)
[t=0.035702s, 10068 KB] [GEN] 400000444 (parent: 400011440)
[t=0.036364s, 10068 KB] [GEN] 400000444 (parent: 010001444)
[t=0.036364s, 10068 KB] [GEN] 101000444 (parent: 010001444)
[t=0.036364s, 10068 KB] [GEN] 200100444 (parent: 010001444)
[t=0.036364s, 10068 KB] [GEN] 300010444 (parent: 010001444)
[t=0.036364s, 10068 KB] [GEN] 111000414 (parent: 101101404)
[t=0.036364s, 10068 KB] [GEN] 101010434 (parent: 101101404)
[t=0.036364s, 10068 KB] [GEN] 101000444 (parent: 101101404)
[t=0.036364s, 10068 KB] [GEN] 111000441 (parent: 101011440)
[t=0.037474s, 10068 KB] [GEN] 101100443 (parent: 101011440)
[t=0.037474s, 10068 KB] [GEN] 101000444 (parent: 101011440)
[t=0.037474s, 10068 KB] [GEN] 400000444 (parent: 010001444)
[t=0.037474s, 10068 KB] [GEN] 101000444 (parent: 010001444)
[t=0.038479s, 10068 KB] [GEN] 200100444 (parent: 010001444)
[t=0.038479s, 10068 KB] [GEN] 300010444 (parent: 010001444)
[t=0.038479s, 10068 KB] [GEN] 210100144 (parent: 201101044)
[t=0.038479s, 10068 KB] [GEN] 200110344 (parent: 201101044)
[t=0.038479s, 10068 KB] [GEN] 200100444 (parent: 201101044)
[t=0.039411s, 10068 KB] [GEN] 210100441 (parent: 200111440)
[t=0.039411s, 10068 KB] [GEN] 201100442 (parent: 200111440)
[t=0.039411s, 10068 KB] [GEN] 200100444 (parent: 200111440)
[t=0.039889s, 10068 KB] [GEN] 400000444 (parent: 010001444)
[t=0.039889s, 10068 KB] [GEN] 101000444 (parent: 010001444)
[t=0.039889s, 10068 KB] [GEN] 200100444 (parent: 010001444)
[t=0.039889s, 10068 KB] [GEN] 300010444 (parent: 010001444)
[t=0.040513s, 10068 KB] [GEN] 310010144 (parent: 301011044)
[t=0.040513s, 10068 KB] [GEN] 300110244 (parent: 301011044)
[t=0.040513s, 10068 KB] [GEN] 300010444 (parent: 301011044)
[t=0.040513s, 10068 KB] [GEN] 310010414 (parent: 300111404)
[t=0.040513s, 10068 KB] [GEN] 301010424 (parent: 300111404)
[t=0.040513s, 10068 KB] [GEN] 300010444 (parent: 300111404)
[t=0.040513s, 10068 KB] [GEN] 210100144 (parent: 201101044)
[t=0.040513s, 10068 KB] [GEN] 200110344 (parent: 201101044)
[t=0.040513s, 10068 KB] [GEN] 200100444 (parent: 201101044)
[t=0.040513s, 10068 KB] [GEN] 211100142 (parent: 210111140)
[t=0.040513s, 10068 KB] [GEN] 210100144 (parent: 210111140)
[t=0.040513s, 10068 KB] [GEN] 400010344 (parent: 010011344)
[t=0.040513s, 10068 KB] [GEN] 101010344 (parent: 010011344)
[t=0.040513s, 10068 KB] [GEN] 200110344 (parent: 010011344)
[t=0.040513s, 10068 KB] [GEN] 210100144 (parent: 201101044)
[t=0.040513s, 10068 KB] [GEN] 200110344 (parent: 201101044)
[t=0.040513s, 10068 KB] [GEN] 200100444 (parent: 201101044)
[t=0.040513s, 10068 KB] [GEN] 400000444 (parent: 010001444)
[t=0.040513s, 10068 KB] [GEN] 101000444 (parent: 010001444)
[t=0.040513s, 10068 KB] [GEN] 200100444 (parent: 010001444)
[t=0.040513s, 10068 KB] [GEN] 300010444 (parent: 010001444)
[t=0.040513s, 10068 KB] [GEN] 210100144 (parent: 201101044)
[t=0.040513s, 10068 KB] [GEN] 200110344 (parent: 201101044)
[t=0.040513s, 10068 KB] [GEN] 200100444 (parent: 201101044)
[t=0.040513s, 10068 KB] [GEN] 210100441 (parent: 200111440)
[t=0.040513s, 10068 KB] [GEN] 201100442 (parent: 200111440)
[t=0.040513s, 10068 KB] [GEN] 200100444 (parent: 200111440)
[t=0.040513s, 10068 KB] [GEN] 210110341 (parent: 211101041)
[t=0.040513s, 10068 KB] [GEN] 210100441 (parent: 211101041)
[t=0.040513s, 10068 KB] [GEN] 210100441 (parent: 200111440)
[t=0.040513s, 10068 KB] [GEN] 201100442 (parent: 200111440)
[t=0.040513s, 10068 KB] [GEN] 200100444 (parent: 200111440)
[t=0.040513s, 10068 KB] [GEN] 401000442 (parent: 011001442)
[t=0.040513s, 10068 KB] [GEN] 201100442 (parent: 011001442)
[t=0.040513s, 10068 KB] [GEN] 301010442 (parent: 011001442)
[t=0.040513s, 10068 KB] [GEN] 210100441 (parent: 200111440)
[t=0.040513s, 10068 KB] [GEN] 201100442 (parent: 200111440)
[t=0.040513s, 10068 KB] [GEN] 200100444 (parent: 200111440)
[t=0.041298s, 10068 KB] [GEN] 400000444 (parent: 010001444)
[t=0.041298s, 10068 KB] [GEN] 101000444 (parent: 010001444)
[t=0.041298s, 10068 KB] [GEN] 200100444 (parent: 010001444)
[t=0.041298s, 10068 KB] [GEN] 300010444 (parent: 010001444)
[t=0.041298s, 10068 KB] [GEN] 210100144 (parent: 201101044)
[t=0.041298s, 10068 KB] [GEN] 200110344 (parent: 201101044)
[t=0.041298s, 10068 KB] [GEN] 200100444 (parent: 201101044)
[t=0.041298s, 10068 KB] [GEN] 210100441 (parent: 200111440)
[t=0.041298s, 10068 KB] [GEN] 201100442 (parent: 200111440)
[t=0.041298s, 10068 KB] [GEN] 200100444 (parent: 200111440)
[t=0.041298s, 10068 KB] [GEN] 400000444 (parent: 010001444)
[t=0.041298s, 10068 KB] [GEN] 101000444 (parent: 010001444)
[t=0.041298s, 10068 KB] [GEN] 200100444 (parent: 010001444)
[t=0.041298s, 10068 KB] [GEN] 300010444 (parent: 010001444)
[t=0.041298s, 10068 KB] [GEN] 410000144 (parent: 401001044)
[t=0.041298s, 10068 KB] [GEN] 400100244 (parent: 401001044)
[t=0.041298s, 10068 KB] [GEN] 400010344 (parent: 401001044)
[t=0.041298s, 10068 KB] [GEN] 400000444 (parent: 401001044)
[t=0.041298s, 10068 KB] [GEN] 410000414 (parent: 400101404)
[t=0.041298s, 10068 KB] [GEN] 401000424 (parent: 400101404)
[t=0.041298s, 10068 KB] [GEN] 400010434 (parent: 400101404)
[t=0.041298s, 10068 KB] [GEN] 400000444 (parent: 400101404)
[t=0.041298s, 10068 KB] [GEN] 410000441 (parent: 400011440)
[t=0.041298s, 10068 KB] [GEN] 401000442 (parent: 400011440)
[t=0.041298s, 10068 KB] [GEN] 400100443 (parent: 400011440)
[t=0.041298s, 10068 KB] [GEN] 400000444 (parent: 400011440)
[t=0.041298s, 10068 KB] [GEN] 400000444 (parent: 010001444)
[t=0.041298s, 10068 KB] [GEN] 101000444 (parent: 010001444)
[t=0.041298s, 10068 KB] [GEN] 200100444 (parent: 010001444)
[t=0.041298s, 10068 KB] [GEN] 300010444 (parent: 010001444)
[t=0.041298s, 10068 KB] [GEN] 111000414 (parent: 101101404)
[t=0.041298s, 10068 KB] [GEN] 101010434 (parent: 101101404)
[t=0.041298s, 10068 KB] [GEN] 101000444 (parent: 101101404)
[t=0.041298s, 10068 KB] [GEN] 111000441 (parent: 101011440)
[t=0.041298s, 10068 KB] [GEN] 101100443 (parent: 101011440)
[t=0.041298s, 10068 KB] [GEN] 101000444 (parent: 101011440)
[t=0.041298s, 10068 KB] [GEN] 400000444 (parent: 010001444)
[t=0.041298s, 10068 KB] [GEN] 101000444 (parent: 010001444)
[t=0.041298s, 10068 KB] [GEN] 200100444 (parent: 010001444)
[t=0.041298s, 10068 KB] [GEN] 300010444 (parent: 010001444)
[t=0.041298s, 10068 KB] [GEN] 210100144 (parent: 201101044)
[t=0.041298s, 10068 KB] [GEN] 200110344 (parent: 201101044)
[t=0.041298s, 10068 KB] [GEN] 200100444 (parent: 201101044)
[t=0.041298s, 10068 KB] [GEN] 210100441 (parent: 200111440)
[t=0.041298s, 10068 KB] [GEN] 201100442 (parent: 200111440)
[t=0.041298s, 10068 KB] [GEN] 200100444 (parent: 200111440)
[t=0.041298s, 10068 KB] [GEN] 400000444 (parent: 010001444)
[t=0.041298s, 10068 KB] [GEN] 101000444 (parent: 010001444)
[t=0.041298s, 10068 KB] [GEN] 200100444 (parent: 010001444)
[t=0.041298s, 10068 KB] [GEN] 300010444 (parent: 010001444)
[t=0.042376s, 10068 KB] [GEN] 310010144 (parent: 301011044)
[t=0.042402s, 10068 KB] [GEN] 300110244 (parent: 301011044)
[t=0.042428s, 10068 KB] [GEN] 300010444 (parent: 301011044)
[t=0.042450s, 10068 KB] [GEN] 310010414 (parent: 300111404)
[t=0.042475s, 10068 KB] [GEN] 301010424 (parent: 300111404)
[t=0.042493s, 10068 KB] [GEN] 300010444 (parent: 300111404)
[t=0.042510s, 10068 KB] [GEN] 310010144 (parent: 301011044)
[t=0.042528s, 10068 KB] [GEN] 300110244 (parent: 301011044)
[t=0.042545s, 10068 KB] [GEN] 300010444 (parent: 301011044)
[t=0.042562s, 10068 KB] [GEN] 311010124 (parent: 310111104)
[t=0.042574s, 10068 KB] [GEN] 310010144 (parent: 310111104)
[t=0.042589s, 10068 KB] [GEN] 400100244 (parent: 010101244)
[t=0.042615s, 10068 KB] [GEN] 101100244 (parent: 010101244)
[t=0.042635s, 10068 KB] [GEN] 300110244 (parent: 010101244)
[t=0.042658s, 10068 KB] [GEN] 310010144 (parent: 301011044)
[t=0.042678s, 10068 KB] [GEN] 300110244 (parent: 301011044)
[t=0.042704s, 10068 KB] [GEN] 300010444 (parent: 301011044)
[t=0.042725s, 10068 KB] [GEN] 400000444 (parent: 010001444)
[t=0.042740s, 10068 KB] [GEN] 101000444 (parent: 010001444)
[t=0.042761s, 10068 KB] [GEN] 200100444 (parent: 010001444)
[t=0.042788s, 10068 KB] [GEN] 300010444 (parent: 010001444)
[t=0.042808s, 10068 KB] [GEN] 310010144 (parent: 301011044)
[t=0.042822s, 10068 KB] [GEN] 300110244 (parent: 301011044)
[t=0.042834s, 10068 KB] [GEN] 300010444 (parent: 301011044)
[t=0.043024s, 10068 KB] [GEN] 310010414 (parent: 300111404)
[t=0.043192s, 10068 KB] [GEN] 301010424 (parent: 300111404)
[t=0.043202s, 10068 KB] [GEN] 300010444 (parent: 300111404)
[t=0.043213s, 10068 KB] [GEN] 310110214 (parent: 311011014)
[t=0.043230s, 10068 KB] [GEN] 310010414 (parent: 311011014)
[t=0.043245s, 10068 KB] [GEN] 310010414 (parent: 300111404)
[t=0.043260s, 10068 KB] [GEN] 301010424 (parent: 300111404)
[t=0.043271s, 10068 KB] [GEN] 300010444 (parent: 300111404)
[t=0.043293s, 10068 KB] [GEN] 401000424 (parent: 011001424)
[t=0.043317s, 10068 KB] [GEN] 201100424 (parent: 011001424)
[t=0.043341s, 10068 KB] [GEN] 301010424 (parent: 011001424)
[t=0.043362s, 10068 KB] [GEN] 310010414 (parent: 300111404)
[t=0.043379s, 10068 KB] [GEN] 301010424 (parent: 300111404)
[t=0.043390s, 10068 KB] [GEN] 300010444 (parent: 300111404)
[t=0.043390s, 10068 KB] [GEN] 400000444 (parent: 010001444)
[t=0.043390s, 10068 KB] [GEN] 101000444 (parent: 010001444)
[t=0.043390s, 10068 KB] [GEN] 200100444 (parent: 010001444)
[t=0.043390s, 10068 KB] [GEN] 300010444 (parent: 010001444)
[t=0.043390s, 10068 KB] [GEN] 310010144 (parent: 301011044)
[t=0.043390s, 10068 KB] [GEN] 300110244 (parent: 301011044)
[t=0.043390s, 10068 KB] [GEN] 300010444 (parent: 301011044)
[t=0.043390s, 10068 KB] [GEN] 310010414 (parent: 300111404)
[t=0.043390s, 10068 KB] [GEN] 301010424 (parent: 300111404)
[t=0.043390s, 10068 KB] [GEN] 300010444 (parent: 300111404)
[t=0.043390s, 10068 KB] [GEN] 410000144 (parent: 401001044)
[t=0.043390s, 10068 KB] [GEN] 400100244 (parent: 401001044)
[t=0.043390s, 10068 KB] [GEN] 400010344 (parent: 401001044)
[t=0.043390s, 10068 KB] [GEN] 400000444 (parent: 401001044)
[t=0.043876s, 10068 KB] [GEN] 411000124 (parent: 410101104)
[t=0.043876s, 10068 KB] [GEN] 410010134 (parent: 410101104)
[t=0.043876s, 10068 KB] [GEN] 410000144 (parent: 410101104)
[t=0.043876s, 10068 KB] [GEN] 411000142 (parent: 410011140)
[t=0.043876s, 10068 KB] [GEN] 410100143 (parent: 410011140)
[t=0.043876s, 10068 KB] [GEN] 410000144 (parent: 410011140)
[t=0.043876s, 10068 KB] [GEN] 400100244 (parent: 010101244)
[t=0.043876s, 10068 KB] [GEN] 101100244 (parent: 010101244)
[t=0.043876s, 10068 KB] [GEN] 300110244 (parent: 010101244)
[t=0.043876s, 10068 KB] [GEN] 410000144 (parent: 401001044)
[t=0.043876s, 10068 KB] [GEN] 400100244 (parent: 401001044)
[t=0.043876s, 10068 KB] [GEN] 400010344 (parent: 401001044)
[t=0.043876s, 10068 KB] [GEN] 400000444 (parent: 401001044)
[t=0.044254s, 10068 KB] [GEN] 410100241 (parent: 400111240)
[t=0.044254s, 10068 KB] [GEN] 401100242 (parent: 400111240)
[t=0.044254s, 10068 KB] [GEN] 400100244 (parent: 400111240)
[t=0.044254s, 10068 KB] [GEN] 400010344 (parent: 010011344)
[t=0.044254s, 10068 KB] [GEN] 101010344 (parent: 010011344)
[t=0.044254s, 10068 KB] [GEN] 200110344 (parent: 010011344)
[t=0.044254s, 10068 KB] [GEN] 410000144 (parent: 401001044)
[t=0.044254s, 10068 KB] [GEN] 400100244 (parent: 401001044)
[t=0.044254s, 10068 KB] [GEN] 400010344 (parent: 401001044)
[t=0.044254s, 10068 KB] [GEN] 400000444 (parent: 401001044)
[t=0.044254s, 10068 KB] [GEN] 410010314 (parent: 400111304)
[t=0.044254s, 10068 KB] [GEN] 401010324 (parent: 400111304)
[t=0.044254s, 10068 KB] [GEN] 400010344 (parent: 400111304)
[t=0.044254s, 10068 KB] [GEN] 400000444 (parent: 010001444)
[t=0.044254s, 10068 KB] [GEN] 101000444 (parent: 010001444)
[t=0.044254s, 10068 KB] [GEN] 200100444 (parent: 010001444)
[t=0.044254s, 10068 KB] [GEN] 300010444 (parent: 010001444)
[t=0.044254s, 10068 KB] [GEN] 410000144 (parent: 401001044)
[t=0.044254s, 10068 KB] [GEN] 400100244 (parent: 401001044)
[t=0.044254s, 10068 KB] [GEN] 400010344 (parent: 401001044)
[t=0.044254s, 10068 KB] [GEN] 400000444 (parent: 401001044)
[t=0.044254s, 10068 KB] [GEN] 410000414 (parent: 400101404)
[t=0.044254s, 10068 KB] [GEN] 401000424 (parent: 400101404)
[t=0.044254s, 10068 KB] [GEN] 400010434 (parent: 400101404)
[t=0.044254s, 10068 KB] [GEN] 400000444 (parent: 400101404)
[t=0.044254s, 10068 KB] [GEN] 410000441 (parent: 400011440)
[t=0.044856s, 10068 KB] [GEN] 401000442 (parent: 400011440)
[t=0.044856s, 10068 KB] [GEN] 400100443 (parent: 400011440)
[t=0.044856s, 10068 KB] [GEN] 400000444 (parent: 400011440)
[t=0.044856s, 10068 KB] [GEN] 411000124 (parent: 410101104)
[t=0.045108s, 10068 KB] [GEN] 410010134 (parent: 410101104)
[t=0.045108s, 10068 KB] [GEN] 410000144 (parent: 410101104)
[t=0.045108s, 10068 KB] [GEN] 411100123 (parent: 411011120)
[t=0.045108s, 10068 KB] Solution found!
[t=0.045108s, 10068 KB] Found a solution with width_k = 1
[t=0.045108s, 10068 KB] Actual search time: 0.038350s
pick-up b (1)
stack b a (1)
pick-up c (1)
stack c b (1)
pick-up d (1)
stack d c (1)
[t=0.045108s, 10068 KB] Plan length: 6 step(s).
[t=0.045108s, 10068 KB] Plan cost: 6
[t=0.045108s, 10068 KB] Expanded 0 state(s).
[t=0.045108s, 10068 KB] Reopened 0 state(s).
[t=0.045108s, 10068 KB] Evaluated 1330 state(s).
[t=0.045108s, 10068 KB] Evaluations: 107
[t=0.045108s, 10068 KB] Generated 1328 state(s).
[t=0.045108s, 10068 KB] Dead ends: 0 state(s).
[t=0.045108s, 10068 KB] Number of registered states: 108
[t=0.045108s, 10068 KB] Int hash set load factor: 108/128 = 0.843750
[t=0.045108s, 10068 KB] Int hash set resizes: 7
[t=0.045108s, 10068 KB] Search time: 0.038350s
[t=0.045108s, 10068 KB] Total time: 0.045108s
Solution found.
Peak memory: 10068 KB
Remove intermediate file output.sas
search exit code: 0

INFO     Planner time: 0.34s
