INFO     planner time limit: 600s
INFO     planner memory limit: 3584 MB

INFO     Running translator.
INFO     translator stdin: None
INFO     translator time limit: 599s
INFO     translator memory limit: 3584 MB
INFO     translator command line string: /home/valdrin/downward/downward/experiments/hw-vs-nw/.venv/bin/python /home/valdrin/downward/downward/experiments/hw-vs-nw/data/hwvsnw/code-8cfc3cd96b43071d367ea402fd9dfee6c82d71a7_e5e41175/builds/release/bin/translate/translate.py domain.pddl problem.pddl --sas-file output.sas
Parsing...
Parsing: [0.000s CPU, 0.001s wall-clock]
Normalizing task... [0.000s CPU, 0.000s wall-clock]
Instantiating...
Generating Datalog program... [0.000s CPU, 0.000s wall-clock]
Normalizing Datalog program...
Normalizing Datalog program: [0.000s CPU, 0.001s wall-clock]
Preparing model... [0.000s CPU, 0.000s wall-clock]
Generated 21 rules.
Computing model... [0.010s CPU, 0.000s wall-clock]
78 relevant atoms
52 auxiliary atoms
130 final queue length
206 total queue pushes
Completing instantiation... [0.000s CPU, 0.001s wall-clock]
Instantiating: [0.010s CPU, 0.002s wall-clock]
Computing fact groups...
Finding invariants...
10 initial candidates
Finding invariants: [0.000s CPU, 0.001s wall-clock]
Checking invariant weight... [0.000s CPU, 0.000s wall-clock]
Instantiating groups... [0.000s CPU, 0.000s wall-clock]
Collecting mutex groups... [0.000s CPU, 0.000s wall-clock]
Choosing groups...
5 uncovered facts
Choosing groups: [0.000s CPU, 0.000s wall-clock]
Building translation key... [0.000s CPU, 0.000s wall-clock]
Computing fact groups: [0.000s CPU, 0.001s wall-clock]
Building STRIPS to SAS dictionary... [0.000s CPU, 0.000s wall-clock]
Building dictionary for full mutex groups... [0.000s CPU, 0.000s wall-clock]
Building mutex information...
Building mutex information: [0.000s CPU, 0.000s wall-clock]
Translating task...
Processing axioms...
Simplifying axioms... [0.000s CPU, 0.000s wall-clock]
Translator axioms removed by simplifying: 0
Processing axioms: [0.000s CPU, 0.000s wall-clock]
Translating task: [0.000s CPU, 0.001s wall-clock]
44 effect conditions simplified
0 implied preconditions added
Detecting unreachable propositions...
0 operators removed
0 axioms removed
8 propositions removed
Detecting unreachable propositions: [0.000s CPU, 0.000s wall-clock]
Reordering and filtering variables...
9 of 9 variables necessary.
5 of 9 mutex groups necessary.
32 of 32 operators necessary.
0 of 0 axiom rules necessary.
Reordering and filtering variables: [0.000s CPU, 0.000s wall-clock]
Translator variables: 9
Translator derived variables: 0
Translator facts: 30
Translator goal facts: 3
Translator mutex groups: 5
Translator total mutex groups size: 25
Translator operators: 32
Translator axioms: 0
Translator task size: 295
Translator peak memory: 33272 KB
Writing output... [0.000s CPU, 0.000s wall-clock]
Done! [0.010s CPU, 0.007s wall-clock]
translate exit code: 0

INFO     Running search (release).
INFO     search stdin: output.sas
INFO     search time limit: 599s
INFO     search memory limit: 3584 MB
INFO     search command line string: /home/valdrin/downward/downward/experiments/hw-vs-nw/data/hwvsnw/code-8cfc3cd96b43071d367ea402fd9dfee6c82d71a7_e5e41175/builds/release/bin/downward --search 'framework(open=single(eval=blind()), Widthtype=1, width_k=1)' --internal-plan-file sas_plan < output.sas
[t=0.000879s, 9792 KB] reading input...
[t=0.000999s, 9792 KB] done reading input!
[t=0.001906s, 10048 KB] Initializing blind search heuristic...
[t=0.002087s, 10048 KB] Building successor generator...done!
[t=0.002131s, 10048 KB] peak memory difference for successor generator creation: 0 KB
[t=0.002145s, 10048 KB] time for successor generation creation: 0.000000s
[t=0.002154s, 10048 KB] Variables: 9
[t=0.002164s, 10048 KB] FactPairs: 30
[t=0.002172s, 10048 KB] Bytes per state: 4
[t=0.002181s, 10048 KB] Conducting width-based search without reopening closed nodes, (real) bound = 2147483647
[t=0.002198s, 10048 KB] HELLOO: 
[t=0.002213s, 10048 KB] Couldn't find a solution with width_k = 1
[t=0.002279s, 10048 KB] Restarting search with increased width_k = 2
[t=0.002287s, 10048 KB] Conducting width-based search without reopening closed nodes, (real) bound = 2147483647
[t=0.002298s, 10048 KB] HELLOO: 
[t=0.003767s, 10048 KB] Couldn't find a solution with width_k = 2
[t=0.004470s, 10048 KB] Restarting search with increased width_k = 3
[t=0.004478s, 10048 KB] Conducting width-based search without reopening closed nodes, (real) bound = 2147483647
[t=0.004486s, 10048 KB] HELLOO: 
[t=0.031724s, 10184 KB] Solution found!
[t=0.032452s, 10184 KB] Found a solution with width_k = 3
[t=0.032478s, 10184 KB] Actual search time: 0.030266s
[t=0.032503s, 10184 KB] Plan length: 0 step(s).
[t=0.032503s, 10184 KB] Plan cost: 0
[t=0.032503s, 10184 KB] Expanded 178 state(s).
[t=0.032503s, 10184 KB] Reopened 0 state(s).
[t=0.032503s, 10184 KB] Evaluated 201 state(s).
[t=0.032503s, 10184 KB] Evaluations: 107
[t=0.032503s, 10184 KB] Generated 469 state(s).
[t=0.032503s, 10184 KB] Dead ends: 0 state(s).
[t=0.032503s, 10184 KB] Number of registered states: 108
[t=0.032503s, 10184 KB] Int hash set load factor: 108/128 = 0.843750
[t=0.032503s, 10184 KB] Int hash set resizes: 7
[t=0.032503s, 10184 KB] Search time: 0.030322s
[t=0.032503s, 10184 KB] Total time: 0.032503s
Solution found.
Peak memory: 10184 KB
Remove intermediate file output.sas
search exit code: 0

INFO     Planner time: 0.11s
