INFO     planner time limit: 1800s
INFO     planner memory limit: 3584 MB

INFO     Running translator.
INFO     translator stdin: None
INFO     translator time limit: 1799s
INFO     translator memory limit: 3584 MB
INFO     translator command line string: /scicore/soft/easybuild/apps/Python/3.11.5-GCCcore-13.2.0/bin/python3 /infai/sherem0000/projects/Bachelor_Novelty_Hamming/experiments/hw-vs-nw/data/hwvsnw/code-fefcf272623fb3c3676766dff98f22c88de74ae1_e5e41175/builds/release/bin/translate/translate.py domain.pddl problem.pddl --sas-file output.sas
Parsing...
Parsing: [0.000s CPU, 0.004s wall-clock]
Normalizing task... [0.000s CPU, 0.000s wall-clock]
Instantiating...
Generating Datalog program... [0.000s CPU, 0.000s wall-clock]
Normalizing Datalog program...
Normalizing Datalog program: [0.000s CPU, 0.002s wall-clock]
Preparing model... [0.000s CPU, 0.000s wall-clock]
Generated 21 rules.
Computing model... [0.000s CPU, 0.001s wall-clock]
112 relevant atoms
75 auxiliary atoms
187 final queue length
299 total queue pushes
Completing instantiation... [0.000s CPU, 0.002s wall-clock]
Instantiating: [0.000s CPU, 0.006s wall-clock]
Computing fact groups...
Finding invariants...
10 initial candidates
Finding invariants: [0.000s CPU, 0.002s wall-clock]
Checking invariant weight... [0.000s CPU, 0.000s wall-clock]
Instantiating groups... [0.010s CPU, 0.000s wall-clock]
Collecting mutex groups... [0.000s CPU, 0.000s wall-clock]
Choosing groups...
6 uncovered facts
Choosing groups: [0.000s CPU, 0.000s wall-clock]
Building translation key... [0.000s CPU, 0.000s wall-clock]
Computing fact groups: [0.010s CPU, 0.003s wall-clock]
Building STRIPS to SAS dictionary... [0.000s CPU, 0.000s wall-clock]
Building dictionary for full mutex groups... [0.000s CPU, 0.000s wall-clock]
Building mutex information...
Building mutex information: [0.000s CPU, 0.000s wall-clock]
Translating task...
Processing axioms...
Simplifying axioms... [0.000s CPU, 0.000s wall-clock]
Translator axioms removed by simplifying: 0
Processing axioms: [0.000s CPU, 0.000s wall-clock]
Translating task: [0.000s CPU, 0.002s wall-clock]
70 effect conditions simplified
0 implied preconditions added
Detecting unreachable propositions...
0 operators removed
0 axioms removed
10 propositions removed
Detecting unreachable propositions: [0.000s CPU, 0.001s wall-clock]
Reordering and filtering variables...
11 of 11 variables necessary.
6 of 11 mutex groups necessary.
50 of 50 operators necessary.
0 of 0 axiom rules necessary.
Reordering and filtering variables: [0.000s CPU, 0.001s wall-clock]
Translator variables: 11
Translator derived variables: 0
Translator facts: 42
Translator goal facts: 4
Translator mutex groups: 6
Translator total mutex groups size: 36
Translator operators: 50
Translator axioms: 0
Translator task size: 453
Translator peak memory: 34080 KB
Writing output... [0.000s CPU, 0.003s wall-clock]
Done! [0.010s CPU, 0.020s wall-clock]
translate exit code: 0

INFO     Running search (release).
INFO     search stdin: output.sas
INFO     search time limit: 1799s
INFO     search memory limit: 3584 MB
INFO     search command line string: /infai/sherem0000/projects/Bachelor_Novelty_Hamming/experiments/hw-vs-nw/data/hwvsnw/code-fefcf272623fb3c3676766dff98f22c88de74ae1_e5e41175/builds/release/bin/downward --search 'framework(open=single(eval=blind()), Widthtype=2, width_k=1)' --internal-plan-file sas_plan < output.sas
[t=0.000000s, 10384 KB] reading input...
[t=0.000000s, 10384 KB] done reading input!
[t=0.004001s, 10640 KB] Initializing blind search heuristic...
[t=0.004001s, 10640 KB] Building successor generator...done!
[t=0.004001s, 10640 KB] peak memory difference for successor generator creation: 0 KB
[t=0.004001s, 10640 KB] time for successor generation creation: 0.000000s
[t=0.004001s, 10640 KB] Variables: 11
[t=0.004001s, 10640 KB] FactPairs: 42
[t=0.004001s, 10640 KB] Bytes per state: 4
[t=0.004001s, 10640 KB] Conducting width-based search without reopening closed nodes, (real) bound = 2147483647
[t=0.004001s, 10640 KB] Initial heuristic value for blind: 1
[t=0.004001s, 10640 KB] Couldn't find a solution with width_k = 1
[t=0.004001s, 10640 KB] Restarting search with increased width_k = 2
[t=0.004001s, 10640 KB] Conducting width-based search without reopening closed nodes, (real) bound = 2147483647
[t=0.004001s, 10640 KB] Initial heuristic value for blind: 1
[t=0.004001s, 10640 KB] Couldn't find a solution with width_k = 2
[t=0.004001s, 10640 KB] Restarting search with increased width_k = 3
[t=0.004001s, 10640 KB] Conducting width-based search without reopening closed nodes, (real) bound = 2147483647
[t=0.004001s, 10640 KB] Initial heuristic value for blind: 1
[t=0.004001s, 10640 KB] Couldn't find a solution with width_k = 3
[t=0.004001s, 10640 KB] Restarting search with increased width_k = 4
[t=0.004001s, 10640 KB] Conducting width-based search without reopening closed nodes, (real) bound = 2147483647
[t=0.004001s, 10776 KB] Initial heuristic value for blind: 1
[t=0.019934s, 10776 KB] Couldn't find a solution with width_k = 4
[t=0.019934s, 10776 KB] Restarting search with increased width_k = 5
[t=0.019934s, 10776 KB] Conducting width-based search without reopening closed nodes, (real) bound = 2147483647
[t=0.019934s, 10776 KB] Initial heuristic value for blind: 1
[t=0.107935s, 11140 KB] Couldn't find a solution with width_k = 5
[t=0.107935s, 11140 KB] Restarting search with increased width_k = 6
[t=0.107935s, 11140 KB] Conducting width-based search without reopening closed nodes, (real) bound = 2147483647
[t=0.107935s, 11140 KB] Initial heuristic value for blind: 1
[t=12.061909s, 14940 KB] Couldn't find a solution with width_k = 6
[t=12.061909s, 14940 KB] Restarting search with increased width_k = 7
[t=12.061909s, 14940 KB] Conducting width-based search without reopening closed nodes, (real) bound = 2147483647
[t=12.061909s, 14940 KB] Initial heuristic value for blind: 1
[t=68.482586s, 19268 KB] Couldn't find a solution with width_k = 7
[t=68.482586s, 19268 KB] Restarting search with increased width_k = 8
[t=68.482586s, 19268 KB] Conducting width-based search without reopening closed nodes, (real) bound = 2147483647
[t=68.482586s, 19268 KB] Initial heuristic value for blind: 1
[t=129.853463s, 20360 KB] Couldn't find a solution with width_k = 8
[t=129.853463s, 20360 KB] Restarting search with increased width_k = 9
[t=129.853463s, 20360 KB] Conducting width-based search without reopening closed nodes, (real) bound = 2147483647
[t=129.853463s, 20360 KB] Initial heuristic value for blind: 1
[t=135.310452s, 20360 KB] Solution found!
[t=135.310452s, 20360 KB] Found a solution with width_k = 9
[t=135.310452s, 20360 KB] Actual search time: 135.306451s
unstack c e (1)
put-down c (1)
unstack e b (1)
put-down e (1)
unstack b a (1)
put-down b (1)
pick-up e (1)
stack e a (1)
pick-up b (1)
stack b e (1)
pick-up d (1)
stack d c (1)
unstack b e (1)
stack b d (1)
unstack e a (1)
stack e b (1)
pick-up a (1)
stack a e (1)
[t=135.310452s, 20360 KB] Plan length: 18 step(s).
[t=135.310452s, 20360 KB] Plan cost: 18
[t=135.310452s, 20360 KB] Expanded 0 state(s).
[t=135.310452s, 20360 KB] Reopened 0 state(s).
[t=135.310452s, 20360 KB] Evaluated 1722 state(s).
[t=135.310452s, 20360 KB] Evaluations: 724
[t=135.310452s, 20360 KB] Generated 4256 state(s).
[t=135.310452s, 20360 KB] Dead ends: 0 state(s).
[t=135.310452s, 20360 KB] Number of registered states: 761
[t=135.310452s, 20360 KB] Int hash set load factor: 761/1024 = 0.743164
[t=135.310452s, 20360 KB] Int hash set resizes: 10
[t=135.310452s, 20360 KB] Search time: 135.306451s
[t=135.310452s, 20360 KB] Total time: 135.310452s
Solution found.
Peak memory: 20360 KB
Remove intermediate file output.sas
search exit code: 0

INFO     Running validate.
INFO     validate stdin: None
INFO     validate time limit: None
INFO     validate memory limit: None
INFO     validate command line string: /infai/sherem0000/bin/validate domain.pddl problem.pddl sas_plan
Checking plan: sas_plan
Plan executed successfully - checking goal
Plan valid
Final value: 18 

Successful plans:
Value: 18
 sas_plan 18 

validate exit code: 0

INFO     Planner time: 135.53s
