INFO     planner time limit: 1800s
INFO     planner memory limit: 3584 MB

INFO     Running translator.
INFO     translator stdin: None
INFO     translator time limit: 1799s
INFO     translator memory limit: 3584 MB
INFO     translator command line string: /scicore/soft/easybuild/apps/Python/3.11.5-GCCcore-13.2.0/bin/python3 /infai/sherem0000/projects/Bachelor_Novelty_Hamming/experiments/hw-vs-nw/data/hwvsnw/code-fefcf272623fb3c3676766dff98f22c88de74ae1_e5e41175/builds/release/bin/translate/translate.py domain.pddl problem.pddl --sas-file output.sas
Parsing...
Parsing: [0.000s CPU, 0.003s wall-clock]
Normalizing task... [0.000s CPU, 0.000s wall-clock]
Instantiating...
Generating Datalog program... [0.000s CPU, 0.000s wall-clock]
Normalizing Datalog program...
Normalizing Datalog program: [0.010s CPU, 0.001s wall-clock]
Preparing model... [0.000s CPU, 0.000s wall-clock]
Generated 21 rules.
Computing model... [0.000s CPU, 0.002s wall-clock]
152 relevant atoms
102 auxiliary atoms
254 final queue length
412 total queue pushes
Completing instantiation... [0.000s CPU, 0.002s wall-clock]
Instantiating: [0.010s CPU, 0.006s wall-clock]
Computing fact groups...
Finding invariants...
10 initial candidates
Finding invariants: [0.000s CPU, 0.002s wall-clock]
Checking invariant weight... [0.000s CPU, 0.000s wall-clock]
Instantiating groups... [0.000s CPU, 0.000s wall-clock]
Collecting mutex groups... [0.000s CPU, 0.000s wall-clock]
Choosing groups...
7 uncovered facts
Choosing groups: [0.000s CPU, 0.000s wall-clock]
Building translation key... [0.000s CPU, 0.000s wall-clock]
Computing fact groups: [0.000s CPU, 0.003s wall-clock]
Building STRIPS to SAS dictionary... [0.000s CPU, 0.000s wall-clock]
Building dictionary for full mutex groups... [0.000s CPU, 0.000s wall-clock]
Building mutex information...
Building mutex information: [0.000s CPU, 0.000s wall-clock]
Translating task...
Processing axioms...
Simplifying axioms... [0.000s CPU, 0.000s wall-clock]
Translator axioms removed by simplifying: 0
Processing axioms: [0.000s CPU, 0.000s wall-clock]
Translating task: [0.010s CPU, 0.003s wall-clock]
102 effect conditions simplified
0 implied preconditions added
Detecting unreachable propositions...
0 operators removed
0 axioms removed
12 propositions removed
Detecting unreachable propositions: [0.000s CPU, 0.001s wall-clock]
Reordering and filtering variables...
13 of 13 variables necessary.
7 of 13 mutex groups necessary.
72 of 72 operators necessary.
0 of 0 axiom rules necessary.
Reordering and filtering variables: [0.000s CPU, 0.001s wall-clock]
Translator variables: 13
Translator derived variables: 0
Translator facts: 56
Translator goal facts: 5
Translator mutex groups: 7
Translator total mutex groups size: 49
Translator operators: 72
Translator axioms: 0
Translator task size: 645
Translator peak memory: 34080 KB
Writing output... [0.000s CPU, 0.003s wall-clock]
Done! [0.020s CPU, 0.019s wall-clock]
translate exit code: 0

INFO     Running search (release).
INFO     search stdin: output.sas
INFO     search time limit: 1799s
INFO     search memory limit: 3584 MB
INFO     search command line string: /infai/sherem0000/projects/Bachelor_Novelty_Hamming/experiments/hw-vs-nw/data/hwvsnw/code-fefcf272623fb3c3676766dff98f22c88de74ae1_e5e41175/builds/release/bin/downward --search 'framework(open=single(eval=blind()), Widthtype=2, width_k=1)' --internal-plan-file sas_plan < output.sas
[t=0.000000s, 10384 KB] reading input...
[t=0.000000s, 10384 KB] done reading input!
[t=0.004000s, 10640 KB] Initializing blind search heuristic...
[t=0.004000s, 10640 KB] Building successor generator...done!
[t=0.004000s, 10640 KB] peak memory difference for successor generator creation: 0 KB
[t=0.004000s, 10640 KB] time for successor generation creation: 0.000000s
[t=0.004000s, 10640 KB] Variables: 13
[t=0.004000s, 10640 KB] FactPairs: 56
[t=0.004000s, 10640 KB] Bytes per state: 4
[t=0.004000s, 10640 KB] Conducting width-based search without reopening closed nodes, (real) bound = 2147483647
[t=0.004000s, 10640 KB] Initial heuristic value for blind: 1
[t=0.004000s, 10640 KB] Couldn't find a solution with width_k = 1
[t=0.004000s, 10640 KB] Restarting search with increased width_k = 2
[t=0.004000s, 10640 KB] Conducting width-based search without reopening closed nodes, (real) bound = 2147483647
[t=0.004000s, 10640 KB] Initial heuristic value for blind: 1
[t=0.004000s, 10640 KB] Couldn't find a solution with width_k = 2
[t=0.004000s, 10640 KB] Restarting search with increased width_k = 3
[t=0.004000s, 10640 KB] Conducting width-based search without reopening closed nodes, (real) bound = 2147483647
[t=0.008000s, 10776 KB] Initial heuristic value for blind: 1
[t=0.008000s, 10776 KB] Couldn't find a solution with width_k = 3
[t=0.008000s, 10776 KB] Restarting search with increased width_k = 4
[t=0.008000s, 10776 KB] Conducting width-based search without reopening closed nodes, (real) bound = 2147483647
[t=0.008000s, 10776 KB] Initial heuristic value for blind: 1
[t=0.075916s, 11164 KB] Couldn't find a solution with width_k = 4
[t=0.075916s, 11164 KB] Restarting search with increased width_k = 5
[t=0.075916s, 11164 KB] Conducting width-based search without reopening closed nodes, (real) bound = 2147483647
[t=0.075916s, 11164 KB] Initial heuristic value for blind: 1
[t=1.203365s, 12548 KB] Couldn't find a solution with width_k = 5
[t=1.203365s, 12548 KB] Restarting search with increased width_k = 6
[t=1.203365s, 12548 KB] Conducting width-based search without reopening closed nodes, (real) bound = 2147483647
[t=1.207365s, 12548 KB] Initial heuristic value for blind: 1
[t=167.742506s, 28168 KB] Couldn't find a solution with width_k = 6
[t=167.742506s, 28168 KB] Restarting search with increased width_k = 7
[t=167.742506s, 28168 KB] Conducting width-based search without reopening closed nodes, (real) bound = 2147483647
[t=167.750505s, 28168 KB] Initial heuristic value for blind: 1
Peak memory: 46128 KB
caught signal 24 -- exiting
Time limit has been reached.
Remove intermediate file output.sas
search exit code: 23

Driver aborting after search
INFO     Planner time: 1798.91s
