INFO     planner time limit: 600s
INFO     planner memory limit: 3584 MB

INFO     Running translator.
INFO     translator stdin: None
INFO     translator time limit: 599s
INFO     translator memory limit: 3584 MB
INFO     translator command line string: /home/valdrin/downward/downward/experiments/hw-vs-nw/.venv/bin/python /home/valdrin/downward/downward/experiments/hw-vs-nw/data/hwvsnw/code-8cfc3cd96b43071d367ea402fd9dfee6c82d71a7_e5e41175/builds/release/bin/translate/translate.py domain.pddl problem.pddl --sas-file output.sas
Parsing...
Parsing: [0.000s CPU, 0.008s wall-clock]
Normalizing task... [0.000s CPU, 0.000s wall-clock]
Instantiating...
Generating Datalog program... [0.000s CPU, 0.000s wall-clock]
Normalizing Datalog program...
Normalizing Datalog program: [0.000s CPU, 0.001s wall-clock]
Preparing model... [0.000s CPU, 0.000s wall-clock]
Generated 21 rules.
Computing model... [0.000s CPU, 0.004s wall-clock]
112 relevant atoms
75 auxiliary atoms
187 final queue length
299 total queue pushes
Completing instantiation... [0.010s CPU, 0.005s wall-clock]
Instantiating: [0.010s CPU, 0.010s wall-clock]
Computing fact groups...
Finding invariants...
10 initial candidates
Finding invariants: [0.000s CPU, 0.003s wall-clock]
Checking invariant weight... [0.000s CPU, 0.000s wall-clock]
Instantiating groups... [0.000s CPU, 0.000s wall-clock]
Collecting mutex groups... [0.000s CPU, 0.000s wall-clock]
Choosing groups...
6 uncovered facts
Choosing groups: [0.000s CPU, 0.000s wall-clock]
Building translation key... [0.000s CPU, 0.000s wall-clock]
Computing fact groups: [0.000s CPU, 0.003s wall-clock]
Building STRIPS to SAS dictionary... [0.000s CPU, 0.000s wall-clock]
Building dictionary for full mutex groups... [0.000s CPU, 0.000s wall-clock]
Building mutex information...
Building mutex information: [0.000s CPU, 0.000s wall-clock]
Translating task...
Processing axioms...
Simplifying axioms... [0.000s CPU, 0.000s wall-clock]
Translator axioms removed by simplifying: 0
Processing axioms: [0.000s CPU, 0.000s wall-clock]
Translating task: [0.000s CPU, 0.001s wall-clock]
70 effect conditions simplified
0 implied preconditions added
Detecting unreachable propositions...
0 operators removed
0 axioms removed
10 propositions removed
Detecting unreachable propositions: [0.000s CPU, 0.001s wall-clock]
Reordering and filtering variables...
11 of 11 variables necessary.
6 of 11 mutex groups necessary.
50 of 50 operators necessary.
0 of 0 axiom rules necessary.
Reordering and filtering variables: [0.000s CPU, 0.001s wall-clock]
Translator variables: 11
Translator derived variables: 0
Translator facts: 42
Translator goal facts: 4
Translator mutex groups: 6
Translator total mutex groups size: 36
Translator operators: 50
Translator axioms: 0
Translator task size: 453
Translator peak memory: 33268 KB
Writing output... [0.000s CPU, 0.001s wall-clock]
Done! [0.010s CPU, 0.024s wall-clock]
translate exit code: 0

INFO     Running search (release).
INFO     search stdin: output.sas
INFO     search time limit: 599s
INFO     search memory limit: 3584 MB
INFO     search command line string: /home/valdrin/downward/downward/experiments/hw-vs-nw/data/hwvsnw/code-8cfc3cd96b43071d367ea402fd9dfee6c82d71a7_e5e41175/builds/release/bin/downward --search 'framework(open=single(eval=blind()), Widthtype=1, width_k=1)' --internal-plan-file sas_plan < output.sas
[t=0.000000s, 9792 KB] reading input...
[t=0.000804s, 9792 KB] done reading input!
[t=0.001819s, 10048 KB] Initializing blind search heuristic...
[t=0.002012s, 10048 KB] Building successor generator...done!
[t=0.002060s, 10048 KB] peak memory difference for successor generator creation: 0 KB
[t=0.002075s, 10048 KB] time for successor generation creation: 0.000000s
[t=0.002084s, 10048 KB] Variables: 11
[t=0.002099s, 10048 KB] FactPairs: 42
[t=0.002109s, 10048 KB] Bytes per state: 4
[t=0.002117s, 10048 KB] Conducting width-based search without reopening closed nodes, (real) bound = 2147483647
[t=0.002142s, 10048 KB] HELLOO: 
[t=0.002157s, 10048 KB] Couldn't find a solution with width_k = 1
[t=0.002226s, 10048 KB] Restarting search with increased width_k = 2
[t=0.002234s, 10048 KB] Conducting width-based search without reopening closed nodes, (real) bound = 2147483647
[t=0.002249s, 10048 KB] HELLOO: 
[t=0.016227s, 10192 KB] Couldn't find a solution with width_k = 2
[t=0.016529s, 10192 KB] Restarting search with increased width_k = 3
[t=0.016539s, 10192 KB] Conducting width-based search without reopening closed nodes, (real) bound = 2147483647
[t=0.016548s, 10192 KB] HELLOO: 
[t=1.080415s, 10532 KB] Couldn't find a solution with width_k = 3
[t=1.080415s, 10532 KB] Restarting search with increased width_k = 4
[t=1.080415s, 10532 KB] Conducting width-based search without reopening closed nodes, (real) bound = 2147483647
[t=1.080415s, 10532 KB] HELLOO: 
[t=8.726685s, 11972 KB] Solution found!
[t=8.726685s, 11972 KB] Found a solution with width_k = 4
[t=8.726685s, 11972 KB] Actual search time: 8.724528s
[t=8.726685s, 11972 KB] Plan length: 0 step(s).
[t=8.726685s, 11972 KB] Plan cost: 0
[t=8.726685s, 11972 KB] Expanded 1291 state(s).
[t=8.726685s, 11972 KB] Reopened 0 state(s).
[t=8.726685s, 11972 KB] Evaluated 1418 state(s).
[t=8.726685s, 11972 KB] Evaluations: 689
[t=8.726685s, 11972 KB] Generated 3499 state(s).
[t=8.726685s, 11972 KB] Dead ends: 0 state(s).
[t=8.726685s, 11972 KB] Number of registered states: 737
[t=8.726685s, 11972 KB] Int hash set load factor: 737/1024 = 0.719727
[t=8.726685s, 11972 KB] Int hash set resizes: 10
[t=8.726685s, 11972 KB] Search time: 8.724568s
[t=8.726685s, 11972 KB] Total time: 8.726685s
Solution found.
Peak memory: 11972 KB
Remove intermediate file output.sas
search exit code: 0

INFO     Planner time: 8.81s
