INFO     planner time limit: 1800s
INFO     planner memory limit: 3584 MB

INFO     Running translator.
INFO     translator stdin: None
INFO     translator time limit: 1799s
INFO     translator memory limit: 3584 MB
INFO     translator command line string: /scicore/soft/easybuild/apps/Python/3.11.5-GCCcore-13.2.0/bin/python3 /infai/sherem0000/projects/Bachelor_Novelty_Hamming/experiments/hw-vs-nw/data/hwvsnw/code-fefcf272623fb3c3676766dff98f22c88de74ae1_e5e41175/builds/release/bin/translate/translate.py domain.pddl problem.pddl --sas-file output.sas
Parsing...
Parsing: [0.000s CPU, 0.005s wall-clock]
Normalizing task... [0.000s CPU, 0.000s wall-clock]
Instantiating...
Generating Datalog program... [0.000s CPU, 0.000s wall-clock]
Normalizing Datalog program...
Normalizing Datalog program: [0.010s CPU, 0.003s wall-clock]
Preparing model... [0.000s CPU, 0.001s wall-clock]
Generated 25 rules.
Computing model... [0.000s CPU, 0.006s wall-clock]
462 relevant atoms
611 auxiliary atoms
1073 final queue length
1648 total queue pushes
Completing instantiation... [0.010s CPU, 0.007s wall-clock]
Instantiating: [0.020s CPU, 0.017s wall-clock]
Computing fact groups...
Finding invariants...
7 initial candidates
Finding invariants: [0.000s CPU, 0.002s wall-clock]
Checking invariant weight... [0.000s CPU, 0.000s wall-clock]
Instantiating groups... [0.000s CPU, 0.000s wall-clock]
Collecting mutex groups... [0.000s CPU, 0.000s wall-clock]
Choosing groups...
0 uncovered facts
Choosing groups: [0.000s CPU, 0.000s wall-clock]
Building translation key... [0.000s CPU, 0.000s wall-clock]
Computing fact groups: [0.000s CPU, 0.003s wall-clock]
Building STRIPS to SAS dictionary... [0.000s CPU, 0.000s wall-clock]
Building dictionary for full mutex groups... [0.000s CPU, 0.000s wall-clock]
Building mutex information...
Building mutex information: [0.000s CPU, 0.000s wall-clock]
Translating task...
Processing axioms...
Simplifying axioms... [0.000s CPU, 0.000s wall-clock]
Translator axioms removed by simplifying: 0
Processing axioms: [0.000s CPU, 0.000s wall-clock]
Translating task: [0.010s CPU, 0.006s wall-clock]
0 effect conditions simplified
0 implied preconditions added
Detecting unreachable propositions...
0 operators removed
0 axioms removed
34 propositions removed
Detecting unreachable propositions: [0.000s CPU, 0.003s wall-clock]
Reordering and filtering variables...
34 of 34 variables necessary.
0 of 34 mutex groups necessary.
185 of 185 operators necessary.
0 of 0 axiom rules necessary.
Reordering and filtering variables: [0.000s CPU, 0.002s wall-clock]
Translator variables: 34
Translator derived variables: 0
Translator facts: 100
Translator goal facts: 33
Translator mutex groups: 0
Translator total mutex groups size: 0
Translator operators: 185
Translator axioms: 0
Translator task size: 1634
Translator peak memory: 35104 KB
Writing output... [0.000s CPU, 0.004s wall-clock]
Done! [0.030s CPU, 0.042s wall-clock]
translate exit code: 0

INFO     Running search (release).
INFO     search stdin: output.sas
INFO     search time limit: 1799s
INFO     search memory limit: 3584 MB
INFO     search command line string: /infai/sherem0000/projects/Bachelor_Novelty_Hamming/experiments/hw-vs-nw/data/hwvsnw/code-fefcf272623fb3c3676766dff98f22c88de74ae1_e5e41175/builds/release/bin/downward --search 'framework(open=single(eval=blind()), Widthtype=3, width_k=1)' --internal-plan-file sas_plan < output.sas
[t=0.000000s, 10384 KB] reading input...
[t=0.000000s, 10384 KB] done reading input!
[t=0.004000s, 10772 KB] Initializing blind search heuristic...
[t=0.004000s, 10772 KB] Building successor generator...done!
[t=0.004000s, 10772 KB] peak memory difference for successor generator creation: 0 KB
[t=0.004000s, 10772 KB] time for successor generation creation: 0.000000s
[t=0.004000s, 10772 KB] Variables: 34
[t=0.004000s, 10772 KB] FactPairs: 100
[t=0.004000s, 10772 KB] Bytes per state: 8
[t=0.004000s, 10772 KB] Conducting width-based search without reopening closed nodes, (real) bound = 2147483647
[t=0.004000s, 10772 KB] Initial heuristic value for blind: 0
[t=0.004000s, 10772 KB] Couldn't find a solution with width_k = 1
[t=0.004000s, 10772 KB] Restarting search with increased width_k = 2
[t=0.004000s, 10772 KB] Conducting width-based search without reopening closed nodes, (real) bound = 2147483647
[t=0.004000s, 10772 KB] Initial heuristic value for blind: 0
[t=0.079878s, 10772 KB] Couldn't find a solution with width_k = 2
[t=0.079878s, 10772 KB] Restarting search with increased width_k = 3
[t=0.079878s, 10772 KB] Conducting width-based search without reopening closed nodes, (real) bound = 2147483647
[t=0.103877s, 11504 KB] Initial heuristic value for blind: 0
[t=12.066719s, 12912 KB] Solution found!
[t=12.066719s, 12912 KB] Found a solution with width_k = 3
[t=12.070719s, 12912 KB] Actual search time: 12.066719s
jump-new-move pos-4-3 pos-4-4 pos-4-5 (1)
end-move pos-4-5 (0)
jump-new-move pos-3-2 pos-3-3 pos-3-4 (1)
end-move pos-3-4 (0)
jump-new-move pos-2-4 pos-3-4 pos-4-4 (1)
end-move pos-4-4 (0)
jump-new-move pos-4-5 pos-4-4 pos-4-3 (1)
end-move pos-4-3 (0)
jump-new-move pos-5-3 pos-4-3 pos-3-3 (1)
[t=12.070719s, 12912 KB] Plan length: 9 step(s).
[t=12.070719s, 12912 KB] Plan cost: 5
[t=12.070719s, 12912 KB] Expanded 0 state(s).
[t=12.070719s, 12912 KB] Reopened 0 state(s).
[t=12.070719s, 12912 KB] Evaluated 196 state(s).
[t=12.070719s, 12912 KB] Evaluations: 83
[t=12.070719s, 12912 KB] Generated 264 state(s).
[t=12.070719s, 12912 KB] Dead ends: 0 state(s).
[t=12.070719s, 12912 KB] Number of registered states: 84
[t=12.070719s, 12912 KB] Int hash set load factor: 84/128 = 0.656250
[t=12.070719s, 12912 KB] Int hash set resizes: 7
[t=12.070719s, 12912 KB] Search time: 12.066719s
[t=12.070719s, 12912 KB] Total time: 12.070719s
Solution found.
Peak memory: 12912 KB
Remove intermediate file output.sas
search exit code: 0

INFO     Running validate.
INFO     validate stdin: None
INFO     validate time limit: None
INFO     validate memory limit: None
INFO     validate command line string: /infai/sherem0000/bin/validate domain.pddl problem.pddl sas_plan
Checking plan: sas_plan
Plan executed successfully - checking goal
Plan valid
Final value: 5 

Successful plans:
Value: 5
 sas_plan 5 

validate exit code: 0

INFO     Planner time: 12.31s
