INFO     planner time limit: 1800s
INFO     planner memory limit: 3584 MB

INFO     Running translator.
INFO     translator stdin: None
INFO     translator time limit: 1799s
INFO     translator memory limit: 3584 MB
INFO     translator command line string: /scicore/soft/easybuild/apps/Python/3.11.5-GCCcore-13.2.0/bin/python3 /infai/sherem0000/projects/Bachelor_Novelty_Hamming/experiments/hw-vs-nw/data/hwvsnw/code-fefcf272623fb3c3676766dff98f22c88de74ae1_e5e41175/builds/release/bin/translate/translate.py domain.pddl problem.pddl --sas-file output.sas
Parsing...
Parsing: [0.000s CPU, 0.003s wall-clock]
Normalizing task... [0.000s CPU, 0.000s wall-clock]
Instantiating...
Generating Datalog program... [0.000s CPU, 0.000s wall-clock]
Normalizing Datalog program...
Normalizing Datalog program: [0.000s CPU, 0.002s wall-clock]
Preparing model... [0.000s CPU, 0.001s wall-clock]
Generated 24 rules.
Computing model... [0.010s CPU, 0.002s wall-clock]
261 relevant atoms
180 auxiliary atoms
441 final queue length
588 total queue pushes
Completing instantiation... [0.000s CPU, 0.003s wall-clock]
Instantiating: [0.010s CPU, 0.008s wall-clock]
Computing fact groups...
Finding invariants...
10 initial candidates
Finding invariants: [0.000s CPU, 0.001s wall-clock]
Checking invariant weight... [0.000s CPU, 0.000s wall-clock]
Instantiating groups... [0.000s CPU, 0.000s wall-clock]
Collecting mutex groups... [0.000s CPU, 0.000s wall-clock]
Choosing groups...
0 uncovered facts
Choosing groups: [0.000s CPU, 0.000s wall-clock]
Building translation key... [0.000s CPU, 0.000s wall-clock]
Computing fact groups: [0.000s CPU, 0.002s wall-clock]
Building STRIPS to SAS dictionary... [0.000s CPU, 0.000s wall-clock]
Building dictionary for full mutex groups... [0.000s CPU, 0.000s wall-clock]
Building mutex information...
Building mutex information: [0.000s CPU, 0.000s wall-clock]
Translating task...
Processing axioms...
Simplifying axioms... [0.000s CPU, 0.000s wall-clock]
Translator axioms removed by simplifying: 0
Processing axioms: [0.000s CPU, 0.000s wall-clock]
Translating task: [0.000s CPU, 0.003s wall-clock]
0 effect conditions simplified
0 implied preconditions added
Detecting unreachable propositions...
0 operators removed
0 axioms removed
3 propositions removed
Detecting unreachable propositions: [0.010s CPU, 0.002s wall-clock]
Reordering and filtering variables...
19 of 19 variables necessary.
16 of 19 mutex groups necessary.
130 of 130 operators necessary.
0 of 0 axiom rules necessary.
Reordering and filtering variables: [0.000s CPU, 0.001s wall-clock]
Translator variables: 19
Translator derived variables: 0
Translator facts: 84
Translator goal facts: 16
Translator mutex groups: 16
Translator total mutex groups size: 64
Translator operators: 130
Translator axioms: 0
Translator task size: 893
Translator peak memory: 34080 KB
Writing output... [0.000s CPU, 0.003s wall-clock]
Done! [0.020s CPU, 0.023s wall-clock]
translate exit code: 0

INFO     Running search (release).
INFO     search stdin: output.sas
INFO     search time limit: 1799s
INFO     search memory limit: 3584 MB
INFO     search command line string: /infai/sherem0000/projects/Bachelor_Novelty_Hamming/experiments/hw-vs-nw/data/hwvsnw/code-fefcf272623fb3c3676766dff98f22c88de74ae1_e5e41175/builds/release/bin/downward --search 'framework(open=single(eval=blind()), Widthtype=3, width_k=1)' --internal-plan-file sas_plan < output.sas
[t=0.000000s, 10384 KB] reading input...
[t=0.003999s, 10384 KB] done reading input!
[t=0.003999s, 10772 KB] Initializing blind search heuristic...
[t=0.003999s, 10772 KB] Building successor generator...done!
[t=0.007999s, 10772 KB] peak memory difference for successor generator creation: 0 KB
[t=0.007999s, 10772 KB] time for successor generation creation: 0.003999s
[t=0.007999s, 10772 KB] Variables: 19
[t=0.007999s, 10772 KB] FactPairs: 84
[t=0.007999s, 10772 KB] Bytes per state: 8
[t=0.007999s, 10772 KB] Conducting width-based search without reopening closed nodes, (real) bound = 2147483647
[t=0.007999s, 10772 KB] Initial heuristic value for blind: 1
[t=0.007999s, 10772 KB] Couldn't find a solution with width_k = 1
[t=0.007999s, 10772 KB] Restarting search with increased width_k = 2
[t=0.007999s, 10772 KB] Conducting width-based search without reopening closed nodes, (real) bound = 2147483647
[t=0.007999s, 10772 KB] Initial heuristic value for blind: 1
[t=2.134925s, 11128 KB] Couldn't find a solution with width_k = 2
[t=2.134925s, 11128 KB] Restarting search with increased width_k = 3
[t=2.134925s, 11128 KB] Conducting width-based search without reopening closed nodes, (real) bound = 2147483647
[t=2.138926s, 11128 KB] Initial heuristic value for blind: 1
Peak memory: 16528 KB
caught signal 24 -- exiting
Time limit has been reached.
Remove intermediate file output.sas
search exit code: 23

Driver aborting after search
INFO     Planner time: 1798.78s
