INFO     planner time limit: 60s
INFO     planner memory limit: 3584 MB

INFO     Running translator.
INFO     translator stdin: None
INFO     translator time limit: 59s
INFO     translator memory limit: 3584 MB
INFO     translator command line string: /home/valdrin/downward/downward/experiments/hw-vs-nw/.venv/bin/python3 /home/valdrin/downward/downward/experiments/hw-vs-nw/data/hwvsnw/code-f1fe84fbb6ea45aba7ff1dfbb1d43a6b08ee9367_e5e41175/builds/release/bin/translate/translate.py domain.pddl problem.pddl --sas-file output.sas
Parsing...
Parsing: [0.000s CPU, 0.003s wall-clock]
Normalizing task... [0.000s CPU, 0.000s wall-clock]
Instantiating...
Generating Datalog program... [0.000s CPU, 0.000s wall-clock]
Normalizing Datalog program...
Normalizing Datalog program: [0.010s CPU, 0.006s wall-clock]
Preparing model... [0.000s CPU, 0.000s wall-clock]
Generated 21 rules.
Computing model... [0.000s CPU, 0.001s wall-clock]
78 relevant atoms
52 auxiliary atoms
130 final queue length
206 total queue pushes
Completing instantiation... [0.000s CPU, 0.001s wall-clock]
Instantiating: [0.010s CPU, 0.009s wall-clock]
Computing fact groups...
Finding invariants...
10 initial candidates
Finding invariants: [0.000s CPU, 0.001s wall-clock]
Checking invariant weight... [0.000s CPU, 0.000s wall-clock]
Instantiating groups... [0.000s CPU, 0.000s wall-clock]
Collecting mutex groups... [0.000s CPU, 0.000s wall-clock]
Choosing groups...
5 uncovered facts
Choosing groups: [0.000s CPU, 0.000s wall-clock]
Building translation key... [0.000s CPU, 0.000s wall-clock]
Computing fact groups: [0.000s CPU, 0.002s wall-clock]
Building STRIPS to SAS dictionary... [0.000s CPU, 0.000s wall-clock]
Building dictionary for full mutex groups... [0.000s CPU, 0.000s wall-clock]
Building mutex information...
Building mutex information: [0.000s CPU, 0.000s wall-clock]
Translating task...
Processing axioms...
Simplifying axioms... [0.000s CPU, 0.000s wall-clock]
Translator axioms removed by simplifying: 0
Processing axioms: [0.000s CPU, 0.000s wall-clock]
Translating task: [0.000s CPU, 0.003s wall-clock]
44 effect conditions simplified
0 implied preconditions added
Detecting unreachable propositions...
0 operators removed
0 axioms removed
8 propositions removed
Detecting unreachable propositions: [0.000s CPU, 0.001s wall-clock]
Reordering and filtering variables...
9 of 9 variables necessary.
5 of 9 mutex groups necessary.
32 of 32 operators necessary.
0 of 0 axiom rules necessary.
Reordering and filtering variables: [0.000s CPU, 0.000s wall-clock]
Translator variables: 9
Translator derived variables: 0
Translator facts: 30
Translator goal facts: 3
Translator mutex groups: 5
Translator total mutex groups size: 25
Translator operators: 32
Translator axioms: 0
Translator task size: 295
Translator peak memory: 34960 KB
Writing output... [0.000s CPU, 0.002s wall-clock]
Done! [0.010s CPU, 0.020s wall-clock]
translate exit code: 0

INFO     Running search (release).
INFO     search stdin: output.sas
INFO     search time limit: 59s
INFO     search memory limit: 3584 MB
INFO     search command line string: /home/valdrin/downward/downward/experiments/hw-vs-nw/data/hwvsnw/code-f1fe84fbb6ea45aba7ff1dfbb1d43a6b08ee9367_e5e41175/builds/release/bin/downward --search 'framework(open=single(eval=blind()), Widthtype=0, width_k=1)' --internal-plan-file sas_plan < output.sas
[t=0.001256s, 9812 KB] reading input...
[t=0.001634s, 9812 KB] done reading input!
[t=0.004220s, 10068 KB] Initializing blind search heuristic...
[t=0.004220s, 10068 KB] Building successor generator...done!
[t=0.004220s, 10068 KB] peak memory difference for successor generator creation: 0 KB
[t=0.004220s, 10068 KB] time for successor generation creation: 0.000000s
[t=0.004220s, 10068 KB] Variables: 9
[t=0.004220s, 10068 KB] FactPairs: 30
[t=0.004220s, 10068 KB] Bytes per state: 4
[t=0.004220s, 10068 KB] Conducting width-based search without reopening closed nodes, (real) bound = 2147483647
[t=0.004220s, 10068 KB] Initial heuristic value for blind: 1
[t=0.004220s, 10068 KB] [GEN] 010001444 (parent: 400000444)
[t=0.004220s, 10068 KB] [GEN] 401001044 (parent: 400000444)
[t=0.004220s, 10068 KB] [GEN] 400101404 (parent: 400000444)
[t=0.004220s, 10068 KB] [GEN] 400011440 (parent: 400000444)
[t=0.004220s, 10068 KB] Couldn't find a solution with width_k = 1
[t=0.004220s, 10068 KB] Restarting search with increased width_k = 2
[t=0.004220s, 10068 KB] Conducting width-based search without reopening closed nodes, (real) bound = 2147483647
[t=0.004220s, 10068 KB] Initial heuristic value for blind: 1
[t=0.004220s, 10068 KB] [GEN] 010001444 (parent: 400000444)
[t=0.004220s, 10068 KB] [GEN] 401001044 (parent: 400000444)
[t=0.004220s, 10068 KB] [GEN] 400101404 (parent: 400000444)
[t=0.004220s, 10068 KB] [GEN] 400011440 (parent: 400000444)
[t=0.004220s, 10068 KB] Couldn't find a solution with width_k = 2
[t=0.004220s, 10068 KB] Restarting search with increased width_k = 3
[t=0.004220s, 10068 KB] Conducting width-based search without reopening closed nodes, (real) bound = 2147483647
[t=0.004220s, 10068 KB] Initial heuristic value for blind: 1
[t=0.004220s, 10068 KB] [GEN] 010001444 (parent: 400000444)
[t=0.004984s, 10068 KB] [GEN] 401001044 (parent: 400000444)
[t=0.004984s, 10068 KB] [GEN] 400101404 (parent: 400000444)
[t=0.004984s, 10068 KB] [GEN] 400011440 (parent: 400000444)
[t=0.004984s, 10068 KB] [GEN] 400000444 (parent: 010001444)
[t=0.004984s, 10068 KB] [GEN] 101000444 (parent: 010001444)
[t=0.004984s, 10068 KB] [GEN] 200100444 (parent: 010001444)
[t=0.004984s, 10068 KB] [GEN] 300010444 (parent: 010001444)
[t=0.004984s, 10068 KB] [GEN] 410000144 (parent: 401001044)
[t=0.004984s, 10068 KB] [GEN] 400100244 (parent: 401001044)
[t=0.004984s, 10068 KB] [GEN] 400010344 (parent: 401001044)
[t=0.004984s, 10068 KB] [GEN] 400000444 (parent: 401001044)
[t=0.004984s, 10068 KB] [GEN] 410000414 (parent: 400101404)
[t=0.004984s, 10068 KB] [GEN] 401000424 (parent: 400101404)
[t=0.004984s, 10068 KB] [GEN] 400010434 (parent: 400101404)
[t=0.004984s, 10068 KB] [GEN] 400000444 (parent: 400101404)
[t=0.005177s, 10068 KB] [GEN] 410000441 (parent: 400011440)
[t=0.005177s, 10068 KB] [GEN] 401000442 (parent: 400011440)
[t=0.005177s, 10068 KB] [GEN] 400100443 (parent: 400011440)
[t=0.005177s, 10068 KB] [GEN] 400000444 (parent: 400011440)
[t=0.005177s, 10068 KB] [GEN] 010001444 (parent: 101000444)
[t=0.005177s, 10068 KB] [GEN] 101101404 (parent: 101000444)
[t=0.005177s, 10068 KB] [GEN] 101011440 (parent: 101000444)
[t=0.005177s, 10068 KB] [GEN] 010001444 (parent: 200100444)
[t=0.005177s, 10068 KB] [GEN] 201101044 (parent: 200100444)
[t=0.005177s, 10068 KB] [GEN] 200111440 (parent: 200100444)
[t=0.005177s, 10068 KB] [GEN] 010001444 (parent: 300010444)
[t=0.005177s, 10068 KB] [GEN] 301011044 (parent: 300010444)
[t=0.005177s, 10068 KB] [GEN] 300111404 (parent: 300010444)
[t=0.005177s, 10068 KB] [GEN] 401001044 (parent: 410000144)
[t=0.005177s, 10068 KB] [GEN] 410101104 (parent: 410000144)
[t=0.005177s, 10068 KB] [GEN] 410011140 (parent: 410000144)
[t=0.005177s, 10068 KB] [GEN] 010101244 (parent: 400100244)
[t=0.005177s, 10068 KB] [GEN] 401001044 (parent: 400100244)
[t=0.005177s, 10068 KB] [GEN] 400111240 (parent: 400100244)
[t=0.005177s, 10068 KB] [GEN] 010011344 (parent: 400010344)
[t=0.005177s, 10068 KB] [GEN] 401001044 (parent: 400010344)
[t=0.005177s, 10068 KB] [GEN] 400111304 (parent: 400010344)
[t=0.005177s, 10068 KB] [GEN] 010001444 (parent: 400000444)
[t=0.005177s, 10068 KB] [GEN] 401001044 (parent: 400000444)
[t=0.005177s, 10068 KB] [GEN] 400101404 (parent: 400000444)
[t=0.005177s, 10068 KB] [GEN] 400011440 (parent: 400000444)
[t=0.005177s, 10068 KB] [GEN] 411001014 (parent: 410000414)
[t=0.005177s, 10068 KB] [GEN] 400101404 (parent: 410000414)
[t=0.005177s, 10068 KB] [GEN] 410011410 (parent: 410000414)
[t=0.005177s, 10068 KB] [GEN] 411001041 (parent: 410000441)
[t=0.005177s, 10068 KB] [GEN] 410101401 (parent: 410000441)
[t=0.005415s, 10068 KB] [GEN] 400011440 (parent: 410000441)
[t=0.005415s, 10068 KB] [GEN] 400000444 (parent: 010001444)
[t=0.005415s, 10068 KB] [GEN] 101000444 (parent: 010001444)
[t=0.005415s, 10068 KB] [GEN] 200100444 (parent: 010001444)
[t=0.005415s, 10068 KB] [GEN] 300010444 (parent: 010001444)
[t=0.005415s, 10068 KB] [GEN] 411000124 (parent: 410101104)
[t=0.005415s, 10068 KB] [GEN] 410010134 (parent: 410101104)
[t=0.005415s, 10068 KB] [GEN] 410000144 (parent: 410101104)
[t=0.005415s, 10068 KB] [GEN] 411000142 (parent: 410011140)
[t=0.005415s, 10068 KB] [GEN] 410100143 (parent: 410011140)
[t=0.005415s, 10068 KB] [GEN] 410000144 (parent: 410011140)
[t=0.005415s, 10068 KB] [GEN] 410101104 (parent: 411000124)
[t=0.005561s, 10068 KB] [GEN] 411011120 (parent: 411000124)
[t=0.005561s, 10068 KB] [GEN] 401011034 (parent: 410010134)
[t=0.005576s, 10068 KB] [GEN] 410101104 (parent: 410010134)
[t=0.005576s, 10068 KB] [GEN] 401001044 (parent: 410000144)
[t=0.005576s, 10068 KB] [GEN] 410101104 (parent: 410000144)
[t=0.005576s, 10068 KB] [GEN] 410011140 (parent: 410000144)
[t=0.005576s, 10068 KB] [GEN] 411101102 (parent: 411000142)
[t=0.005576s, 10068 KB] [GEN] 410011140 (parent: 411000142)
[t=0.005576s, 10068 KB] [GEN] 411100123 (parent: 411011120)
[t=0.005576s, 10068 KB] Solution found!
[t=0.005576s, 10068 KB] Found a solution with width_k = 3
[t=0.005576s, 10068 KB] Actual search time: 0.001357s
pick-up b (1)
stack b a (1)
pick-up c (1)
stack c b (1)
pick-up d (1)
stack d c (1)
[t=0.005576s, 10068 KB] Plan length: 6 step(s).
[t=0.005576s, 10068 KB] Plan cost: 6
[t=0.005576s, 10068 KB] Expanded 0 state(s).
[t=0.005576s, 10068 KB] Reopened 0 state(s).
[t=0.005576s, 10068 KB] Evaluated 24 state(s).
[t=0.005576s, 10068 KB] Evaluations: 19
[t=0.005576s, 10068 KB] Generated 76 state(s).
[t=0.005576s, 10068 KB] Dead ends: 0 state(s).
[t=0.005576s, 10068 KB] Number of registered states: 41
[t=0.005576s, 10068 KB] Int hash set load factor: 41/64 = 0.640625
[t=0.005576s, 10068 KB] Int hash set resizes: 6
[t=0.005576s, 10068 KB] Search time: 0.001357s
[t=0.005576s, 10068 KB] Total time: 0.005576s
Solution found.
Peak memory: 10068 KB
Remove intermediate file output.sas
search exit code: 0

INFO     Planner time: 0.29s
