INFO     planner time limit: 600s
INFO     planner memory limit: 3584 MB

INFO     Running translator.
INFO     translator stdin: None
INFO     translator time limit: 599s
INFO     translator memory limit: 3584 MB
INFO     translator command line string: /home/valdrin/downward/downward/experiments/hw-vs-nw/.venv/bin/python /home/valdrin/downward/downward/experiments/hw-vs-nw/data/hwvsnw/code-8cfc3cd96b43071d367ea402fd9dfee6c82d71a7_e5e41175/builds/release/bin/translate/translate.py domain.pddl problem.pddl --sas-file output.sas
Parsing...
Parsing: [0.000s CPU, 0.014s wall-clock]
Normalizing task... [0.000s CPU, 0.000s wall-clock]
Instantiating...
Generating Datalog program... [0.000s CPU, 0.004s wall-clock]
Normalizing Datalog program...
Normalizing Datalog program: [0.010s CPU, 0.007s wall-clock]
Preparing model... [0.000s CPU, 0.001s wall-clock]
Generated 51 rules.
Computing model... [0.010s CPU, 0.005s wall-clock]
184 relevant atoms
237 auxiliary atoms
421 final queue length
466 total queue pushes
Completing instantiation... [0.000s CPU, 0.001s wall-clock]
Instantiating: [0.020s CPU, 0.018s wall-clock]
Computing fact groups...
Finding invariants...
6 initial candidates
Finding invariants: [0.000s CPU, 0.001s wall-clock]
Checking invariant weight... [0.000s CPU, 0.000s wall-clock]
Instantiating groups... [0.000s CPU, 0.000s wall-clock]
Collecting mutex groups... [0.000s CPU, 0.000s wall-clock]
Choosing groups...
0 uncovered facts
Choosing groups: [0.000s CPU, 0.000s wall-clock]
Building translation key... [0.000s CPU, 0.000s wall-clock]
Computing fact groups: [0.000s CPU, 0.002s wall-clock]
Building STRIPS to SAS dictionary... [0.000s CPU, 0.000s wall-clock]
Building dictionary for full mutex groups... [0.000s CPU, 0.000s wall-clock]
Building mutex information...
Building mutex information: [0.000s CPU, 0.000s wall-clock]
Translating task...
Processing axioms...
Simplifying axioms... [0.000s CPU, 0.000s wall-clock]
Translator axioms removed by simplifying: 0
Processing axioms: [0.000s CPU, 0.000s wall-clock]
Translating task: [0.000s CPU, 0.002s wall-clock]
0 effect conditions simplified
0 implied preconditions added
Detecting unreachable propositions...
0 operators removed
0 axioms removed
9 propositions removed
Detecting unreachable propositions: [0.000s CPU, 0.001s wall-clock]
Reordering and filtering variables...
7 of 9 variables necessary.
0 of 9 mutex groups necessary.
54 of 78 operators necessary.
0 of 0 axiom rules necessary.
Reordering and filtering variables: [0.000s CPU, 0.000s wall-clock]
Translator variables: 7
Translator derived variables: 0
Translator facts: 34
Translator goal facts: 4
Translator mutex groups: 0
Translator total mutex groups size: 0
Translator operators: 54
Translator axioms: 0
Translator task size: 255
Translator peak memory: 35136 KB
Writing output... [0.000s CPU, 0.000s wall-clock]
Done! [0.020s CPU, 0.038s wall-clock]
translate exit code: 0

INFO     Running search (release).
INFO     search stdin: output.sas
INFO     search time limit: 599s
INFO     search memory limit: 3584 MB
INFO     search command line string: /home/valdrin/downward/downward/experiments/hw-vs-nw/data/hwvsnw/code-8cfc3cd96b43071d367ea402fd9dfee6c82d71a7_e5e41175/builds/release/bin/downward --search 'framework(open=single(eval=blind()), Widthtype=1, width_k=1)' --internal-plan-file sas_plan < output.sas
[t=0.001012s, 9792 KB] reading input...
[t=0.002278s, 9792 KB] done reading input!
[t=0.005950s, 10048 KB] Initializing blind search heuristic...
[t=0.006105s, 10048 KB] Building successor generator...done!
[t=0.006174s, 10048 KB] peak memory difference for successor generator creation: 0 KB
[t=0.006197s, 10048 KB] time for successor generation creation: 0.000000s
[t=0.006207s, 10048 KB] Variables: 7
[t=0.006218s, 10048 KB] FactPairs: 34
[t=0.006226s, 10048 KB] Bytes per state: 4
[t=0.006246s, 10048 KB] Conducting width-based search without reopening closed nodes, (real) bound = 2147483647
[t=0.006280s, 10048 KB] HELLOO: 
[t=0.006303s, 10048 KB] Couldn't find a solution with width_k = 1
[t=0.006354s, 10048 KB] Restarting search with increased width_k = 2
[t=0.006363s, 10048 KB] Conducting width-based search without reopening closed nodes, (real) bound = 2147483647
[t=0.006387s, 10048 KB] HELLOO: 
[t=0.010778s, 10048 KB] Couldn't find a solution with width_k = 2
[t=0.011112s, 10048 KB] Restarting search with increased width_k = 3
[t=0.011123s, 10048 KB] Conducting width-based search without reopening closed nodes, (real) bound = 2147483647
[t=0.011132s, 10048 KB] HELLOO: 
[t=0.616778s, 10328 KB] Couldn't find a solution with width_k = 3
[t=0.616986s, 10328 KB] Restarting search with increased width_k = 4
[t=0.617005s, 10328 KB] Conducting width-based search without reopening closed nodes, (real) bound = 2147483647
[t=0.617015s, 10328 KB] HELLOO: 
[t=17.363637s, 11116 KB] Couldn't find a solution with width_k = 4
[t=17.363637s, 11116 KB] Restarting search with increased width_k = 5
[t=17.363637s, 11116 KB] Conducting width-based search without reopening closed nodes, (real) bound = 2147483647
[t=17.363637s, 11116 KB] HELLOO: 
[t=59.545031s, 12284 KB] Solution found!
[t=59.545031s, 12284 KB] Found a solution with width_k = 5
[t=59.545031s, 12284 KB] Actual search time: 59.538728s
[t=59.545031s, 12284 KB] Plan length: 0 step(s).
[t=59.545031s, 12284 KB] Plan cost: 0
[t=59.545031s, 12284 KB] Expanded 16713 state(s).
[t=59.545031s, 12284 KB] Reopened 0 state(s).
[t=59.545031s, 12284 KB] Evaluated 17600 state(s).
[t=59.545031s, 12284 KB] Evaluations: 10681
[t=59.545031s, 12284 KB] Generated 107930 state(s).
[t=59.545031s, 12284 KB] Dead ends: 0 state(s).
[t=59.545031s, 12284 KB] Number of registered states: 14166
[t=59.545031s, 12284 KB] Int hash set load factor: 14166/16384 = 0.864624
[t=59.545031s, 12284 KB] Int hash set resizes: 14
[t=59.545031s, 12284 KB] Search time: 59.538786s
[t=59.545031s, 12284 KB] Total time: 59.545031s
Solution found.
Peak memory: 12284 KB
Remove intermediate file output.sas
search exit code: 0

INFO     Planner time: 59.82s
