INFO     planner time limit: 1800s
INFO     planner memory limit: 3584 MB

INFO     Running translator.
INFO     translator stdin: None
INFO     translator time limit: 1799s
INFO     translator memory limit: 3584 MB
INFO     translator command line string: /scicore/soft/easybuild/apps/Python/3.11.5-GCCcore-13.2.0/bin/python3 /infai/sherem0000/projects/Bachelor_Novelty_Hamming/experiments/hw-vs-nw/data/hwvsnw/code-fefcf272623fb3c3676766dff98f22c88de74ae1_e5e41175/builds/release/bin/translate/translate.py domain.pddl problem.pddl --sas-file output.sas
Parsing...
Parsing: [0.000s CPU, 0.004s wall-clock]
Normalizing task... [0.000s CPU, 0.000s wall-clock]
Instantiating...
Generating Datalog program... [0.000s CPU, 0.000s wall-clock]
Normalizing Datalog program...
Normalizing Datalog program: [0.000s CPU, 0.002s wall-clock]
Preparing model... [0.000s CPU, 0.001s wall-clock]
Generated 34 rules.
Computing model... [0.000s CPU, 0.002s wall-clock]
241 relevant atoms
95 auxiliary atoms
336 final queue length
516 total queue pushes
Completing instantiation... [0.000s CPU, 0.002s wall-clock]
Instantiating: [0.000s CPU, 0.007s wall-clock]
Computing fact groups...
Finding invariants...
13 initial candidates
Finding invariants: [0.010s CPU, 0.002s wall-clock]
Checking invariant weight... [0.000s CPU, 0.000s wall-clock]
Instantiating groups... [0.000s CPU, 0.000s wall-clock]
Collecting mutex groups... [0.000s CPU, 0.000s wall-clock]
Choosing groups...
15 uncovered facts
Choosing groups: [0.000s CPU, 0.000s wall-clock]
Building translation key... [0.000s CPU, 0.000s wall-clock]
Computing fact groups: [0.010s CPU, 0.002s wall-clock]
Building STRIPS to SAS dictionary... [0.000s CPU, 0.000s wall-clock]
Building dictionary for full mutex groups... [0.000s CPU, 0.000s wall-clock]
Building mutex information...
Building mutex information: [0.000s CPU, 0.000s wall-clock]
Translating task...
Processing axioms...
Simplifying axioms... [0.000s CPU, 0.000s wall-clock]
Translator axioms removed by simplifying: 0
Processing axioms: [0.000s CPU, 0.001s wall-clock]
Translating task: [0.000s CPU, 0.004s wall-clock]
0 effect conditions simplified
0 implied preconditions added
Detecting unreachable propositions...
0 operators removed
10 axioms removed
7 propositions removed
Detecting unreachable propositions: [0.000s CPU, 0.002s wall-clock]
Reordering and filtering variables...
22 of 22 variables necessary.
0 of 12 mutex groups necessary.
115 of 115 operators necessary.
30 of 30 axiom rules necessary.
Reordering and filtering variables: [0.000s CPU, 0.001s wall-clock]
Translator variables: 22
Translator derived variables: 10
Translator facts: 57
Translator goal facts: 5
Translator mutex groups: 0
Translator total mutex groups size: 0
Translator operators: 115
Translator axioms: 30
Translator task size: 764
Translator peak memory: 34080 KB
Writing output... [0.000s CPU, 0.003s wall-clock]
Done! [0.010s CPU, 0.023s wall-clock]
translate exit code: 0

INFO     Running search (release).
INFO     search stdin: output.sas
INFO     search time limit: 1799s
INFO     search memory limit: 3584 MB
INFO     search command line string: /infai/sherem0000/projects/Bachelor_Novelty_Hamming/experiments/hw-vs-nw/data/hwvsnw/code-fefcf272623fb3c3676766dff98f22c88de74ae1_e5e41175/builds/release/bin/downward --search 'framework(open=single(eval=blind()), Widthtype=2, width_k=1)' --internal-plan-file sas_plan < output.sas
[t=0.000000s, 10384 KB] reading input...
[t=0.000000s, 10384 KB] done reading input!
[t=0.004001s, 10772 KB] Initializing blind search heuristic...
[t=0.004001s, 10772 KB] Building successor generator...done!
[t=0.004001s, 10772 KB] peak memory difference for successor generator creation: 0 KB
[t=0.004001s, 10772 KB] time for successor generation creation: 0.000000s
[t=0.004001s, 10772 KB] Variables: 22
[t=0.004001s, 10772 KB] FactPairs: 57
[t=0.004001s, 10772 KB] Bytes per state: 4
[t=0.004001s, 10772 KB] Conducting width-based search without reopening closed nodes, (real) bound = 2147483647
[t=0.004001s, 10772 KB] Initial heuristic value for blind: 1
[t=0.004001s, 10772 KB] Couldn't find a solution with width_k = 1
[t=0.004001s, 10772 KB] Restarting search with increased width_k = 2
[t=0.004001s, 10772 KB] Conducting width-based search without reopening closed nodes, (real) bound = 2147483647
[t=0.004001s, 10772 KB] Initial heuristic value for blind: 1
[t=0.027911s, 10772 KB] Couldn't find a solution with width_k = 2
[t=0.027911s, 10772 KB] Restarting search with increased width_k = 3
[t=0.027911s, 10772 KB] Conducting width-based search without reopening closed nodes, (real) bound = 2147483647
[t=0.027911s, 10904 KB] Initial heuristic value for blind: 1
[t=2.239793s, 11256 KB] Couldn't find a solution with width_k = 3
[t=2.239793s, 11256 KB] Restarting search with increased width_k = 4
[t=2.239793s, 11256 KB] Conducting width-based search without reopening closed nodes, (real) bound = 2147483647
[t=2.279790s, 11616 KB] Initial heuristic value for blind: 1
[t=265.272571s, 19124 KB] Couldn't find a solution with width_k = 4
[t=265.272571s, 19124 KB] Restarting search with increased width_k = 5
[t=265.272571s, 19124 KB] Conducting width-based search without reopening closed nodes, (real) bound = 2147483647
[t=266.132522s, 19124 KB] Initial heuristic value for blind: 1
Peak memory: 31780 KB
caught signal 24 -- exiting
Time limit has been reached.
Remove intermediate file output.sas
search exit code: 23

Driver aborting after search
INFO     Planner time: 1799.08s
