INFO     planner time limit: 1800s
INFO     planner memory limit: 3584 MB

INFO     Running translator.
INFO     translator stdin: None
INFO     translator time limit: 1799s
INFO     translator memory limit: 3584 MB
INFO     translator command line string: /scicore/soft/easybuild/apps/Python/3.11.5-GCCcore-13.2.0/bin/python3 /infai/sherem0000/projects/Bachelor_Novelty_Hamming/experiments/hw-vs-nw/data/hwvsnw/code-fefcf272623fb3c3676766dff98f22c88de74ae1_e5e41175/builds/release/bin/translate/translate.py domain.pddl problem.pddl --sas-file output.sas
Parsing...
Parsing: [0.000s CPU, 0.005s wall-clock]
Normalizing task... [0.000s CPU, 0.000s wall-clock]
Instantiating...
Generating Datalog program... [0.000s CPU, 0.000s wall-clock]
Normalizing Datalog program...
Normalizing Datalog program: [0.000s CPU, 0.003s wall-clock]
Preparing model... [0.010s CPU, 0.001s wall-clock]
Generated 21 rules.
Computing model... [0.000s CPU, 0.005s wall-clock]
308 relevant atoms
207 auxiliary atoms
515 final queue length
859 total queue pushes
Completing instantiation... [0.010s CPU, 0.006s wall-clock]
Instantiating: [0.020s CPU, 0.015s wall-clock]
Computing fact groups...
Finding invariants...
10 initial candidates
Finding invariants: [0.000s CPU, 0.003s wall-clock]
Checking invariant weight... [0.000s CPU, 0.000s wall-clock]
Instantiating groups... [0.000s CPU, 0.000s wall-clock]
Collecting mutex groups... [0.000s CPU, 0.000s wall-clock]
Choosing groups...
10 uncovered facts
Choosing groups: [0.000s CPU, 0.000s wall-clock]
Building translation key... [0.000s CPU, 0.000s wall-clock]
Computing fact groups: [0.000s CPU, 0.004s wall-clock]
Building STRIPS to SAS dictionary... [0.000s CPU, 0.000s wall-clock]
Building dictionary for full mutex groups... [0.000s CPU, 0.001s wall-clock]
Building mutex information...
Building mutex information: [0.000s CPU, 0.000s wall-clock]
Translating task...
Processing axioms...
Simplifying axioms... [0.000s CPU, 0.000s wall-clock]
Translator axioms removed by simplifying: 0
Processing axioms: [0.000s CPU, 0.000s wall-clock]
Translating task: [0.010s CPU, 0.006s wall-clock]
234 effect conditions simplified
0 implied preconditions added
Detecting unreachable propositions...
0 operators removed
0 axioms removed
18 propositions removed
Detecting unreachable propositions: [0.000s CPU, 0.003s wall-clock]
Reordering and filtering variables...
19 of 19 variables necessary.
10 of 19 mutex groups necessary.
162 of 162 operators necessary.
0 of 0 axiom rules necessary.
Reordering and filtering variables: [0.000s CPU, 0.002s wall-clock]
Translator variables: 19
Translator derived variables: 0
Translator facts: 110
Translator goal facts: 8
Translator mutex groups: 10
Translator total mutex groups size: 100
Translator operators: 162
Translator axioms: 0
Translator task size: 1425
Translator peak memory: 35104 KB
Writing output... [0.010s CPU, 0.003s wall-clock]
Done! [0.040s CPU, 0.040s wall-clock]
translate exit code: 0

INFO     Running search (release).
INFO     search stdin: output.sas
INFO     search time limit: 1799s
INFO     search memory limit: 3584 MB
INFO     search command line string: /infai/sherem0000/projects/Bachelor_Novelty_Hamming/experiments/hw-vs-nw/data/hwvsnw/code-fefcf272623fb3c3676766dff98f22c88de74ae1_e5e41175/builds/release/bin/downward --search 'framework(open=single(eval=blind()), Widthtype=0, width_k=1)' --internal-plan-file sas_plan < output.sas
[t=0.000000s, 10384 KB] reading input...
[t=0.003998s, 10384 KB] done reading input!
[t=0.008049s, 10772 KB] Initializing blind search heuristic...
[t=0.008049s, 10772 KB] Building successor generator...done!
[t=0.008049s, 10772 KB] peak memory difference for successor generator creation: 0 KB
[t=0.008049s, 10772 KB] time for successor generation creation: 0.000000s
[t=0.008049s, 10772 KB] Variables: 19
[t=0.008049s, 10772 KB] FactPairs: 110
[t=0.008049s, 10772 KB] Bytes per state: 8
[t=0.008049s, 10772 KB] Conducting width-based search without reopening closed nodes, (real) bound = 2147483647
[t=0.008049s, 10772 KB] Initial heuristic value for blind: 1
[t=0.008049s, 10772 KB] Couldn't find a solution with width_k = 1
[t=0.008049s, 10772 KB] Restarting search with increased width_k = 2
[t=0.008049s, 10772 KB] Conducting width-based search without reopening closed nodes, (real) bound = 2147483647
[t=0.008049s, 10772 KB] Initial heuristic value for blind: 1
[t=0.008049s, 10772 KB] Couldn't find a solution with width_k = 2
[t=0.008049s, 10772 KB] Restarting search with increased width_k = 3
[t=0.008049s, 10772 KB] Conducting width-based search without reopening closed nodes, (real) bound = 2147483647
[t=0.008049s, 10772 KB] Initial heuristic value for blind: 1
[t=0.008049s, 10772 KB] Couldn't find a solution with width_k = 3
[t=0.008049s, 10772 KB] Restarting search with increased width_k = 4
[t=0.008049s, 10772 KB] Conducting width-based search without reopening closed nodes, (real) bound = 2147483647
[t=0.008049s, 10772 KB] Initial heuristic value for blind: 1
[t=0.008049s, 10772 KB] Couldn't find a solution with width_k = 4
[t=0.008049s, 10772 KB] Restarting search with increased width_k = 5
[t=0.008049s, 10772 KB] Conducting width-based search without reopening closed nodes, (real) bound = 2147483647
[t=0.008049s, 10772 KB] Initial heuristic value for blind: 1
[t=0.008049s, 10772 KB] Couldn't find a solution with width_k = 5
[t=0.008049s, 10772 KB] Restarting search with increased width_k = 6
[t=0.008049s, 10772 KB] Conducting width-based search without reopening closed nodes, (real) bound = 2147483647
[t=0.008049s, 10772 KB] Initial heuristic value for blind: 1
[t=0.039920s, 11088 KB] Couldn't find a solution with width_k = 6
[t=0.039920s, 11088 KB] Restarting search with increased width_k = 7
[t=0.039920s, 11088 KB] Conducting width-based search without reopening closed nodes, (real) bound = 2147483647
[t=0.039920s, 11088 KB] Initial heuristic value for blind: 1
[t=0.143916s, 11880 KB] Couldn't find a solution with width_k = 7
[t=0.143916s, 11880 KB] Restarting search with increased width_k = 8
[t=0.143916s, 11880 KB] Conducting width-based search without reopening closed nodes, (real) bound = 2147483647
[t=0.143916s, 11880 KB] Initial heuristic value for blind: 1
[t=7.367422s, 19152 KB] Solution found!
[t=7.367422s, 19152 KB] Found a solution with width_k = 8
[t=7.367422s, 19152 KB] Actual search time: 7.359373s
unstack h a (1)
put-down h (1)
unstack a d (1)
put-down a (1)
unstack d e (1)
put-down d (1)
pick-up h (1)
stack h d (1)
unstack e c (1)
put-down e (1)
unstack c i (1)
stack c a (1)
unstack i b (1)
put-down i (1)
unstack b g (1)
stack b c (1)
pick-up g (1)
stack g h (1)
pick-up f (1)
stack f g (1)
pick-up e (1)
stack e b (1)
pick-up i (1)
stack i e (1)
unstack f g (1)
put-down f (1)
unstack g h (1)
put-down g (1)
unstack h d (1)
stack h g (1)
pick-up d (1)
stack d i (1)
unstack h g (1)
stack h d (1)
pick-up g (1)
stack g h (1)
pick-up f (1)
stack f g (1)
[t=7.367422s, 19152 KB] Plan length: 38 step(s).
[t=7.367422s, 19152 KB] Plan cost: 38
[t=7.367422s, 19152 KB] Expanded 0 state(s).
[t=7.367422s, 19152 KB] Reopened 0 state(s).
[t=7.367422s, 19152 KB] Evaluated 93556 state(s).
[t=7.367422s, 19152 KB] Evaluations: 60149
[t=7.367422s, 19152 KB] Generated 367195 state(s).
[t=7.367422s, 19152 KB] Dead ends: 0 state(s).
[t=7.367422s, 19152 KB] Number of registered states: 131958
[t=7.367422s, 19152 KB] Int hash set load factor: 131958/262144 = 0.503380
[t=7.367422s, 19152 KB] Int hash set resizes: 18
[t=7.367422s, 19152 KB] Search time: 7.359373s
[t=7.367422s, 19152 KB] Total time: 7.367422s
Solution found.
Peak memory: 19152 KB
Remove intermediate file output.sas
search exit code: 0

INFO     Running validate.
INFO     validate stdin: None
INFO     validate time limit: None
INFO     validate memory limit: None
INFO     validate command line string: /infai/sherem0000/bin/validate domain.pddl problem.pddl sas_plan
Checking plan: sas_plan
Plan executed successfully - checking goal
Plan valid
Final value: 38 

Successful plans:
Value: 38
 sas_plan 38 

validate exit code: 0

INFO     Planner time: 7.65s
