INFO     planner time limit: 1800s
INFO     planner memory limit: 3584 MB

INFO     Running translator.
INFO     translator stdin: None
INFO     translator time limit: 1799s
INFO     translator memory limit: 3584 MB
INFO     translator command line string: /scicore/soft/easybuild/apps/Python/3.11.5-GCCcore-13.2.0/bin/python3 /infai/sherem0000/projects/Bachelor_Novelty_Hamming/experiments/hw-vs-nw/data/hwvsnw/code-fefcf272623fb3c3676766dff98f22c88de74ae1_e5e41175/builds/release/bin/translate/translate.py domain.pddl problem.pddl --sas-file output.sas
Parsing...
Parsing: [0.000s CPU, 0.003s wall-clock]
Normalizing task... [0.000s CPU, 0.000s wall-clock]
Instantiating...
Generating Datalog program... [0.010s CPU, 0.000s wall-clock]
Normalizing Datalog program...
Normalizing Datalog program: [0.000s CPU, 0.002s wall-clock]
Preparing model... [0.000s CPU, 0.000s wall-clock]
Generated 21 rules.
Computing model... [0.000s CPU, 0.001s wall-clock]
78 relevant atoms
52 auxiliary atoms
130 final queue length
203 total queue pushes
Completing instantiation... [0.000s CPU, 0.001s wall-clock]
Instantiating: [0.010s CPU, 0.004s wall-clock]
Computing fact groups...
Finding invariants...
10 initial candidates
Finding invariants: [0.000s CPU, 0.002s wall-clock]
Checking invariant weight... [0.000s CPU, 0.000s wall-clock]
Instantiating groups... [0.000s CPU, 0.000s wall-clock]
Collecting mutex groups... [0.000s CPU, 0.000s wall-clock]
Choosing groups...
5 uncovered facts
Choosing groups: [0.000s CPU, 0.000s wall-clock]
Building translation key... [0.000s CPU, 0.000s wall-clock]
Computing fact groups: [0.000s CPU, 0.003s wall-clock]
Building STRIPS to SAS dictionary... [0.000s CPU, 0.000s wall-clock]
Building dictionary for full mutex groups... [0.000s CPU, 0.000s wall-clock]
Building mutex information...
Building mutex information: [0.000s CPU, 0.000s wall-clock]
Translating task...
Processing axioms...
Simplifying axioms... [0.000s CPU, 0.000s wall-clock]
Translator axioms removed by simplifying: 0
Processing axioms: [0.000s CPU, 0.000s wall-clock]
Translating task: [0.000s CPU, 0.001s wall-clock]
44 effect conditions simplified
0 implied preconditions added
Detecting unreachable propositions...
0 operators removed
0 axioms removed
8 propositions removed
Detecting unreachable propositions: [0.000s CPU, 0.001s wall-clock]
Reordering and filtering variables...
9 of 9 variables necessary.
5 of 9 mutex groups necessary.
32 of 32 operators necessary.
0 of 0 axiom rules necessary.
Reordering and filtering variables: [0.000s CPU, 0.001s wall-clock]
Translator variables: 9
Translator derived variables: 0
Translator facts: 30
Translator goal facts: 3
Translator mutex groups: 5
Translator total mutex groups size: 25
Translator operators: 32
Translator axioms: 0
Translator task size: 295
Translator peak memory: 34080 KB
Writing output... [0.000s CPU, 0.002s wall-clock]
Done! [0.010s CPU, 0.016s wall-clock]
translate exit code: 0

INFO     Running search (release).
INFO     search stdin: output.sas
INFO     search time limit: 1799s
INFO     search memory limit: 3584 MB
INFO     search command line string: /infai/sherem0000/projects/Bachelor_Novelty_Hamming/experiments/hw-vs-nw/data/hwvsnw/code-fefcf272623fb3c3676766dff98f22c88de74ae1_e5e41175/builds/release/bin/downward --search 'framework(open=single(eval=blind()), Widthtype=1, width_k=1)' --internal-plan-file sas_plan < output.sas
[t=0.000000s, 10384 KB] reading input...
[t=0.003998s, 10384 KB] done reading input!
[t=0.003998s, 10640 KB] Initializing blind search heuristic...
[t=0.003998s, 10640 KB] Building successor generator...done!
[t=0.003998s, 10640 KB] peak memory difference for successor generator creation: 0 KB
[t=0.003998s, 10640 KB] time for successor generation creation: 0.000000s
[t=0.003998s, 10640 KB] Variables: 9
[t=0.003998s, 10640 KB] FactPairs: 30
[t=0.003998s, 10640 KB] Bytes per state: 4
[t=0.003998s, 10640 KB] Conducting width-based search without reopening closed nodes, (real) bound = 2147483647
[t=0.003998s, 10640 KB] Initial heuristic value for blind: 1
[t=0.003998s, 10640 KB] Couldn't find a solution with width_k = 1
[t=0.007998s, 10640 KB] Restarting search with increased width_k = 2
[t=0.007998s, 10640 KB] Conducting width-based search without reopening closed nodes, (real) bound = 2147483647
[t=0.007998s, 10640 KB] Initial heuristic value for blind: 1
[t=0.011998s, 10640 KB] Couldn't find a solution with width_k = 2
[t=0.011998s, 10640 KB] Restarting search with increased width_k = 3
[t=0.011998s, 10640 KB] Conducting width-based search without reopening closed nodes, (real) bound = 2147483647
[t=0.011998s, 10640 KB] Initial heuristic value for blind: 1
[t=0.047944s, 10780 KB] Solution found!
[t=0.047944s, 10780 KB] Found a solution with width_k = 3
[t=0.047944s, 10780 KB] Actual search time: 0.043946s
unstack b c (1)
put-down b (1)
unstack c a (1)
put-down c (1)
unstack a d (1)
stack a b (1)
pick-up c (1)
stack c a (1)
pick-up d (1)
stack d c (1)
[t=0.047944s, 10780 KB] Plan length: 10 step(s).
[t=0.047944s, 10780 KB] Plan cost: 10
[t=0.047944s, 10780 KB] Expanded 0 state(s).
[t=0.047944s, 10780 KB] Reopened 0 state(s).
[t=0.047944s, 10780 KB] Evaluated 166 state(s).
[t=0.047944s, 10780 KB] Evaluations: 89
[t=0.047944s, 10780 KB] Generated 346 state(s).
[t=0.047944s, 10780 KB] Dead ends: 0 state(s).
[t=0.047944s, 10780 KB] Number of registered states: 98
[t=0.047944s, 10780 KB] Int hash set load factor: 98/128 = 0.765625
[t=0.047944s, 10780 KB] Int hash set resizes: 7
[t=0.047944s, 10780 KB] Search time: 0.043946s
[t=0.047944s, 10780 KB] Total time: 0.047944s
Solution found.
Peak memory: 10780 KB
Remove intermediate file output.sas
search exit code: 0

INFO     Running validate.
INFO     validate stdin: None
INFO     validate time limit: None
INFO     validate memory limit: None
INFO     validate command line string: /infai/sherem0000/bin/validate domain.pddl problem.pddl sas_plan
Checking plan: sas_plan
Plan executed successfully - checking goal
Plan valid
Final value: 10 

Successful plans:
Value: 10
 sas_plan 10 

validate exit code: 0

INFO     Planner time: 0.26s
